<?xml version="1.0" encoding="UTF-8"?>
<!-- Generated by org.testng.reporters.JUnitReportReporter -->
<testsuite hostname="DESKTOP-DEB4I2G" name="com.automation.main.TC17929And17941PastCourses" tests="3" failures="0" timestamp="20 Aug 2016 10:10:55 GMT" time="447.852" errors="0">
  <testcase name="test17941" time="61.199" classname="com.automation.main.TC17929And17941PastCourses"/>
  <testcase name="test17944" time="84.679" classname="com.automation.main.TC17929And17941PastCourses"/>
  <testcase name="test17929" time="301.974" classname="com.automation.main.TC17929And17941PastCourses"/>
</testsuite> <!-- com.automation.main.TC17929And17941PastCourses -->
