<?xml version="1.0" encoding="UTF-8"?>
<!-- Generated by org.testng.reporters.JUnitReportReporter -->
<testsuite hostname="QA-2-Win8_1-64" name="com.automation.main.supported_search_sources_admin_anonymous.TC22696ValidateTheFunctionalityOfSpecialCharactersInSearchFieldRecordingLevelLoginAsGUEST" tests="1" failures="0" timestamp="27 Sep 2016 10:37:04 GMT" time="327.713" errors="0">
  <testcase name="test22696" time="327.713" classname="com.automation.main.supported_search_sources_admin_anonymous.TC22696ValidateTheFunctionalityOfSpecialCharactersInSearchFieldRecordingLevelLoginAsGUEST"/>
</testsuite> <!-- com.automation.main.supported_search_sources_admin_anonymous.TC22696ValidateTheFunctionalityOfSpecialCharactersInSearchFieldRecordingLevelLoginAsGUEST -->
