<?xml version="1.0" encoding="UTF-8"?>
<!-- Generated by org.testng.reporters.JUnitReportReporter -->
<testsuite hostname="DESKTOP-DEB4I2G" name="com.automation.main.TC24766VerifyCopyFromPastCourseToActiveCourse" tests="1" failures="0" timestamp="25 Aug 2016 13:08:11 GMT" time="290.203" errors="0">
  <testcase name="test24766" time="290.203" classname="com.automation.main.TC24766VerifyCopyFromPastCourseToActiveCourse"/>
</testsuite> <!-- com.automation.main.TC24766VerifyCopyFromPastCourseToActiveCourse -->
