<?xml version="1.0" encoding="UTF-8"?>
<!-- Generated by org.testng.reporters.JUnitReportReporter -->
<testsuite hostname="QA-2-Win8_1-64" name="com.automation.main.edit_recording_properties.TC1700ValidateChangeRecordingNameFunctionality" tests="1" failures="0" timestamp="2 Nov 2016 08:04:07 GMT" time="81.042" errors="0">
  <testcase name="test17000" time="81.042" classname="com.automation.main.edit_recording_properties.TC1700ValidateChangeRecordingNameFunctionality"/>
</testsuite> <!-- com.automation.main.edit_recording_properties.TC1700ValidateChangeRecordingNameFunctionality -->
