<?xml version="1.0" encoding="UTF-8"?>
<!-- Generated by org.testng.reporters.JUnitReportReporter -->
<testsuite hostname="QA-2-Win8_1-64" name="com.automation.main.TC18841ValidateTheSourceTypeAsChapterKeywordInSearchFieldOnTheCourseLevel" tests="2" failures="0" timestamp="6 Sep 2016 11:32:09 GMT" time="617.019" errors="0">
  <testcase name="loadPage" time="5.209" classname="com.automation.main.TC18841ValidateTheSourceTypeAsChapterKeywordInSearchFieldOnTheCourseLevel"/>
  <testcase name="loginCourses" time="611.810" classname="com.automation.main.TC18841ValidateTheSourceTypeAsChapterKeywordInSearchFieldOnTheCourseLevel"/>
</testsuite> <!-- com.automation.main.TC18841ValidateTheSourceTypeAsChapterKeywordInSearchFieldOnTheCourseLevel -->
