<?xml version="1.0" encoding="UTF-8"?>
<!-- Generated by org.testng.reporters.JUnitReportReporter -->
<testsuite hostname="DESKTOP-DEB4I2G" name="com.automation.main.TestSuitePreSetCopyRecordingsAndPastCourse" tests="1" failures="0" timestamp="29 Aug 2016 11:53:30 GMT" time="829.827" errors="0">
  <testcase name="loginCourses" time="829.827" classname="com.automation.main.TestSuitePreSetCopyRecordingsAndPastCourse"/>
</testsuite> <!-- com.automation.main.TestSuitePreSetCopyRecordingsAndPastCourse -->
