<?xml version="1.0" encoding="UTF-8"?>
<!-- Generated by org.testng.reporters.JUnitReportReporter -->
<testsuite hostname="DESKTOP-DEB4I2G" name="com.automation.main.TC17907TryToMoveFromActiveCourseToPastCourse" tests="2" failures="0" timestamp="23 Aug 2016 10:19:57 GMT" time="23.244" errors="0">
  <testcase name="loginCourses" time="16.889" classname="com.automation.main.TC17907TryToMoveFromActiveCourseToPastCourse"/>
  <testcase name="loadPage" time="6.355" classname="com.automation.main.TC17907TryToMoveFromActiveCourseToPastCourse"/>
</testsuite> <!-- com.automation.main.TC17907TryToMoveFromActiveCourseToPastCourse -->
