<?xml version="1.0" encoding="UTF-8"?>
<!-- Generated by org.testng.reporters.JUnitReportReporter -->
<testsuite hostname="Kosta-W10-64" name="com.automation.main.TC15467CancelTheAdding" tests="1" failures="0" timestamp="23 Mar 2016 10:51:48 GMT" time="66.215" errors="0">
  <testcase name="test15447" time="66.215" classname="com.automation.main.TC15467CancelTheAdding"/>
</testsuite> <!-- com.automation.main.TC15467CancelTheAdding -->
