<?xml version="1.0" encoding="UTF-8"?>
<!-- Generated by org.testng.reporters.JUnitReportReporter -->
<testsuite hostname="QA-2-Win8_1-64" name="com.automation.main.admin_course_view_recording_tasks.TC21993ValidateMoveWindowUI" tests="1" failures="0" timestamp="26 Oct 2016 12:58:54 GMT" time="158.949" errors="0">
  <testcase name="test21993" time="158.949" classname="com.automation.main.admin_course_view_recording_tasks.TC21993ValidateMoveWindowUI"/>
</testsuite> <!-- com.automation.main.admin_course_view_recording_tasks.TC21993ValidateMoveWindowUI -->
