<?xml version="1.0" encoding="UTF-8"?>
<!-- Generated by org.testng.reporters.JUnitReportReporter -->
<testsuite hostname="QA-Mickael-Lap" name="com.automation.main.private_courses.TC19318VerifyThePrivateCoursesFunctionalityCreateARecordingAndWatchIt" tests="1" failures="0" timestamp="18 Oct 2016 00:42:55 GMT" time="80.740" errors="0">
  <testcase name="test19318" time="80.740" classname="com.automation.main.private_courses.TC19318VerifyThePrivateCoursesFunctionalityCreateARecordingAndWatchIt"/>
</testsuite> <!-- com.automation.main.private_courses.TC19318VerifyThePrivateCoursesFunctionalityCreateARecordingAndWatchIt -->
