<?xml version="1.0" encoding="UTF-8"?>
<!-- Generated by org.testng.reporters.JUnitReportReporter -->
<testsuite hostname="QA-2-Win8_1-64" name="com.automation.main.supported_search_sources_admin_anonymous.TC22693ValidateSourceTypeAsBookmarkInSearchFieldOnTheRecordingLevelLoginAsADMIN" tests="1" failures="0" timestamp="21 Sep 2016 13:39:52 GMT" time="247.000" errors="0">
  <testcase name="test22693" time="247.000" classname="com.automation.main.supported_search_sources_admin_anonymous.TC22693ValidateSourceTypeAsBookmarkInSearchFieldOnTheRecordingLevelLoginAsADMIN"/>
</testsuite> <!-- com.automation.main.supported_search_sources_admin_anonymous.TC22693ValidateSourceTypeAsBookmarkInSearchFieldOnTheRecordingLevelLoginAsADMIN -->
