<?xml version="1.0" encoding="UTF-8"?>
<!-- Generated by org.testng.reporters.JUnitReportReporter -->
<testsuite hostname="QA-2-Win8_1-64" name="com.automation.main.TC15454AddAviFile" tests="1" failures="0" timestamp="8 Sep 2016 06:23:40 GMT" time="105.117" errors="0">
  <testcase name="test17929" time="105.117" classname="com.automation.main.TC15454AddAviFile"/>
</testsuite> <!-- com.automation.main.TC15454AddAviFile -->
