<?xml version="1.0" encoding="UTF-8"?>
<!-- Generated by org.testng.reporters.JUnitReportReporter -->
<testsuite hostname="Kosta-W10-64" name="com.automation.main.TC21598AccessPublicNonPublicCoursesWithDirectLinks" tests="1" failures="0" timestamp="3 Apr 2016 11:24:49 GMT" time="146.450" errors="0">
  <testcase name="test21598" time="146.450" classname="com.automation.main.TC21598AccessPublicNonPublicCoursesWithDirectLinks"/>
</testsuite> <!-- com.automation.main.TC21598AccessPublicNonPublicCoursesWithDirectLinks -->
