<?xml version="1.0" encoding="UTF-8"?>
<!-- Generated by org.testng.reporters.JUnitReportReporter -->
<testsuite hostname="QA-2-Win8_1-64" name="com.automation.main.TC18859ValidateTheSourceTypeAsRecordingChapterInSearchFieldOnThePastCourseLevel" tests="2" failures="0" timestamp="15 Sep 2016 09:45:56 GMT" time="286.538" errors="0">
  <testcase name="loginCourses" time="281.142" classname="com.automation.main.TC18859ValidateTheSourceTypeAsRecordingChapterInSearchFieldOnThePastCourseLevel"/>
  <testcase name="loadPage" time="5.396" classname="com.automation.main.TC18859ValidateTheSourceTypeAsRecordingChapterInSearchFieldOnThePastCourseLevel"/>
</testsuite> <!-- com.automation.main.TC18859ValidateTheSourceTypeAsRecordingChapterInSearchFieldOnThePastCourseLevel -->
