<?xml version="1.0" encoding="UTF-8"?>
<!-- Generated by org.testng.reporters.JUnitReportReporter -->
<testsuite hostname="QA-Mickael-Lap" name="com.automation.main.login_as_guest.TC21578LoginAsGuestUI" tests="1" failures="0" timestamp="18 Oct 2016 00:42:55 GMT" time="46.882" errors="0">
  <testcase name="test21578" time="46.882" classname="com.automation.main.login_as_guest.TC21578LoginAsGuestUI"/>
</testsuite> <!-- com.automation.main.login_as_guest.TC21578LoginAsGuestUI -->
