<?xml version="1.0" encoding="UTF-8"?>
<!-- Generated by org.testng.reporters.JUnitReportReporter -->
<testsuite hostname="QA-Mickael-Lap" name="com.automation.main.public_courses.TC25022ValidatePublicCoursesSettingsOnCourseLevelSwitchOnOff" tests="1" failures="0" timestamp="18 Oct 2016 00:42:54 GMT" time="81.039" errors="0">
  <testcase name="test25022" time="81.039" classname="com.automation.main.public_courses.TC25022ValidatePublicCoursesSettingsOnCourseLevelSwitchOnOff"/>
</testsuite> <!-- com.automation.main.public_courses.TC25022ValidatePublicCoursesSettingsOnCourseLevelSwitchOnOff -->
