<?xml version="1.0" encoding="UTF-8"?>
<!-- Generated by org.testng.reporters.JUnitReportReporter -->
<testsuite hostname="QA-2-Win8_1-64" name="com.automation.main.TC15582MoveOneRecording" tests="1" failures="0" timestamp="11 Sep 2016 06:49:08 GMT" time="377.370" errors="0">
  <testcase name="moveRecording" time="377.370" classname="com.automation.main.TC15582MoveOneRecording"/>
</testsuite> <!-- com.automation.main.TC15582MoveOneRecording -->
