<?xml version="1.0" encoding="UTF-8"?>
<!-- Generated by org.testng.reporters.JUnitReportReporter -->
<testsuite hostname="QA-Mickael-Lap" name="com.automation.main.admin_course_view_recording_tasks.TC21993ValidateMoveWindowUI" tests="1" failures="0" timestamp="18 Oct 2016 00:42:55 GMT" time="35.118" errors="0">
  <testcase name="test21993" time="35.118" classname="com.automation.main.admin_course_view_recording_tasks.TC21993ValidateMoveWindowUI"/>
</testsuite> <!-- com.automation.main.admin_course_view_recording_tasks.TC21993ValidateMoveWindowUI -->
