<?xml version="1.0" encoding="UTF-8"?>
<!-- Generated by org.testng.reporters.JUnitReportReporter -->
<testsuite hostname="Kosta-W10-64" name="com.automation.main.TestCase15640TryToDeleteAStudentRecordingAsAStudent" tests="1" failures="0" timestamp="16 Feb 2016 12:53:40 GMT" time="13.837" errors="0">
  <testcase name="loginCourses" time="13.837" classname="com.automation.main.TestCase15640TryToDeleteAStudentRecordingAsAStudent"/>
</testsuite> <!-- com.automation.main.TestCase15640TryToDeleteAStudentRecordingAsAStudent -->
