<?xml version="1.0" encoding="UTF-8"?>
<!-- Generated by org.testng.reporters.JUnitReportReporter -->
<testsuite hostname="QA-2-Win8_1-64" name="com.automation.main.TestCaseTryCopyWithoutSelectingCourse" tests="2" failures="0" timestamp="14 Jan 2016 15:49:08 GMT" time="27.133" errors="0">
  <testcase name="loginCourses" time="21.321" classname="com.automation.main.TestCaseTryCopyWithoutSelectingCourse"/>
  <testcase name="loadPage" time="5.812" classname="com.automation.main.TestCaseTryCopyWithoutSelectingCourse"/>
</testsuite> <!-- com.automation.main.TestCaseTryCopyWithoutSelectingCourse -->
