<?xml version="1.0" encoding="UTF-8"?>
<!-- Generated by org.testng.reporters.JUnitReportReporter -->
<testsuite hostname="QA-2-Win8_1-64" name="com.automation.main.TC15535CopyOneRecording" tests="2" failures="0" timestamp="28 Aug 2016 09:08:02 GMT" time="392.747" errors="0">
  <testcase name="copyOneRecording" time="392.734" classname="com.automation.main.TC15535CopyOneRecording"/>
  <testcase name="testME" time="0.013" classname="com.automation.main.TC15535CopyOneRecording"/>
</testsuite> <!-- com.automation.main.TC15535CopyOneRecording -->
