<?xml version="1.0" encoding="UTF-8"?>
<!-- Generated by org.testng.reporters.JUnitReportReporter -->
<testsuite hostname="DESKTOP-DEB4I2G" name="com.automation.main.TC24766VerifyCopyFromPastCourseToActiveCourse" tests="1" failures="0" timestamp="23 Aug 2016 10:19:57 GMT" time="278.690" errors="0">
  <testcase name="test24766" time="278.690" classname="com.automation.main.TC24766VerifyCopyFromPastCourseToActiveCourse"/>
</testsuite> <!-- com.automation.main.TC24766VerifyCopyFromPastCourseToActiveCourse -->
