<?xml version="1.0" encoding="UTF-8"?>
<!-- Generated by org.testng.reporters.JUnitReportReporter -->
<testsuite hostname="QA-2-Win8_1-64" name="com.automation.main.TestCaseCancelTheMoving" tests="3" failures="0" timestamp="26 Jan 2016 09:38:46 GMT" time="49.445" errors="0">
  <testcase name="testME" time="0.025" classname="com.automation.main.TestCaseCancelTheMoving"/>
  <testcase name="loadPage" time="2.834" classname="com.automation.main.TestCaseCancelTheMoving"/>
  <testcase name="loginCourses" time="46.586" classname="com.automation.main.TestCaseCancelTheMoving"/>
</testsuite> <!-- com.automation.main.TestCaseCancelTheMoving -->
