<?xml version="1.0" encoding="UTF-8"?>
<!-- Generated by org.testng.reporters.JUnitReportReporter -->
<testsuite hostname="QA-Mickael-Lap" name="com.automation.main.public_courses.TC21938VerifyStudentPermissionsConsitrncyOnActivePublicCourses" tests="1" failures="0" timestamp="18 Oct 2016 00:42:55 GMT" time="89.158" errors="0">
  <testcase name="test21938" time="89.158" classname="com.automation.main.public_courses.TC21938VerifyStudentPermissionsConsitrncyOnActivePublicCourses"/>
</testsuite> <!-- com.automation.main.public_courses.TC21938VerifyStudentPermissionsConsitrncyOnActivePublicCourses -->
