<?xml version="1.0" encoding="UTF-8"?>
<!-- Generated by org.testng.reporters.JUnitReportReporter -->
<testsuite hostname="QA-Mickael-Lap" name="com.automation.main.admin_course_view_recording_tasks.TC22184ValidateThatYouCannotClickOnMoveRecordingsWhenYouHaventChoseACourseYet" tests="1" failures="0" timestamp="18 Oct 2016 00:42:54 GMT" time="35.646" errors="0">
  <testcase name="test22184" time="35.646" classname="com.automation.main.admin_course_view_recording_tasks.TC22184ValidateThatYouCannotClickOnMoveRecordingsWhenYouHaventChoseACourseYet"/>
</testsuite> <!-- com.automation.main.admin_course_view_recording_tasks.TC22184ValidateThatYouCannotClickOnMoveRecordingsWhenYouHaventChoseACourseYet -->
