<?xml version="1.0" encoding="UTF-8"?>
<!-- Generated by org.testng.reporters.JUnitReportReporter -->
<testsuite hostname="QA-2-Win8_1-64" name="com.automation.main.search_field_and_search_results_page.TC18893ValidateTheFunctionalityOfSearchFieldInMyAccountPage" tests="1" failures="0" timestamp="6 Oct 2016 08:58:22 GMT" time="149.554" errors="0">
  <testcase name="loginCourses" time="149.554" classname="com.automation.main.search_field_and_search_results_page.TC18893ValidateTheFunctionalityOfSearchFieldInMyAccountPage"/>
</testsuite> <!-- com.automation.main.search_field_and_search_results_page.TC18893ValidateTheFunctionalityOfSearchFieldInMyAccountPage -->
