<?xml version="1.0" encoding="UTF-8"?>
<!-- Generated by org.testng.reporters.JUnitReportReporter -->
<testsuite hostname="QA-2-Win8_1-64" name="com.automation.main.move_recording.TC15654TryToMoveRecordingWhileItIsBeingMoved" tests="1" failures="0" timestamp="20 Oct 2016 07:24:13 GMT" time="95.353" errors="0">
  <testcase name="test15654" time="95.353" classname="com.automation.main.move_recording.TC15654TryToMoveRecordingWhileItIsBeingMoved"/>
</testsuite> <!-- com.automation.main.move_recording.TC15654TryToMoveRecordingWhileItIsBeingMoved -->
