<?xml version="1.0" encoding="UTF-8"?>
<!-- Generated by org.testng.reporters.JUnitReportReporter -->
<testsuite hostname="DESKTOP-DEB4I2G" name="com.automation.main.TC17906TryToCopyFromActiveCourseToPastCourse" tests="2" failures="0" timestamp="25 Aug 2016 13:08:11 GMT" time="32.938" errors="0">
  <testcase name="loginCourses" time="27.161" classname="com.automation.main.TC17906TryToCopyFromActiveCourseToPastCourse"/>
  <testcase name="loadPage" time="5.777" classname="com.automation.main.TC17906TryToCopyFromActiveCourseToPastCourse"/>
</testsuite> <!-- com.automation.main.TC17906TryToCopyFromActiveCourseToPastCourse -->
