<?xml version="1.0" encoding="UTF-8"?>
<!-- Generated by org.testng.reporters.JUnitReportReporter -->
<testsuite hostname="QA-Mickael-Lap" name="com.automation.main.private_courses.TC19326PublishThePrivateCourse" tests="1" failures="0" timestamp="18 Oct 2016 00:42:54 GMT" time="107.206" errors="0">
  <testcase name="test19326" time="107.206" classname="com.automation.main.private_courses.TC19326PublishThePrivateCourse"/>
</testsuite> <!-- com.automation.main.private_courses.TC19326PublishThePrivateCourse -->
