<?xml version="1.0" encoding="UTF-8"?>
<!-- Generated by org.testng.reporters.JUnitReportReporter -->
<testsuite hostname="QA-2-Win8_1-64" name="com.automation.main.private_courses.TC19317VerifyThatPrivateCourseIsNotAccessibleForStudents" tests="1" failures="0" timestamp="18 Oct 2016 05:31:00 GMT" time="111.844" errors="0">
  <testcase name="test19317" time="111.844" classname="com.automation.main.private_courses.TC19317VerifyThatPrivateCourseIsNotAccessibleForStudents"/>
</testsuite> <!-- com.automation.main.private_courses.TC19317VerifyThatPrivateCourseIsNotAccessibleForStudents -->
