<?xml version="1.0" encoding="UTF-8"?>
<!-- Generated by org.testng.reporters.JUnitReportReporter -->
<testsuite hostname="QA-Mickael-Lap" name="com.automation.main.private_courses.TC19307VerifyThatPrivateCourseIsAvailableForEachInstructor" tests="1" failures="0" timestamp="2 Nov 2016 16:09:32 GMT" time="315.614" errors="0">
  <testcase name="test19307" time="315.614" classname="com.automation.main.private_courses.TC19307VerifyThatPrivateCourseIsAvailableForEachInstructor"/>
</testsuite> <!-- com.automation.main.private_courses.TC19307VerifyThatPrivateCourseIsAvailableForEachInstructor -->
