<?xml version="1.0" encoding="UTF-8"?>
<!-- Generated by org.testng.reporters.JUnitReportReporter -->
<testsuite hostname="QA-2-Win8_1-64" name="com.automation.main.search_field_and_search_results_page.TC18892ValidateTheFunctionalityOfSearchFieldInCourseSettingPageAsInstructor" tests="1" failures="0" timestamp="6 Oct 2016 11:30:59 GMT" time="213.079" errors="0">
  <testcase name="test18892" time="213.079" classname="com.automation.main.search_field_and_search_results_page.TC18892ValidateTheFunctionalityOfSearchFieldInCourseSettingPageAsInstructor"/>
</testsuite> <!-- com.automation.main.search_field_and_search_results_page.TC18892ValidateTheFunctionalityOfSearchFieldInCourseSettingPageAsInstructor -->
