<?xml version="1.0" encoding="UTF-8"?>
<!-- Generated by org.testng.reporters.JUnitReportReporter -->
<testsuite hostname="QA-2-Win8_1-64" name="com.automation.main.supported_search_sources_admin_anonymous.TC22746ValidatePersonlBookmarksAreNotDisplayedOnSearchResultOnCourseLevelLoginAsADMIN" tests="1" failures="0" timestamp="22 Sep 2016 08:14:31 GMT" time="155.540" errors="0">
  <testcase name="test22746" time="155.540" classname="com.automation.main.supported_search_sources_admin_anonymous.TC22746ValidatePersonlBookmarksAreNotDisplayedOnSearchResultOnCourseLevelLoginAsADMIN"/>
</testsuite> <!-- com.automation.main.supported_search_sources_admin_anonymous.TC22746ValidatePersonlBookmarksAreNotDisplayedOnSearchResultOnCourseLevelLoginAsADMIN -->
