<?xml version="1.0" encoding="UTF-8"?>
<!-- Generated by org.testng.reporters.JUnitReportReporter -->
<testsuite hostname="DESKTOP-DEB4I2G" name="com.automation.main.TC17929VerifyPastCourseWithAdditionalContent" tests="2" failures="0" timestamp="20 Aug 2016 09:34:05 GMT" time="367.933" errors="0">
  <testcase name="test17941" time="62.945" classname="com.automation.main.TC17929VerifyPastCourseWithAdditionalContent"/>
  <testcase name="test17929" time="304.988" classname="com.automation.main.TC17929VerifyPastCourseWithAdditionalContent"/>
</testsuite> <!-- com.automation.main.TC17929VerifyPastCourseWithAdditionalContent -->
