<?xml version="1.0" encoding="UTF-8"?>
<!-- Generated by org.testng.reporters.JUnitReportReporter -->
<testsuite hostname="QA-2-Win8_1-64" name="com.automation.main.PreTest" tests="3" failures="0" timestamp="24 Aug 2016 14:37:28 GMT" time="506.133" errors="0">
  <testcase name="loadPage" time="5.457" classname="com.automation.main.PreTest"/>
  <testcase name="loginCourses" time="500.569" classname="com.automation.main.PreTest"/>
  <testcase name="testME" time="0.107" classname="com.automation.main.PreTest"/>
</testsuite> <!-- com.automation.main.PreTest -->
