<?xml version="1.0" encoding="UTF-8"?>
<!-- Generated by org.testng.reporters.JUnitReportReporter -->
<testsuite hostname="QA-2-Win8_1-64" name="com.automation.main.course_detailes_content_page.TC24615ValidateBookmarkIconIsDisplayedForAnExcutiveAdminUser" tests="1" failures="0" timestamp="13 Oct 2016 07:50:47 GMT" time="324.057" errors="0">
  <testcase name="test24615" time="324.057" classname="com.automation.main.course_detailes_content_page.TC24615ValidateBookmarkIconIsDisplayedForAnExcutiveAdminUser"/>
</testsuite> <!-- com.automation.main.course_detailes_content_page.TC24615ValidateBookmarkIconIsDisplayedForAnExcutiveAdminUser -->
