<?xml version="1.0" encoding="UTF-8"?>
<!-- Generated by org.testng.reporters.JUnitReportReporter -->
<testsuite hostname="QA-2-Win8_1-64" name="com.automation.main.TC18830ValidateTheSourceTypeAsRecordingChapterInSearchFieldOnTheCourseLevelUI" tests="2" failures="0" timestamp="7 Sep 2016 10:22:14 GMT" time="187.616" errors="0">
  <testcase name="loginCourses" time="182.198" classname="com.automation.main.TC18830ValidateTheSourceTypeAsRecordingChapterInSearchFieldOnTheCourseLevelUI"/>
  <testcase name="loadPage" time="5.418" classname="com.automation.main.TC18830ValidateTheSourceTypeAsRecordingChapterInSearchFieldOnTheCourseLevelUI"/>
</testsuite> <!-- com.automation.main.TC18830ValidateTheSourceTypeAsRecordingChapterInSearchFieldOnTheCourseLevelUI -->
