<?xml version="1.0" encoding="UTF-8"?>
<!-- Generated by org.testng.reporters.JUnitReportReporter -->
<testsuite hostname="QA-Mickael-Lap" name="com.automation.main.admin_course_view_recording_tasks.TC24922ValidateCopyRecordingFunctionalityForOneRecording" tests="1" failures="0" timestamp="18 Oct 2016 00:42:55 GMT" time="341.100" errors="0">
  <testcase name="test24922" time="341.100" classname="com.automation.main.admin_course_view_recording_tasks.TC24922ValidateCopyRecordingFunctionalityForOneRecording"/>
</testsuite> <!-- com.automation.main.admin_course_view_recording_tasks.TC24922ValidateCopyRecordingFunctionalityForOneRecording -->
