<?xml version="1.0" encoding="UTF-8"?>
<!-- Generated by org.testng.reporters.JUnitReportReporter -->
<testsuite hostname="DESKTOP-DEB4I2G" name="com.automation.main.TC17905TryToCopyFromPastCourseToAnotherPastCourseToItself" tests="1" failures="0" timestamp="29 Aug 2016 11:53:30 GMT" time="7.888" errors="0">
  <testcase name="loadPage" time="7.888" classname="com.automation.main.TC17905TryToCopyFromPastCourseToAnotherPastCourseToItself"/>
</testsuite> <!-- com.automation.main.TC17905TryToCopyFromPastCourseToAnotherPastCourseToItself -->
