<?xml version="1.0" encoding="UTF-8"?>
<!-- Generated by org.testng.reporters.JUnitReportReporter -->
<testsuite hostname="DESKTOP-DEB4I2G" name="com.automation.main.TC24835VerifyStudentsCantSeePastCourseTab" tests="1" failures="0" timestamp="29 Aug 2016 11:53:30 GMT" time="504.020" errors="0">
  <testcase name="TC24835VerifyStudentsCantSeePastCourseTab" time="504.020" classname="com.automation.main.TC24835VerifyStudentsCantSeePastCourseTab"/>
</testsuite> <!-- com.automation.main.TC24835VerifyStudentsCantSeePastCourseTab -->
