<?xml version="1.0" encoding="UTF-8"?>
<!-- Generated by org.testng.reporters.JUnitReportReporter -->
<testsuite hostname="QA-Mickael-Lap" name="com.automation.main.copy_recording.TC24765TryToCopyAStudentRecordingAsAStudent" tests="1" failures="0" timestamp="18 Oct 2016 00:42:55 GMT" time="19.005" errors="0">
  <testcase name="test24765" time="19.005" classname="com.automation.main.copy_recording.TC24765TryToCopyAStudentRecordingAsAStudent"/>
</testsuite> <!-- com.automation.main.copy_recording.TC24765TryToCopyAStudentRecordingAsAStudent -->
