<?xml version="1.0" encoding="UTF-8"?>
<!-- Generated by org.testng.reporters.JUnitReportReporter -->
<testsuite hostname="QA-Mickael-Lap" name="com.automation.main.copy_recording.TC15564CopyRecordingToACourseWhereRecordingWithTheSameNameExists" tests="1" failures="0" timestamp="18 Oct 2016 00:42:54 GMT" time="95.273" errors="0">
  <testcase name="test15564" time="95.273" classname="com.automation.main.copy_recording.TC15564CopyRecordingToACourseWhereRecordingWithTheSameNameExists"/>
</testsuite> <!-- com.automation.main.copy_recording.TC15564CopyRecordingToACourseWhereRecordingWithTheSameNameExists -->
