<?xml version="1.0" encoding="UTF-8"?>
<!-- Generated by org.testng.reporters.JUnitReportReporter -->
<testsuite hostname="QA-2-Win8_1-64" name="com.automation.main.TestCaseTryToCopyRecordingAsAStudent" tests="2" failures="0" timestamp="13 Jan 2016 12:58:53 GMT" time="17.971" errors="0">
  <testcase name="loginCourses" time="14.902" classname="com.automation.main.TestCaseTryToCopyRecordingAsAStudent"/>
  <testcase name="loadPage" time="3.069" classname="com.automation.main.TestCaseTryToCopyRecordingAsAStudent"/>
</testsuite> <!-- com.automation.main.TestCaseTryToCopyRecordingAsAStudent -->
