<?xml version="1.0" encoding="UTF-8"?>
<!-- Generated by org.testng.reporters.JUnitReportReporter -->
<testsuite hostname="QA-2-Win8_1-64" name="com.automation.main.search_field_and_search_results_page.TC18903ValidateTheSourceTypeAsBookmarkInSearchFieldOnTheCourseLevel" tests="2" failures="0" timestamp="27 Sep 2016 08:07:11 GMT" time="556.576" errors="0">
  <testcase name="loginCourses" time="551.972" classname="com.automation.main.search_field_and_search_results_page.TC18903ValidateTheSourceTypeAsBookmarkInSearchFieldOnTheCourseLevel"/>
  <testcase name="loadPage" time="4.604" classname="com.automation.main.search_field_and_search_results_page.TC18903ValidateTheSourceTypeAsBookmarkInSearchFieldOnTheCourseLevel"/>
</testsuite> <!-- com.automation.main.search_field_and_search_results_page.TC18903ValidateTheSourceTypeAsBookmarkInSearchFieldOnTheCourseLevel -->
