<?xml version="1.0" encoding="UTF-8"?>
<!-- Generated by org.testng.reporters.JUnitReportReporter -->
<testsuite hostname="QA-Mickael-Lap" name="com.automation.main.supported_search.TC22689ValidateSourceTypeAsRecordingChapterInSearchFieldOnTheRecordingLevelUILoginAsADMIN" tests="1" failures="0" timestamp="18 Oct 2016 00:42:54 GMT" time="175.016" errors="0">
  <testcase name="TC22689" time="175.016" classname="com.automation.main.supported_search.TC22689ValidateSourceTypeAsRecordingChapterInSearchFieldOnTheRecordingLevelUILoginAsADMIN"/>
</testsuite> <!-- com.automation.main.supported_search.TC22689ValidateSourceTypeAsRecordingChapterInSearchFieldOnTheRecordingLevelUILoginAsADMIN -->
