<?xml version="1.0" encoding="UTF-8"?>
<!-- Generated by org.testng.reporters.JUnitReportReporter -->
<testsuite hostname="QA-Mickael-Lap" name="com.automation.main.delete_additional_content.TC15814DeleteALastContentItem" tests="1" failures="0" timestamp="18 Oct 2016 00:42:54 GMT" time="14.872" errors="0">
  <testcase name="test15814" time="14.872" classname="com.automation.main.delete_additional_content.TC15814DeleteALastContentItem"/>
</testsuite> <!-- com.automation.main.delete_additional_content.TC15814DeleteALastContentItem -->
