<?xml version="1.0" encoding="UTF-8"?>
<!-- Generated by org.testng.reporters.JUnitReportReporter -->
<testsuite hostname="QA-Mickael-Lap" name="com.automation.main.copy_recording.TC15553TryCopyWithoutSelectingCourse" tests="1" failures="0" timestamp="18 Oct 2016 00:42:54 GMT" time="21.618" errors="0">
  <testcase name="test15553" time="21.618" classname="com.automation.main.copy_recording.TC15553TryCopyWithoutSelectingCourse"/>
</testsuite> <!-- com.automation.main.copy_recording.TC15553TryCopyWithoutSelectingCourse -->
