<?xml version="1.0" encoding="UTF-8"?>
<!-- Generated by org.testng.reporters.JUnitReportReporter -->
<testsuite hostname="Kosta-W10-64" name="com.automation.main.TC15470AddFileWithTheSameTitleExistingLink" tests="1" failures="0" timestamp="23 Mar 2016 15:04:00 GMT" time="86.576" errors="0">
  <testcase name="test15470" time="86.576" classname="com.automation.main.TC15470AddFileWithTheSameTitleExistingLink"/>
</testsuite> <!-- com.automation.main.TC15470AddFileWithTheSameTitleExistingLink -->
