<?xml version="1.0" encoding="UTF-8"?>
<!-- Generated by org.testng.reporters.JUnitReportReporter -->
<testsuite hostname="QA-2-Win8_1-64" name="com.automation.main.course_detailes_content_page.TC17044ValidateNoResumeBoxWhenRecordingCompletelyWatchedAndSignOut" tests="1" failures="0" timestamp="10 Oct 2016 07:15:25 GMT" time="482.077" errors="0">
  <testcase name="test17044" time="482.077" classname="com.automation.main.course_detailes_content_page.TC17044ValidateNoResumeBoxWhenRecordingCompletelyWatchedAndSignOut"/>
</testsuite> <!-- com.automation.main.course_detailes_content_page.TC17044ValidateNoResumeBoxWhenRecordingCompletelyWatchedAndSignOut -->
