<?xml version="1.0" encoding="UTF-8"?>
<!-- Generated by org.testng.reporters.JUnitReportReporter -->
<testsuite hostname="QA-2-Win8_1-64" name="com.automation.main.search_field_and_search_results_page.TC18834ValidateTheSourceTypeAsCloseCaptionInSearchFieldOnTheCourseLevel" tests="1" failures="0" timestamp="5 Oct 2016 11:32:00 GMT" time="586.509" errors="0">
  <testcase name="test18834" time="586.509" classname="com.automation.main.search_field_and_search_results_page.TC18834ValidateTheSourceTypeAsCloseCaptionInSearchFieldOnTheCourseLevel"/>
</testsuite> <!-- com.automation.main.search_field_and_search_results_page.TC18834ValidateTheSourceTypeAsCloseCaptionInSearchFieldOnTheCourseLevel -->
