<?xml version="1.0" encoding="UTF-8"?>
<!-- Generated by org.testng.reporters.JUnitReportReporter -->
<testsuite hostname="DESKTOP-DEB4I2G" name="com.automation.main.TC17938VerifyPastCourseWithTestRecording" tests="1" failures="0" timestamp="25 Aug 2016 13:08:11 GMT" time="229.026" errors="0">
  <testcase name="test17938" time="229.026" classname="com.automation.main.TC17938VerifyPastCourseWithTestRecording"/>
</testsuite> <!-- com.automation.main.TC17938VerifyPastCourseWithTestRecording -->
