<?xml version="1.0" encoding="UTF-8"?>
<!-- Generated by org.testng.reporters.JUnitReportReporter -->
<testsuite hostname="Kosta-W10-64" name="com.automation.main.TestCase15649TryToDeleteMovingRecording" tests="2" failures="0" timestamp="16 Feb 2016 12:53:40 GMT" time="87.421" errors="0">
  <testcase name="loginCourses" time="83.325" classname="com.automation.main.TestCase15649TryToDeleteMovingRecording"/>
  <testcase name="loadPage" time="4.096" classname="com.automation.main.TestCase15649TryToDeleteMovingRecording"/>
</testsuite> <!-- com.automation.main.TestCase15649TryToDeleteMovingRecording -->
