<?xml version="1.0" encoding="UTF-8"?>
<!-- Generated by org.testng.reporters.JUnitReportReporter -->
<testsuite hostname="QA-Mickael-Lap" name="com.automation.main.copy_recording.TC15550CopyOneRecordingToSeveralCoureses" tests="1" failures="0" timestamp="18 Oct 2016 00:42:54 GMT" time="136.220" errors="0">
  <testcase name="test15550" time="136.220" classname="com.automation.main.copy_recording.TC15550CopyOneRecordingToSeveralCoureses"/>
</testsuite> <!-- com.automation.main.copy_recording.TC15550CopyOneRecordingToSeveralCoureses -->
