<?xml version="1.0" encoding="UTF-8"?>
<!-- Generated by org.testng.reporters.JUnitReportReporter -->
<testsuite hostname="DESKTOP-DEB4I2G" name="com.automation.main.TestSuitePreSetCopyRecordingsAndPastCourse" tests="1" failures="0" timestamp="25 Aug 2016 13:08:11 GMT" time="1016.231" errors="0">
  <testcase name="loginCourses" time="1016.231" classname="com.automation.main.TestSuitePreSetCopyRecordingsAndPastCourse"/>
</testsuite> <!-- com.automation.main.TestSuitePreSetCopyRecordingsAndPastCourse -->
