<?xml version="1.0" encoding="UTF-8"?>
<!-- Generated by org.testng.reporters.JUnitReportReporter -->
<testsuite hostname="DESKTOP-DEB4I2G" name="com.automation.main.TestSuitePreSetCopyRecordingsAndPastCourse" tests="2" failures="0" timestamp="23 Aug 2016 10:19:57 GMT" time="741.436" errors="0">
  <testcase name="loadPage" time="5.599" classname="com.automation.main.TestSuitePreSetCopyRecordingsAndPastCourse"/>
  <testcase name="loginCourses" time="735.837" classname="com.automation.main.TestSuitePreSetCopyRecordingsAndPastCourse"/>
</testsuite> <!-- com.automation.main.TestSuitePreSetCopyRecordingsAndPastCourse -->
