<?xml version="1.0" encoding="UTF-8"?>
<!-- Generated by org.testng.reporters.JUnitReportReporter -->
<testsuite hostname="Kosta-W10-64" name="com.automation.main.TC21578LoginAsGuestUI" tests="1" failures="0" timestamp="29 Mar 2016 14:41:05 GMT" time="25.195" errors="0">
  <testcase name="test21578" time="25.195" classname="com.automation.main.TC21578LoginAsGuestUI"/>
</testsuite> <!-- com.automation.main.TC21578LoginAsGuestUI -->
