<?xml version="1.0" encoding="UTF-8"?>
<!-- Generated by org.testng.reporters.JUnitReportReporter -->
<testsuite hostname="QA-Mickael-Lap" name="com.automation.main.move_recording.TC15594SearchCourseInMoveWindow" tests="1" failures="0" timestamp="18 Oct 2016 00:42:55 GMT" time="30.624" errors="0">
  <testcase name="test15594" time="30.624" classname="com.automation.main.move_recording.TC15594SearchCourseInMoveWindow"/>
</testsuite> <!-- com.automation.main.move_recording.TC15594SearchCourseInMoveWindow -->
