<?xml version="1.0" encoding="UTF-8"?>
<!-- Generated by org.testng.reporters.JUnitReportReporter -->
<testsuite hostname="QA-2-Win8_1-64" name="com.automation.main.PreTest" tests="3" failures="0" timestamp="15 Sep 2016 11:59:04 GMT" time="610.363" errors="0">
  <testcase name="loginCourses" time="605.857" classname="com.automation.main.PreTest"/>
  <testcase name="loadPage" time="2.954" classname="com.automation.main.PreTest"/>
  <testcase name="testME" time="1.552" classname="com.automation.main.PreTest"/>
</testsuite> <!-- com.automation.main.PreTest -->
