<?xml version="1.0" encoding="UTF-8"?>
<!-- Generated by org.testng.reporters.JUnitReportReporter -->
<testsuite hostname="Kosta-W10-64" name="com.automation.main.TC17365VerifySortingOfCoursesInMoveWindowOfStudentRecordings" tests="2" failures="0" timestamp="11 Apr 2016 12:31:36 GMT" time="14.747" errors="0">
  <testcase name="VerifySortingOfCoursesInCopyWindow" time="14.724" classname="com.automation.main.TC17365VerifySortingOfCoursesInMoveWindowOfStudentRecordings"/>
  <testcase name="testME" time="0.023" classname="com.automation.main.TC17365VerifySortingOfCoursesInMoveWindowOfStudentRecordings"/>
</testsuite> <!-- com.automation.main.TC17365VerifySortingOfCoursesInMoveWindowOfStudentRecordings -->
