<?xml version="1.0" encoding="UTF-8"?>
<!-- Generated by org.testng.reporters.JUnitReportReporter -->
<testsuite hostname="QA-2-Win8_1-64" name="com.automation.main.course_detailes_content_page.TC15663ValidateBookmarkIconIsDisplayedWhenAddingBookmarkThrougthTheEditor" tests="1" failures="0" timestamp="6 Oct 2016 14:51:45 GMT" time="188.038" errors="0">
  <testcase name="test15663" time="188.038" classname="com.automation.main.course_detailes_content_page.TC15663ValidateBookmarkIconIsDisplayedWhenAddingBookmarkThrougthTheEditor"/>
</testsuite> <!-- com.automation.main.course_detailes_content_page.TC15663ValidateBookmarkIconIsDisplayedWhenAddingBookmarkThrougthTheEditor -->
