<?xml version="1.0" encoding="UTF-8"?>
<!-- Generated by org.testng.reporters.JUnitReportReporter -->
<testsuite hostname="QA-2-Win8_1-64" name="com.automation.main.TC19326PublishThePrivateCourse" tests="1" failures="0" timestamp="13 Sep 2016 06:44:01 GMT" time="188.060" errors="0">
  <testcase name="loginCourses" time="188.060" classname="com.automation.main.TC19326PublishThePrivateCourse"/>
</testsuite> <!-- com.automation.main.TC19326PublishThePrivateCourse -->
