<?xml version="1.0" encoding="UTF-8"?>
<!-- Generated by org.testng.reporters.JUnitReportReporter -->
<testsuite hostname="QA-2-Win8_1-64" name="com.automation.main.TC15897ViewTheUploadedFile" tests="1" failures="0" timestamp="28 Aug 2016 13:56:22 GMT" time="259.573" errors="0">
  <testcase name="test15897" time="259.573" classname="com.automation.main.TC15897ViewTheUploadedFile"/>
</testsuite> <!-- com.automation.main.TC15897ViewTheUploadedFile -->
