<?xml version="1.0" encoding="UTF-8"?>
<!-- Generated by org.testng.reporters.JUnitReportReporter -->
<testsuite hostname="QA-Mickael-Lap" name="com.automation.main.delete_recordings.TC15644CancelTheDelete" tests="1" failures="0" timestamp="18 Oct 2016 00:42:54 GMT" time="22.832" errors="0">
  <testcase name="test15644" time="22.832" classname="com.automation.main.delete_recordings.TC15644CancelTheDelete"/>
</testsuite> <!-- com.automation.main.delete_recordings.TC15644CancelTheDelete -->
