<?xml version="1.0" encoding="UTF-8"?>
<!-- Generated by org.testng.reporters.JUnitReportReporter -->
<testsuite hostname="Kosta-W10-64" name="com.automation.main.TC15897ViewTheUploadedFile" tests="1" failures="0" timestamp="29 Mar 2016 07:26:55 GMT" time="220.564" errors="0">
  <testcase name="test15897" time="220.564" classname="com.automation.main.TC15897ViewTheUploadedFile"/>
</testsuite> <!-- com.automation.main.TC15897ViewTheUploadedFile -->
