<?xml version="1.0" encoding="UTF-8"?>
<!-- Generated by org.testng.reporters.JUnitReportReporter -->
<testsuite hostname="QA-Mickael-Lap" name="com.automation.main.move_recording.TC15661TryToMoveFailedRecording" tests="1" failures="0" timestamp="18 Oct 2016 00:42:54 GMT" time="23.245" errors="0">
  <testcase name="test15661" time="23.245" classname="com.automation.main.move_recording.TC15661TryToMoveFailedRecording"/>
</testsuite> <!-- com.automation.main.move_recording.TC15661TryToMoveFailedRecording -->
