<?xml version="1.0" encoding="UTF-8"?>
<!-- Generated by org.testng.reporters.JUnitReportReporter -->
<testsuite hostname="QA-Mickael-Lap" name="com.automation.main.delete_recordings.TC15896DeleteALastRecording" tests="1" failures="0" timestamp="18 Oct 2016 00:42:54 GMT" time="27.440" errors="0">
  <testcase name="test15896" time="27.440" classname="com.automation.main.delete_recordings.TC15896DeleteALastRecording"/>
</testsuite> <!-- com.automation.main.delete_recordings.TC15896DeleteALastRecording -->
