<?xml version="1.0" encoding="UTF-8"?>
<!-- Generated by org.testng.reporters.JUnitReportReporter -->
<testsuite hostname="QA-2-Win8_1-64" name="com.automation.main.delete_recordings.TC15645TryToDeleteCopyingRecording" tests="1" failures="0" timestamp="20 Oct 2016 07:36:36 GMT" time="84.427" errors="0">
  <testcase name="test15645" time="84.427" classname="com.automation.main.delete_recordings.TC15645TryToDeleteCopyingRecording"/>
</testsuite> <!-- com.automation.main.delete_recordings.TC15645TryToDeleteCopyingRecording -->
