<?xml version="1.0" encoding="UTF-8"?>
<!-- Generated by org.testng.reporters.JUnitReportReporter -->
<testsuite hostname="QA-2-Win8_1-64" name="com.automation.main.TC18937ValidateTheFunctionalityOfSpecialCharactersInSearchField" tests="2" failures="0" timestamp="24 Aug 2016 12:56:10 GMT" time="354.674" errors="0">
  <testcase name="loadPage" time="4.939" classname="com.automation.main.TC18937ValidateTheFunctionalityOfSpecialCharactersInSearchField"/>
  <testcase name="loginCourses" time="349.735" classname="com.automation.main.TC18937ValidateTheFunctionalityOfSpecialCharactersInSearchField"/>
</testsuite> <!-- com.automation.main.TC18937ValidateTheFunctionalityOfSpecialCharactersInSearchField -->
