<?xml version="1.0" encoding="UTF-8"?>
<!-- Generated by org.testng.reporters.JUnitReportReporter -->
<testsuite hostname="QA-2-Win8_1-64" name="com.automation.main.TC22049ValidateCopyWindowFunctionality" tests="3" failures="0" timestamp="7 Sep 2016 07:30:26 GMT" time="141.701" errors="0">
  <testcase name="loginCourses" time="136.683" classname="com.automation.main.TC22049ValidateCopyWindowFunctionality"/>
  <testcase name="testME" time="1.769" classname="com.automation.main.TC22049ValidateCopyWindowFunctionality"/>
  <testcase name="loadPage" time="3.249" classname="com.automation.main.TC22049ValidateCopyWindowFunctionality"/>
</testsuite> <!-- com.automation.main.TC22049ValidateCopyWindowFunctionality -->
