<?xml version="1.0" encoding="UTF-8"?>
<!-- Generated by org.testng.reporters.JUnitReportReporter -->
<testsuite hostname="QA-2-Win8_1-64" name="com.automation.main.TC18937ValidateTheFunctionalityOfSpecialCharactersInSearchField" tests="2" failures="0" timestamp="5 Sep 2016 21:48:09 GMT" time="354.527" errors="0">
  <testcase name="loginCourses" time="349.741" classname="com.automation.main.TC18937ValidateTheFunctionalityOfSpecialCharactersInSearchField"/>
  <testcase name="loadPage" time="4.786" classname="com.automation.main.TC18937ValidateTheFunctionalityOfSpecialCharactersInSearchField"/>
</testsuite> <!-- com.automation.main.TC18937ValidateTheFunctionalityOfSpecialCharactersInSearchField -->
