<?xml version="1.0" encoding="UTF-8"?>
<!-- Generated by org.testng.reporters.JUnitReportReporter -->
<testsuite hostname="QA-Mickael-Lap" name="com.automation.main.search.TC18878ValidateTheSourceTypeAsCloseCaptionInSearchFieldOnTheAllCoursesLevel" tests="1" failures="0" timestamp="18 Oct 2016 00:42:54 GMT" time="201.785" errors="0">
  <testcase name="test18878" time="201.785" classname="com.automation.main.search.TC18878ValidateTheSourceTypeAsCloseCaptionInSearchFieldOnTheAllCoursesLevel"/>
</testsuite> <!-- com.automation.main.search.TC18878ValidateTheSourceTypeAsCloseCaptionInSearchFieldOnTheAllCoursesLevel -->
