<?xml version="1.0" encoding="UTF-8"?>
<!-- Generated by org.testng.reporters.JUnitReportReporter -->
<testsuite hostname="QA-2-Win8_1-64" name="com.automation.main.TestSuitePreSetCopyRecordings_Search" tests="2" failures="0" timestamp="5 Sep 2016 21:48:08 GMT" time="360.019" errors="0">
  <testcase name="loadPage" time="4.696" classname="com.automation.main.TestSuitePreSetCopyRecordings_Search"/>
  <testcase name="loginCourses" time="355.323" classname="com.automation.main.TestSuitePreSetCopyRecordings_Search"/>
</testsuite> <!-- com.automation.main.TestSuitePreSetCopyRecordings_Search -->
