<?xml version="1.0" encoding="UTF-8"?>
<!-- Generated by org.testng.reporters.JUnitReportReporter -->
<testsuite hostname="QA-Mickael-Lap" name="com.automation.main.copy_recording.TC24763CancelTheCopyingOfAStudentRecording" tests="1" failures="0" timestamp="2 Nov 2016 17:37:51 GMT" time="96.652" errors="0">
  <testcase name="test24763" time="96.652" classname="com.automation.main.copy_recording.TC24763CancelTheCopyingOfAStudentRecording"/>
</testsuite> <!-- com.automation.main.copy_recording.TC24763CancelTheCopyingOfAStudentRecording -->
