<?xml version="1.0" encoding="UTF-8"?>
<!-- Generated by org.testng.reporters.JUnitReportReporter -->
<testsuite hostname="DESKTOP-DEB4I2G" name="com.automation.main.TC17901CreatePastCourseAndVerifyAppearanceAccordinglyToEnrollementStatus" tests="2" failures="0" timestamp="22 Aug 2016 14:28:30 GMT" time="43.407" errors="0">
  <testcase name="preTestCreateNewUser" time="0.021" classname="com.automation.main.TC17901CreatePastCourseAndVerifyAppearanceAccordinglyToEnrollementStatus"/>
  <testcase name="test17901" time="43.386" classname="com.automation.main.TC17901CreatePastCourseAndVerifyAppearanceAccordinglyToEnrollementStatus"/>
</testsuite> <!-- com.automation.main.TC17901CreatePastCourseAndVerifyAppearanceAccordinglyToEnrollementStatus -->
