<?xml version="1.0" encoding="UTF-8"?>
<!-- Generated by org.testng.reporters.JUnitReportReporter -->
<testsuite hostname="QA-2-Win8_1-64" name="com.automation.main.add_additional_content_file.TC15897ViewTheUploadedFile" tests="1" failures="0" timestamp="5 Oct 2016 13:47:33 GMT" time="247.468" errors="0">
  <testcase name="test15897" time="247.468" classname="com.automation.main.add_additional_content_file.TC15897ViewTheUploadedFile"/>
</testsuite> <!-- com.automation.main.add_additional_content_file.TC15897ViewTheUploadedFile -->
