<?xml version="1.0" encoding="UTF-8"?>
<!-- Generated by org.testng.reporters.JUnitReportReporter -->
<testsuite hostname="QA-2-Win8_1-64" name="com.automation.main.TC15824TryToDeleteContentAsAStudent" tests="1" failures="0" timestamp="14 Sep 2016 15:14:21 GMT" time="48.572" errors="0">
  <testcase name="loginCourses" time="48.572" classname="com.automation.main.TC15824TryToDeleteContentAsAStudent"/>
</testsuite> <!-- com.automation.main.TC15824TryToDeleteContentAsAStudent -->
