<?xml version="1.0" encoding="UTF-8"?>
<!-- Generated by org.testng.reporters.JUnitReportReporter -->
<testsuite hostname="QA-Mickael-Lap" name="com.automation.main.supported_search.TC22693ValidateSourceTypeAsBookmarkInSearchFieldOnTheRecordingLevelLoginAsADMIN" tests="1" failures="0" timestamp="18 Oct 2016 00:42:55 GMT" time="142.459" errors="0">
  <testcase name="test22693" time="142.459" classname="com.automation.main.supported_search.TC22693ValidateSourceTypeAsBookmarkInSearchFieldOnTheRecordingLevelLoginAsADMIN"/>
</testsuite> <!-- com.automation.main.supported_search.TC22693ValidateSourceTypeAsBookmarkInSearchFieldOnTheRecordingLevelLoginAsADMIN -->
