<?xml version="1.0" encoding="UTF-8"?>
<!-- Generated by org.testng.reporters.JUnitReportReporter -->
<testsuite hostname="QA-Mickael-Lap" name="com.automation.main.copy_recording.TC15535CopyOneRecording" tests="1" failures="0" timestamp="18 Oct 2016 00:42:55 GMT" time="152.955" errors="0">
  <testcase name="test15535" time="152.955" classname="com.automation.main.copy_recording.TC15535CopyOneRecording"/>
</testsuite> <!-- com.automation.main.copy_recording.TC15535CopyOneRecording -->
