<?xml version="1.0" encoding="UTF-8"?>
<!-- Generated by org.testng.reporters.JUnitReportReporter -->
<testsuite hostname="Kosta-W10-64" name="com.automation.main.TC17944VerifyCoursedisplayedInPastCoursesAfterDeletion" tests="1" failures="0" timestamp="6 Mar 2016 13:23:58 GMT" time="388.445" errors="0">
  <testcase name="testUiExistence" time="388.445" classname="com.automation.main.TC17944VerifyCoursedisplayedInPastCoursesAfterDeletion"/>
</testsuite> <!-- com.automation.main.TC17944VerifyCoursedisplayedInPastCoursesAfterDeletion -->
