<?xml version="1.0" encoding="UTF-8"?>
<!-- Generated by org.testng.reporters.JUnitReportReporter -->
<testsuite hostname="QA-Mickael-Lap" name="com.automation.main.search.TC18905ValidateTheSourceTypeAsBookmarkInSearchFieldOnTheAllCourseLevel" tests="1" failures="0" timestamp="18 Oct 2016 00:42:54 GMT" time="207.411" errors="0">
  <testcase name="test18905" time="207.411" classname="com.automation.main.search.TC18905ValidateTheSourceTypeAsBookmarkInSearchFieldOnTheAllCourseLevel"/>
</testsuite> <!-- com.automation.main.search.TC18905ValidateTheSourceTypeAsBookmarkInSearchFieldOnTheAllCourseLevel -->
