<?xml version="1.0" encoding="UTF-8"?>
<!-- Generated by org.testng.reporters.JUnitReportReporter -->
<testsuite hostname="QA-Alex-PC" name="com.automation.main.VerifySortingOfCoursesInCopyWindowOfProctoringRecordings" tests="1" failures="0" timestamp="17 Jan 2016 12:22:18 GMT" time="16.564" errors="0">
  <testcase name="VerifySortingOfCoursesInCopyWindow" time="16.564" classname="com.automation.main.VerifySortingOfCoursesInCopyWindowOfProctoringRecordings"/>
</testsuite> <!-- com.automation.main.VerifySortingOfCoursesInCopyWindowOfProctoringRecordings -->
