<?xml version="1.0" encoding="UTF-8"?>
<!-- Generated by org.testng.reporters.JUnitReportReporter -->
<testsuite hostname="Kosta-W10-64" name="com.automation.main.TestCaseCancelTheCopying" tests="3" failures="0" timestamp="11 Apr 2016 11:21:01 GMT" time="166.984" errors="0">
  <testcase name="testME" time="0.030" classname="com.automation.main.TestCaseCancelTheCopying"/>
  <testcase name="loadPage" time="4.678" classname="com.automation.main.TestCaseCancelTheCopying"/>
  <testcase name="loginCourses" time="162.276" classname="com.automation.main.TestCaseCancelTheCopying"/>
</testsuite> <!-- com.automation.main.TestCaseCancelTheCopying -->
