<?xml version="1.0" encoding="UTF-8"?>
<!-- Generated by org.testng.reporters.JUnitReportReporter -->
<testsuite hostname="DESKTOP-DEB4I2G" name="com.automation.main.TC17942VerifyTheDisabledTasks" tests="1" failures="0" timestamp="25 Aug 2016 13:08:11 GMT" time="25.284" errors="0">
  <testcase name="testUiExistence" time="25.284" classname="com.automation.main.TC17942VerifyTheDisabledTasks"/>
</testsuite> <!-- com.automation.main.TC17942VerifyTheDisabledTasks -->
