<?xml version="1.0" encoding="UTF-8"?>
<!-- Generated by org.testng.reporters.JUnitReportReporter -->
<testsuite hostname="QA-2-Win8_1-64" name="com.automation.main.search.TC18882ValidateTheSourceTypeAsFileInSearchFieldOnTheAllCoursesLevel" tests="1" failures="0" timestamp="23 Oct 2016 08:20:40 GMT" time="373.463" errors="0">
  <testcase name="test18882" time="373.463" classname="com.automation.main.search.TC18882ValidateTheSourceTypeAsFileInSearchFieldOnTheAllCoursesLevel"/>
</testsuite> <!-- com.automation.main.search.TC18882ValidateTheSourceTypeAsFileInSearchFieldOnTheAllCoursesLevel -->
