<?xml version="1.0" encoding="UTF-8"?>
<!-- Generated by org.testng.reporters.JUnitReportReporter -->
<testsuite hostname="QA-2-Win8_1-64" name="com.automation.main.TC18844ValidateTheSourceTypeAsTagsInSearchFieldOnTheCourseLevel" tests="2" failures="0" timestamp="25 Aug 2016 12:29:25 GMT" time="524.858" errors="0">
  <testcase name="loginCourses" time="521.898" classname="com.automation.main.TC18844ValidateTheSourceTypeAsTagsInSearchFieldOnTheCourseLevel"/>
  <testcase name="loadPage" time="2.960" classname="com.automation.main.TC18844ValidateTheSourceTypeAsTagsInSearchFieldOnTheCourseLevel"/>
</testsuite> <!-- com.automation.main.TC18844ValidateTheSourceTypeAsTagsInSearchFieldOnTheCourseLevel -->
