<?xml version="1.0" encoding="UTF-8"?>
<!-- Generated by org.testng.reporters.JUnitReportReporter -->
<testsuite hostname="QA-Mickael-Lap" name="com.automation.main.admin_course_view_recording_tasks.TC22042ValidateMoveRecordingFunctionalityForOneRecording" tests="1" failures="0" timestamp="18 Oct 2016 00:42:54 GMT" time="387.887" errors="0">
  <testcase name="test22042" time="387.887" classname="com.automation.main.admin_course_view_recording_tasks.TC22042ValidateMoveRecordingFunctionalityForOneRecording"/>
</testsuite> <!-- com.automation.main.admin_course_view_recording_tasks.TC22042ValidateMoveRecordingFunctionalityForOneRecording -->
