<?xml version="1.0" encoding="UTF-8"?>
<!-- Generated by org.testng.reporters.JUnitReportReporter -->
<testsuite hostname="QA-2-Win8_1-64" name="com.automation.main.course_detailes_content_page.TC15686ValidateTheRecordingNameOfNewRecordingIsDisplayedInBold" tests="1" failures="0" timestamp="9 Oct 2016 08:12:12 GMT" time="228.666" errors="0">
  <testcase name="test15686" time="228.666" classname="com.automation.main.course_detailes_content_page.TC15686ValidateTheRecordingNameOfNewRecordingIsDisplayedInBold"/>
</testsuite> <!-- com.automation.main.course_detailes_content_page.TC15686ValidateTheRecordingNameOfNewRecordingIsDisplayedInBold -->
