<?xml version="1.0" encoding="UTF-8"?>
<!-- Generated by org.testng.reporters.JUnitReportReporter -->
<testsuite hostname="QA-Mickael-Lap" name="com.automation.main.private_courses.TC19321VerifyThePrivateCoursesFunctionalityDeleteTheRecording" tests="1" failures="0" timestamp="18 Oct 2016 00:42:54 GMT" time="23.872" errors="0">
  <testcase name="test19321" time="23.872" classname="com.automation.main.private_courses.TC19321VerifyThePrivateCoursesFunctionalityDeleteTheRecording"/>
</testsuite> <!-- com.automation.main.private_courses.TC19321VerifyThePrivateCoursesFunctionalityDeleteTheRecording -->
