<?xml version="1.0" encoding="UTF-8"?>
<!-- Generated by org.testng.reporters.JUnitReportReporter -->
<testsuite hostname="Kosta-W10-64" name="com.automation.main.TC17361VerifySortingOfCoursesInCopyWindowOfRegularRecordings" tests="1" failures="0" timestamp="11 Apr 2016 11:11:28 GMT" time="14.920" errors="0">
  <testcase name="VerifySortingOfCoursesInCopyWindow" time="14.920" classname="com.automation.main.TC17361VerifySortingOfCoursesInCopyWindowOfRegularRecordings"/>
</testsuite> <!-- com.automation.main.TC17361VerifySortingOfCoursesInCopyWindowOfRegularRecordings -->
