<?xml version="1.0" encoding="UTF-8"?>
<!-- Generated by org.testng.reporters.JUnitReportReporter -->
<testsuite hostname="QA-2-Win8_1-64" name="com.automation.main.supported_search_sources_admin_anonymous.TC22729ValidateTheSourceTypeAsRecordingTextInSearchFieldOnTheRecordingLevelLoginAsGUEST" tests="1" failures="0" timestamp="22 Sep 2016 14:15:42 GMT" time="518.212" errors="0">
  <testcase name="test22729" time="518.212" classname="com.automation.main.supported_search_sources_admin_anonymous.TC22729ValidateTheSourceTypeAsRecordingTextInSearchFieldOnTheRecordingLevelLoginAsGUEST"/>
</testsuite> <!-- com.automation.main.supported_search_sources_admin_anonymous.TC22729ValidateTheSourceTypeAsRecordingTextInSearchFieldOnTheRecordingLevelLoginAsGUEST -->
