<?xml version="1.0" encoding="UTF-8"?>
<!-- Generated by org.testng.reporters.JUnitReportReporter -->
<testsuite hostname="QA-2-Win8_1-64" name="com.automation.main.course_detailes_content_page.TC15761ValidateTabsUIAsStudent" tests="1" failures="0" timestamp="9 Oct 2016 08:36:03 GMT" time="227.427" errors="0">
  <testcase name="test15761" time="227.427" classname="com.automation.main.course_detailes_content_page.TC15761ValidateTabsUIAsStudent"/>
</testsuite> <!-- com.automation.main.course_detailes_content_page.TC15761ValidateTabsUIAsStudent -->
