<?xml version="1.0" encoding="UTF-8"?>
<!-- Generated by org.testng.reporters.JUnitReportReporter -->
<testsuite hostname="QA-2-Win8_1-64" name="com.automation.main.TC15552CopySeveralRecordings" tests="2" failures="0" timestamp="5 Sep 2016 08:09:25 GMT" time="513.740" errors="0">
  <testcase name="loadPage" time="2.836" classname="com.automation.main.TC15552CopySeveralRecordings"/>
  <testcase name="loginCourses" time="510.904" classname="com.automation.main.TC15552CopySeveralRecordings"/>
</testsuite> <!-- com.automation.main.TC15552CopySeveralRecordings -->
