<?xml version="1.0" encoding="UTF-8"?>
<!-- Generated by org.testng.reporters.JUnitReportReporter -->
<testsuite hostname="Kosta-W10-64" name="com.automation.main.TC15466AddFewFilesWithSameTitle" tests="1" failures="0" timestamp="23 Mar 2016 11:12:48 GMT" time="111.211" errors="0">
  <testcase name="test15466" time="111.211" classname="com.automation.main.TC15466AddFewFilesWithSameTitle"/>
</testsuite> <!-- com.automation.main.TC15466AddFewFilesWithSameTitle -->
