<?xml version="1.0" encoding="UTF-8"?>
<!-- Generated by org.testng.reporters.JUnitReportReporter -->
<testsuite hostname="QA-2-Win8_1-64" name="com.automation.main.private_courses.TC19321VerifyThePrivateCoursesFunctionalityDeleteTheRecording" tests="1" failures="0" timestamp="21 Sep 2016 07:25:12 GMT" time="33.121" errors="0">
  <testcase name="loginCourses" time="33.121" classname="com.automation.main.private_courses.TC19321VerifyThePrivateCoursesFunctionalityDeleteTheRecording"/>
</testsuite> <!-- com.automation.main.private_courses.TC19321VerifyThePrivateCoursesFunctionalityDeleteTheRecording -->
