<?xml version="1.0" encoding="UTF-8"?>
<!-- Generated by org.testng.reporters.JUnitReportReporter -->
<testsuite hostname="QA-2-Win8_1-64" name="com.automation.main.admin_course_view_recording_tasks.TC22033ValidateFunctionalityPublishWindowAsAdmin" tests="3" failures="0" timestamp="21 Sep 2016 09:25:45 GMT" time="341.962" errors="0">
  <testcase name="loginCourses" time="329.777" classname="com.automation.main.admin_course_view_recording_tasks.TC22033ValidateFunctionalityPublishWindowAsAdmin"/>
  <testcase name="testME" time="0.010" classname="com.automation.main.admin_course_view_recording_tasks.TC22033ValidateFunctionalityPublishWindowAsAdmin"/>
  <testcase name="loadPage" time="12.175" classname="com.automation.main.admin_course_view_recording_tasks.TC22033ValidateFunctionalityPublishWindowAsAdmin"/>
</testsuite> <!-- com.automation.main.admin_course_view_recording_tasks.TC22033ValidateFunctionalityPublishWindowAsAdmin -->
