<?xml version="1.0" encoding="UTF-8"?>
<!-- Generated by org.testng.reporters.JUnitReportReporter -->
<testsuite hostname="Kosta-W10-64" name="com.automation.main.TCExistenceOfUIItemsMove" tests="1" failures="0" timestamp="28 Feb 2016 16:09:28 GMT" time="45.202" errors="0">
  <testcase name="testUiExistence" time="45.202" classname="com.automation.main.TCExistenceOfUIItemsMove"/>
</testsuite> <!-- com.automation.main.TCExistenceOfUIItemsMove -->
