<?xml version="1.0" encoding="UTF-8"?>
<!-- Generated by org.testng.reporters.JUnitReportReporter -->
<testsuite hostname="QA-2-Win8_1-64" name="com.automation.main.copy_recording.TC15535CopyOneRecording" tests="2" failures="0" timestamp="21 Sep 2016 08:01:49 GMT" time="245.957" errors="0">
  <testcase name="copyOneRecording" time="245.946" classname="com.automation.main.copy_recording.TC15535CopyOneRecording"/>
  <testcase name="testME" time="0.011" classname="com.automation.main.copy_recording.TC15535CopyOneRecording"/>
</testsuite> <!-- com.automation.main.copy_recording.TC15535CopyOneRecording -->
