<?xml version="1.0" encoding="UTF-8"?>
<!-- Generated by org.testng.reporters.JUnitReportReporter -->
<testsuite hostname="QA-Mickael-Lap" name="com.automation.main.search.TC18937ValidateTheFunctionalityOfSpecialCharactersInSearchField" tests="1" failures="0" timestamp="18 Oct 2016 00:42:54 GMT" time="1346.804" errors="0">
  <testcase name="test18937" time="1346.804" classname="com.automation.main.search.TC18937ValidateTheFunctionalityOfSpecialCharactersInSearchField"/>
</testsuite> <!-- com.automation.main.search.TC18937ValidateTheFunctionalityOfSpecialCharactersInSearchField -->
