<?xml version="1.0" encoding="UTF-8"?>
<!-- Generated by org.testng.reporters.JUnitReportReporter -->
<testsuite hostname="QA-2-Win8_1-64" name="com.automation.main.TC15470AddFileWithTheSameTitleExistingLink" tests="1" failures="0" timestamp="24 Aug 2016 08:12:09 GMT" time="178.806" errors="0">
  <testcase name="test15470" time="178.806" classname="com.automation.main.TC15470AddFileWithTheSameTitleExistingLink"/>
</testsuite> <!-- com.automation.main.TC15470AddFileWithTheSameTitleExistingLink -->
