<?xml version="1.0" encoding="UTF-8"?>
<!-- Generated by org.testng.reporters.JUnitReportReporter -->
<testsuite hostname="QA-2-Win8_1-64" name="com.automation.main.supported_search_sources_admin_anonymous.TC22663ValidateSourceTypeAsRecordingTitleInSearchFieldOnRecordingLevelLoginAsGUEST" tests="1" failures="0" timestamp="18 Sep 2016 11:37:18 GMT" time="101.178" errors="0">
  <testcase name="test22662" time="101.178" classname="com.automation.main.supported_search_sources_admin_anonymous.TC22663ValidateSourceTypeAsRecordingTitleInSearchFieldOnRecordingLevelLoginAsGUEST"/>
</testsuite> <!-- com.automation.main.supported_search_sources_admin_anonymous.TC22663ValidateSourceTypeAsRecordingTitleInSearchFieldOnRecordingLevelLoginAsGUEST -->
