<?xml version="1.0" encoding="UTF-8"?>
<!-- Generated by org.testng.reporters.JUnitReportReporter -->
<testsuite hostname="DESKTOP-DEB4I2G" name="com.automation.main.TC17933VerifypastCourseWithStudentRecording" tests="1" failures="0" timestamp="29 Aug 2016 11:53:30 GMT" time="247.280" errors="0">
  <testcase name="test17929" time="247.280" classname="com.automation.main.TC17933VerifypastCourseWithStudentRecording"/>
</testsuite> <!-- com.automation.main.TC17933VerifypastCourseWithStudentRecording -->
