<?xml version="1.0" encoding="UTF-8"?>
<!-- Generated by org.testng.reporters.JUnitReportReporter -->
<testsuite hostname="QA-Mickael-Lap" name="com.automation.main.course_detailes_content_page.TC17041ValidateResumeBoxWhenRecordingIsPaused" tests="1" failures="0" timestamp="21 Oct 2016 08:39:01 GMT" time="190.373" errors="0">
  <testcase name="test17041" time="190.373" classname="com.automation.main.course_detailes_content_page.TC17041ValidateResumeBoxWhenRecordingIsPaused"/>
</testsuite> <!-- com.automation.main.course_detailes_content_page.TC17041ValidateResumeBoxWhenRecordingIsPaused -->
