<?xml version="1.0" encoding="UTF-8"?>
<!-- Generated by org.testng.reporters.JUnitReportReporter -->
<testsuite hostname="Qa-Aut-Win8-1_64" name="com.automation.main.TC21921EnterAsAnInstructorStudentToAPublicCourseInWhichYouDontHaveInstructorStudentPermissionsAndValidateThatYourPermissionsAreLikeGuest" tests="1" failures="1" timestamp="7 May 2016 11:12:51 GMT" time="0.046" errors="0">
  <testcase name="loginCourses" time="0.046" classname="com.automation.main.TC21921EnterAsAnInstructorStudentToAPublicCourseInWhichYouDontHaveInstructorStudentPermissionsAndValidateThatYourPermissionsAreLikeGuest">
    <failure type="java.lang.NullPointerException">
      <![CDATA[java.lang.NullPointerException
	at com.automation.main.DriverSelector.getDriver(DriverSelector.java:51)
	at com.automation.main.TC21921EnterAsAnInstructorStudentToAPublicCourseInWhichYouDontHaveInstructorStudentPermissionsAndValidateThatYourPermissionsAreLikeGuest.setup(TC21921EnterAsAnInstructorStudentToAPublicCourseInWhichYouDontHaveInstructorStudentPermissionsAndValidateThatYourPermissionsAreLikeGuest.java:95)
	at sun.reflect.NativeMethodAccessorImpl.invoke0(Native Method)
	at sun.reflect.NativeMethodAccessorImpl.invoke(Unknown Source)
	at sun.reflect.DelegatingMethodAccessorImpl.invoke(Unknown Source)
	at java.lang.reflect.Method.invoke(Unknown Source)
	at org.testng.internal.MethodInvocationHelper.invokeMethod(MethodInvocationHelper.java:80)
	at org.testng.internal.Invoker.invokeConfigurationMethod(Invoker.java:564)
	at org.testng.internal.Invoker.invokeConfigurations(Invoker.java:213)
	at org.testng.internal.Invoker.invokeConfigurations(Invoker.java:138)
	at org.testng.internal.TestMethodWorker.invokeBeforeClassMethods(TestMethodWorker.java:175)
	at org.testng.internal.TestMethodWorker.run(TestMethodWorker.java:107)
	at org.testng.TestRunner.privateRun(TestRunner.java:767)
	at org.testng.TestRunner.run(TestRunner.java:617)
	at org.testng.SuiteRunner.runTest(SuiteRunner.java:334)
	at org.testng.SuiteRunner.runSequentially(SuiteRunner.java:329)
	at org.testng.SuiteRunner.privateRun(SuiteRunner.java:291)
	at org.testng.SuiteRunner.run(SuiteRunner.java:240)
	at org.testng.SuiteRunnerWorker.runSuite(SuiteRunnerWorker.java:52)
	at org.testng.SuiteRunnerWorker.run(SuiteRunnerWorker.java:86)
	at org.testng.TestNG.runSuitesSequentially(TestNG.java:1198)
	at org.testng.TestNG.runSuitesLocally(TestNG.java:1123)
	at org.testng.TestNG.run(TestNG.java:1031)
	at org.testng.remote.RemoteTestNG.run(RemoteTestNG.java:115)
	at org.testng.remote.RemoteTestNG.initAndRun(RemoteTestNG.java:207)
	at org.testng.remote.RemoteTestNG.main(RemoteTestNG.java:178)
]]>
    </failure>
  </testcase> <!-- loginCourses -->
</testsuite> <!-- com.automation.main.TC21921EnterAsAnInstructorStudentToAPublicCourseInWhichYouDontHaveInstructorStudentPermissionsAndValidateThatYourPermissionsAreLikeGuest -->
