<?xml version="1.0" encoding="UTF-8"?>
<!-- Generated by org.testng.reporters.JUnitReportReporter -->
<testsuite hostname="QA-Mickael-Lap" name="com.automation.main.search.TC18903ValidateTheSourceTypeAsBookmarkInSearchFieldOnTheCourseLevel" tests="1" failures="0" timestamp="18 Oct 2016 00:42:54 GMT" time="115.059" errors="0">
  <testcase name="test18903" time="115.059" classname="com.automation.main.search.TC18903ValidateTheSourceTypeAsBookmarkInSearchFieldOnTheCourseLevel"/>
</testsuite> <!-- com.automation.main.search.TC18903ValidateTheSourceTypeAsBookmarkInSearchFieldOnTheCourseLevel -->
