<?xml version="1.0" encoding="UTF-8"?>
<!-- Generated by org.testng.reporters.JUnitReportReporter -->
<testsuite hostname="QA-2-Win8_1-64" name="com.automation.main.supported_search_sources_admin_anonymous.TC23083ValidateTheFunctionalityOfSpecialCharactersInSearchFieldRecordingLevelLoginAsADMIN" tests="1" failures="0" timestamp="25 Sep 2016 07:57:46 GMT" time="366.444" errors="0">
  <testcase name="test22662" time="366.444" classname="com.automation.main.supported_search_sources_admin_anonymous.TC23083ValidateTheFunctionalityOfSpecialCharactersInSearchFieldRecordingLevelLoginAsADMIN"/>
</testsuite> <!-- com.automation.main.supported_search_sources_admin_anonymous.TC23083ValidateTheFunctionalityOfSpecialCharactersInSearchFieldRecordingLevelLoginAsADMIN -->
