<?xml version="1.0" encoding="UTF-8"?>
<!-- Generated by org.testng.reporters.JUnitReportReporter -->
<testsuite hostname="QA-Mickael-Lap" name="com.automation.main.admin_course_view_recording_tasks.TC24923ValidateThatYouCannotClickOnCopyRecordingsWhenYouHaventChoseACourseYet" tests="1" failures="0" timestamp="18 Oct 2016 00:42:55 GMT" time="36.353" errors="0">
  <testcase name="test24923" time="36.353" classname="com.automation.main.admin_course_view_recording_tasks.TC24923ValidateThatYouCannotClickOnCopyRecordingsWhenYouHaventChoseACourseYet"/>
</testsuite> <!-- com.automation.main.admin_course_view_recording_tasks.TC24923ValidateThatYouCannotClickOnCopyRecordingsWhenYouHaventChoseACourseYet -->
