<?xml version="1.0" encoding="UTF-8"?>
<!-- Generated by org.testng.reporters.JUnitReportReporter -->
<testsuite hostname="QA-Mickael-Lap" name="com.automation.main.move_recording.TC15595TryToMoveRecordingWhileItIsBeingCopied" tests="1" failures="0" timestamp="18 Oct 2016 00:42:54 GMT" time="72.946" errors="0">
  <testcase name="test15595" time="72.946" classname="com.automation.main.move_recording.TC15595TryToMoveRecordingWhileItIsBeingCopied"/>
</testsuite> <!-- com.automation.main.move_recording.TC15595TryToMoveRecordingWhileItIsBeingCopied -->
