<?xml version="1.0" encoding="UTF-8"?>
<!-- Generated by org.testng.reporters.JUnitReportReporter -->
<testsuite hostname="QA-Mickael-Lap" name="com.automation.main.search.TC18842ValidateTheSourceTypeAsFileInSearchFieldOnTheCourseLevel" tests="1" failures="0" timestamp="18 Oct 2016 00:42:55 GMT" time="142.223" errors="0">
  <testcase name="test18842" time="142.223" classname="com.automation.main.search.TC18842ValidateTheSourceTypeAsFileInSearchFieldOnTheCourseLevel"/>
</testsuite> <!-- com.automation.main.search.TC18842ValidateTheSourceTypeAsFileInSearchFieldOnTheCourseLevel -->
