<?xml version="1.0" encoding="UTF-8"?>
<!-- Generated by org.testng.reporters.JUnitReportReporter -->
<testsuite hostname="QA-Mickael-Lap" name="com.automation.main.pre_post_test.PreTest" tests="3" failures="0" timestamp="10 Oct 2016 23:07:52 GMT" time="679.528" errors="0">
  <testcase name="loadPage" time="7.761" classname="com.automation.main.pre_post_test.PreTest"/>
  <testcase name="testME" time="0.012" classname="com.automation.main.pre_post_test.PreTest"/>
  <testcase name="loginCourses" time="671.755" classname="com.automation.main.pre_post_test.PreTest"/>
</testsuite> <!-- com.automation.main.pre_post_test.PreTest -->
