<?xml version="1.0" encoding="UTF-8"?>
<!-- Generated by org.testng.reporters.JUnitReportReporter -->
<testsuite hostname="QA-2-Win8_1-64" name="com.automation.main.pre_post_test.TestSuitePreSetCopyRecordings_PrivateCourses" tests="2" failures="0" timestamp="20 Sep 2016 08:47:45 GMT" time="158.463" errors="0">
  <testcase name="loadPage" time="4.544" classname="com.automation.main.pre_post_test.TestSuitePreSetCopyRecordings_PrivateCourses"/>
  <testcase name="loginCourses" time="153.919" classname="com.automation.main.pre_post_test.TestSuitePreSetCopyRecordings_PrivateCourses"/>
</testsuite> <!-- com.automation.main.pre_post_test.TestSuitePreSetCopyRecordings_PrivateCourses -->
