<?xml version="1.0" encoding="UTF-8"?>
<!-- Generated by org.testng.reporters.JUnitReportReporter -->
<<<<<<< HEAD
<testsuite hostname="QA-2-Win8_1-64" name="com.automation.main.TestCaseCopyRecordingToTheSameCourse" tests="2" failures="0" timestamp="18 Jan 2016 12:54:43 GMT" time="83.011" errors="0">
  <testcase name="loadPage" time="2.279" classname="com.automation.main.TestCaseCopyRecordingToTheSameCourse"/>
  <testcase name="loginCourses" time="80.732" classname="com.automation.main.TestCaseCopyRecordingToTheSameCourse"/>
=======
<testsuite hostname="QA-2-Win8_1-64" name="com.automation.main.TestCaseCopyRecordingToTheSameCourse" tests="2" failures="0" timestamp="18 Jan 2016 10:40:40 GMT" time="58.492" errors="0">
  <testcase name="loadPage" time="3.325" classname="com.automation.main.TestCaseCopyRecordingToTheSameCourse"/>
  <testcase name="loginCourses" time="55.167" classname="com.automation.main.TestCaseCopyRecordingToTheSameCourse"/>
>>>>>>> refs/heads/roman-branch
</testsuite> <!-- com.automation.main.TestCaseCopyRecordingToTheSameCourse -->
