<?xml version="1.0" encoding="UTF-8"?>
<!-- Generated by org.testng.reporters.JUnitReportReporter -->
<testsuite hostname="QA-Mickael-Lap" name="com.automation.main.copy_recording.TC17366VerifySortingOfCoursesInCopyWindowOfProctoringRecordings" tests="1" failures="0" timestamp="18 Oct 2016 00:42:54 GMT" time="57.320" errors="0">
  <testcase name="test17366" time="57.320" classname="com.automation.main.copy_recording.TC17366VerifySortingOfCoursesInCopyWindowOfProctoringRecordings"/>
</testsuite> <!-- com.automation.main.copy_recording.TC17366VerifySortingOfCoursesInCopyWindowOfProctoringRecordings -->
