<?xml version="1.0" encoding="UTF-8"?>
<!-- Generated by org.testng.reporters.JUnitReportReporter -->
<testsuite hostname="QA-Mickael-Lap" name="com.automation.main.move_recording.TC15586TryToMoveWithoutSelectingACourse" tests="1" failures="0" timestamp="18 Oct 2016 00:42:54 GMT" time="19.713" errors="0">
  <testcase name="test15586" time="19.713" classname="com.automation.main.move_recording.TC15586TryToMoveWithoutSelectingACourse"/>
</testsuite> <!-- com.automation.main.move_recording.TC15586TryToMoveWithoutSelectingACourse -->
