<?xml version="1.0" encoding="UTF-8"?>
<!-- Generated by org.testng.reporters.JUnitReportReporter -->
<testsuite hostname="DESKTOP-DEB4I2G" name="com.automation.main.TCase24766VerifyCopyFromPastCourseToActiveCourse" tests="1" failures="0" timestamp="18 Aug 2016 14:46:13 GMT" time="279.942" errors="0">
  <testcase name="test24766" time="279.942" classname="com.automation.main.TCase24766VerifyCopyFromPastCourseToActiveCourse"/>
</testsuite> <!-- com.automation.main.TCase24766VerifyCopyFromPastCourseToActiveCourse -->
