<?xml version="1.0" encoding="UTF-8"?>
<!-- Generated by org.testng.reporters.JUnitReportReporter -->
<testsuite hostname="Kosta-W10-64" name="com.automation.main.TC15468AddFirstFileVerifyNewTabAdditionalContentCreated" tests="1" failures="0" timestamp="23 Mar 2016 12:36:51 GMT" time="126.675" errors="0">
  <testcase name="test15468" time="126.675" classname="com.automation.main.TC15468AddFirstFileVerifyNewTabAdditionalContentCreated"/>
</testsuite> <!-- com.automation.main.TC15468AddFirstFileVerifyNewTabAdditionalContentCreated -->
