<?xml version="1.0" encoding="UTF-8"?>
<!-- Generated by org.testng.reporters.JUnitReportReporter -->
<testsuite hostname="QA-2-Win8_1-64" name="com.automation.main.TC15824TryToDeleteContentAsAStudent" tests="1" failures="0" timestamp="28 Aug 2016 06:44:25 GMT" time="11.365" errors="0">
  <testcase name="loginCourses" time="11.365" classname="com.automation.main.TC15824TryToDeleteContentAsAStudent"/>
</testsuite> <!-- com.automation.main.TC15824TryToDeleteContentAsAStudent -->
