<?xml version="1.0" encoding="UTF-8"?>
<!-- Generated by org.testng.reporters.JUnitReportReporter -->
<testsuite hostname="QA-2-Win8_1-64" name="com.automation.main.TC22007ValidateCopyWindowUI" tests="3" failures="0" timestamp="6 Sep 2016 13:00:53 GMT" time="51.163" errors="0">
  <testcase name="testME" time="0.008" classname="com.automation.main.TC22007ValidateCopyWindowUI"/>
  <testcase name="loginCourses" time="46.031" classname="com.automation.main.TC22007ValidateCopyWindowUI"/>
  <testcase name="loadPage" time="5.124" classname="com.automation.main.TC22007ValidateCopyWindowUI"/>
</testsuite> <!-- com.automation.main.TC22007ValidateCopyWindowUI -->
