<?xml version="1.0" encoding="UTF-8"?>
<!-- Generated by org.testng.reporters.JUnitReportReporter -->
<testsuite hostname="QA-2-Win8_1-64" name="com.automation.main.course_detailes_content_page.TC19513ValidateLoadingIsHandeledWhenCourseHaveAGreatAmountOfRecordings" tests="1" failures="0" timestamp="9 Oct 2016 10:25:12 GMT" time="1211.825" errors="0">
  <testcase name="test19513" time="1211.825" classname="com.automation.main.course_detailes_content_page.TC19513ValidateLoadingIsHandeledWhenCourseHaveAGreatAmountOfRecordings"/>
</testsuite> <!-- com.automation.main.course_detailes_content_page.TC19513ValidateLoadingIsHandeledWhenCourseHaveAGreatAmountOfRecordings -->
