<?xml version="1.0" encoding="UTF-8"?>
<!-- Generated by org.testng.reporters.JUnitReportReporter -->
<testsuite hostname="QA-Mickael-Lap" name="com.automation.main.copy_recording.TC15601TryToCopyRecordingAsAStudent" tests="1" failures="0" timestamp="18 Oct 2016 00:42:54 GMT" time="20.298" errors="0">
  <testcase name="test15601" time="20.298" classname="com.automation.main.copy_recording.TC15601TryToCopyRecordingAsAStudent"/>
</testsuite> <!-- com.automation.main.copy_recording.TC15601TryToCopyRecordingAsAStudent -->
