<?xml version="1.0" encoding="UTF-8"?>
<!-- Generated by org.testng.reporters.JUnitReportReporter -->
<testsuite hostname="QA-Mickael-Lap" name="com.automation.main.pre_post_test.TestSuitePreSetCopyRecordings_CourseDetails" tests="1" failures="0" timestamp="21 Oct 2016 08:39:01 GMT" time="133.889" errors="0">
  <testcase name="loginCourses" time="133.889" classname="com.automation.main.pre_post_test.TestSuitePreSetCopyRecordings_CourseDetails"/>
</testsuite> <!-- com.automation.main.pre_post_test.TestSuitePreSetCopyRecordings_CourseDetails -->
