<?xml version="1.0" encoding="UTF-8"?>
<!-- Generated by org.testng.reporters.JUnitReportReporter -->
<testsuite hostname="QA-Mickael-Lap" name="com.automation.main.add_additional_content_file.TC15452AddTxtFile" tests="1" failures="0" timestamp="18 Oct 2016 00:42:54 GMT" time="40.069" errors="0">
  <testcase name="test15452" time="40.069" classname="com.automation.main.add_additional_content_file.TC15452AddTxtFile"/>
</testsuite> <!-- com.automation.main.add_additional_content_file.TC15452AddTxtFile -->
