<?xml version="1.0" encoding="UTF-8"?>
<!-- Generated by org.testng.reporters.JUnitReportReporter -->
<testsuite hostname="QA-2-Win8_1-64" name="com.automation.main.TestCaseCopyRecordingWithPodcast" tests="2" failures="0" timestamp="18 Jan 2016 10:31:52 GMT" time="122.086" errors="0">
  <testcase name="loadPage" time="2.360" classname="com.automation.main.TestCaseCopyRecordingWithPodcast"/>
  <testcase name="loginCourses" time="119.726" classname="com.automation.main.TestCaseCopyRecordingWithPodcast"/>
</testsuite> <!-- com.automation.main.TestCaseCopyRecordingWithPodcast -->
