<?xml version="1.0" encoding="UTF-8"?>
<!-- Generated by org.testng.reporters.JUnitReportReporter -->
<testsuite hostname="QA-2-Win8_1-64" name="com.automation.main.TC18840ValidateTheSourceTypeAsRecordingTitleInSearchFieldOnTheCourseLevel" tests="2" failures="0" timestamp="28 Aug 2016 07:40:12 GMT" time="181.080" errors="0">
  <testcase name="loginCourses" time="177.934" classname="com.automation.main.TC18840ValidateTheSourceTypeAsRecordingTitleInSearchFieldOnTheCourseLevel"/>
  <testcase name="loadPage" time="3.146" classname="com.automation.main.TC18840ValidateTheSourceTypeAsRecordingTitleInSearchFieldOnTheCourseLevel"/>
</testsuite> <!-- com.automation.main.TC18840ValidateTheSourceTypeAsRecordingTitleInSearchFieldOnTheCourseLevel -->
