<?xml version="1.0" encoding="UTF-8"?>
<!-- Generated by org.testng.reporters.JUnitReportReporter -->
<testsuite hostname="QA-Mickael-Lap" name="com.automation.main.search.TC18841ValidateTheSourceTypeAsChapterKeywordInSearchFieldOnTheCourseLevel" tests="1" failures="0" timestamp="18 Oct 2016 00:42:54 GMT" time="306.692" errors="0">
  <testcase name="test18841" time="306.692" classname="com.automation.main.search.TC18841ValidateTheSourceTypeAsChapterKeywordInSearchFieldOnTheCourseLevel"/>
</testsuite> <!-- com.automation.main.search.TC18841ValidateTheSourceTypeAsChapterKeywordInSearchFieldOnTheCourseLevel -->
