<?xml version="1.0" encoding="UTF-8"?>
<!-- Generated by org.testng.reporters.JUnitReportReporter -->
<testsuite hostname="QA-2-Win8_1-64" name="com.automation.main.TC15550CopyOneRecordingToSeveralCoureses" tests="2" failures="0" timestamp="4 Sep 2016 09:03:51 GMT" time="432.463" errors="0">
  <testcase name="loadPage" time="2.888" classname="com.automation.main.TC15550CopyOneRecordingToSeveralCoureses"/>
  <testcase name="loginCourses" time="429.575" classname="com.automation.main.TC15550CopyOneRecordingToSeveralCoureses"/>
</testsuite> <!-- com.automation.main.TC15550CopyOneRecordingToSeveralCoureses -->
