<?xml version="1.0" encoding="UTF-8"?>
<!-- Generated by org.testng.reporters.JUnitReportReporter -->
<testsuite hostname="QA-2-Win8_1-64" name="com.automation.main.TC15449AddPptxFile" tests="1" failures="0" timestamp="31 Aug 2016 07:05:04 GMT" time="101.324" errors="0">
  <testcase name="TC15449" time="101.324" classname="com.automation.main.TC15449AddPptxFile"/>
</testsuite> <!-- com.automation.main.TC15449AddPptxFile -->
