<?xml version="1.0" encoding="UTF-8"?>
<!-- Generated by org.testng.reporters.JUnitReportReporter -->
<testsuite hostname="QA-2-Win8_1-64" name="com.automation.main.TC18933ValidateTheRecordingIsNotDisplayedInCourseThatStudentDoesNotInRoll" tests="2" failures="0" timestamp="5 Sep 2016 21:48:09 GMT" time="176.438" errors="0">
  <testcase name="loadPage" time="4.488" classname="com.automation.main.TC18933ValidateTheRecordingIsNotDisplayedInCourseThatStudentDoesNotInRoll"/>
  <testcase name="loginCourses" time="171.950" classname="com.automation.main.TC18933ValidateTheRecordingIsNotDisplayedInCourseThatStudentDoesNotInRoll"/>
</testsuite> <!-- com.automation.main.TC18933ValidateTheRecordingIsNotDisplayedInCourseThatStudentDoesNotInRoll -->
