<?xml version="1.0" encoding="UTF-8"?>
<!-- Generated by org.testng.reporters.JUnitReportReporter -->
<testsuite hostname="QA-2-Win8_1-64" name="com.automation.main.TC19317VerifyThatPrivateCourseIsNotAccessibleForStudents" tests="1" failures="0" timestamp="13 Sep 2016 06:54:02 GMT" time="121.612" errors="0">
  <testcase name="loginCourses" time="121.612" classname="com.automation.main.TC19317VerifyThatPrivateCourseIsNotAccessibleForStudents"/>
</testsuite> <!-- com.automation.main.TC19317VerifyThatPrivateCourseIsNotAccessibleForStudents -->
