<?xml version="1.0" encoding="UTF-8"?>
<!-- Generated by org.testng.reporters.JUnitReportReporter -->
<testsuite hostname="QA-Mickael-Lap" name="com.automation.main.pre_post_test.TestSuitePreSetCopyRecordings_DeleteAdditional" tests="1" failures="0" timestamp="18 Oct 2016 00:42:54 GMT" time="104.889" errors="0">
  <testcase name="loginCourses" time="104.889" classname="com.automation.main.pre_post_test.TestSuitePreSetCopyRecordings_DeleteAdditional"/>
</testsuite> <!-- com.automation.main.pre_post_test.TestSuitePreSetCopyRecordings_DeleteAdditional -->
