<?xml version="1.0" encoding="UTF-8"?>
<!-- Generated by org.testng.reporters.JUnitReportReporter -->
<testsuite hostname="DESKTOP-DEB4I2G" name="com.automation.main.TC17905TryToCopyFromPastCourseToAnotherPastCourseToItself" tests="1" failures="0" timestamp="22 Aug 2016 14:28:30 GMT" time="5.087" errors="0">
  <testcase name="loadPage" time="5.087" classname="com.automation.main.TC17905TryToCopyFromPastCourseToAnotherPastCourseToItself"/>
</testsuite> <!-- com.automation.main.TC17905TryToCopyFromPastCourseToAnotherPastCourseToItself -->
