<?xml version="1.0" encoding="UTF-8"?>
<!-- Generated by org.testng.reporters.JUnitReportReporter -->
<testsuite hostname="QA-2-Win8_1-64" name="com.automation.main.supported_search.TC22694ValidateTheFunctionalityOfResultsNumberInSearchFieldAsADMIN" tests="1" failures="0" timestamp="26 Oct 2016 06:39:33 GMT" time="91.798" errors="0">
  <testcase name="test22694" time="91.798" classname="com.automation.main.supported_search.TC22694ValidateTheFunctionalityOfResultsNumberInSearchFieldAsADMIN"/>
</testsuite> <!-- com.automation.main.supported_search.TC22694ValidateTheFunctionalityOfResultsNumberInSearchFieldAsADMIN -->
