<?xml version="1.0" encoding="UTF-8"?>
<!-- Generated by org.testng.reporters.JUnitReportReporter -->
<testsuite hostname="QA-2-Win8_1-64" name="com.automation.main.supported_search_sources_admin_anonymous.TC22656ValidateTheSourceTypeAsRecordingTitleInSearchFieldOnRecordingLevelLoginAsADMIN" tests="1" failures="0" timestamp="20 Sep 2016 09:14:48 GMT" time="177.554" errors="0">
  <testcase name="test22656" time="177.554" classname="com.automation.main.supported_search_sources_admin_anonymous.TC22656ValidateTheSourceTypeAsRecordingTitleInSearchFieldOnRecordingLevelLoginAsADMIN"/>
</testsuite> <!-- com.automation.main.supported_search_sources_admin_anonymous.TC22656ValidateTheSourceTypeAsRecordingTitleInSearchFieldOnRecordingLevelLoginAsADMIN -->
