<?xml version="1.0" encoding="UTF-8"?>
<!-- Generated by org.testng.reporters.JUnitReportReporter -->
<testsuite hostname="QA-2-Win8_1-64" name="com.automation.main.add_additional_content_file.TC15455AddMp3File" tests="1" failures="0" timestamp="18 Oct 2016 10:20:35 GMT" time="86.180" errors="0">
  <testcase name="test15455" time="86.180" classname="com.automation.main.add_additional_content_file.TC15455AddMp3File"/>
</testsuite> <!-- com.automation.main.add_additional_content_file.TC15455AddMp3File -->
