<?xml version="1.0" encoding="UTF-8"?>
<!-- Generated by org.testng.reporters.JUnitReportReporter -->
<testsuite hostname="QA-2-Win8_1-64" name="com.automation.main.course_detailes_content_page.TC24617ValidateBookmarkIconIsDisplayedForAnHelpDeskAdmin" tests="1" failures="0" timestamp="9 Oct 2016 11:58:39 GMT" time="47.939" errors="0">
  <testcase name="test24617" time="47.939" classname="com.automation.main.course_detailes_content_page.TC24617ValidateBookmarkIconIsDisplayedForAnHelpDeskAdmin"/>
</testsuite> <!-- com.automation.main.course_detailes_content_page.TC24617ValidateBookmarkIconIsDisplayedForAnHelpDeskAdmin -->
