<?xml version="1.0" encoding="UTF-8"?>
<!-- Generated by org.testng.reporters.JUnitReportReporter -->
<testsuite hostname="Kosta-W10-64" name="com.automation.main.TC15534ExixtenceOfUIItemsCopy" tests="2" failures="0" timestamp="14 Apr 2016 07:54:48 GMT" time="55.455" errors="0">
  <testcase name="testUiExistence" time="55.440" classname="com.automation.main.TC15534ExixtenceOfUIItemsCopy"/>
  <testcase name="testME" time="0.015" classname="com.automation.main.TC15534ExixtenceOfUIItemsCopy"/>
</testsuite> <!-- com.automation.main.TC15534ExixtenceOfUIItemsCopy -->
