<?xml version="1.0" encoding="UTF-8"?>
<!-- Generated by org.testng.reporters.JUnitReportReporter -->
<testsuite hostname="QA-Mickael-Lap" name="com.automation.main.delete_additional_content.TC15812ExistenceofUIitems" tests="1" failures="0" timestamp="18 Oct 2016 00:42:54 GMT" time="16.163" errors="0">
  <testcase name="test15812" time="16.163" classname="com.automation.main.delete_additional_content.TC15812ExistenceofUIitems"/>
</testsuite> <!-- com.automation.main.delete_additional_content.TC15812ExistenceofUIitems -->
