<?xml version="1.0" encoding="UTF-8"?>
<!-- Generated by org.testng.reporters.JUnitReportReporter -->
<testsuite hostname="QA-2-Win8_1-64" name="com.automation.main.course_detailes_content_page.TC15711ValidateResumeBoxUI" tests="1" failures="0" timestamp="9 Oct 2016 14:14:32 GMT" time="196.268" errors="0">
  <testcase name="test15711" time="196.268" classname="com.automation.main.course_detailes_content_page.TC15711ValidateResumeBoxUI"/>
</testsuite> <!-- com.automation.main.course_detailes_content_page.TC15711ValidateResumeBoxUI -->
