<?xml version="1.0" encoding="UTF-8"?>
<!-- Generated by org.testng.reporters.JUnitReportReporter -->
<testsuite hostname="QA-2-Win8_1-64" name="com.automation.main.edit_recording_properties.TC17011ValidateRecordingDateChangeFunctionality" tests="1" failures="0" timestamp="2 Nov 2016 14:28:56 GMT" time="141.225" errors="0">
  <testcase name="test17011" time="141.225" classname="com.automation.main.edit_recording_properties.TC17011ValidateRecordingDateChangeFunctionality"/>
</testsuite> <!-- com.automation.main.edit_recording_properties.TC17011ValidateRecordingDateChangeFunctionality -->
