<?xml version="1.0" encoding="UTF-8"?>
<!-- Generated by org.testng.reporters.JUnitReportReporter -->
<testsuite hostname="QA-Mickael-Lap" name="com.automation.main.past_courses.TC17929And17941And17944PastCourses" tests="3" failures="0" timestamp="18 Oct 2016 00:42:54 GMT" time="261.390" errors="0">
  <testcase name="test17929" time="167.012" classname="com.automation.main.past_courses.TC17929And17941And17944PastCourses"/>
  <testcase name="test17941" time="31.821" classname="com.automation.main.past_courses.TC17929And17941And17944PastCourses"/>
  <testcase name="test17944" time="62.557" classname="com.automation.main.past_courses.TC17929And17941And17944PastCourses"/>
</testsuite> <!-- com.automation.main.past_courses.TC17929And17941And17944PastCourses -->
