<?xml version="1.0" encoding="UTF-8"?>
<!-- Generated by org.testng.reporters.JUnitReportReporter -->
<testsuite hostname="QA-2-Win8_1-64" name="com.automation.main.search_field_and_search_results_page.TC18842ValidateTheSourceTypeAsFileInSearchFieldOnTheCourseLevel" tests="2" failures="0" timestamp="21 Sep 2016 10:14:51 GMT" time="347.213" errors="0">
  <testcase name="loginCourses" time="338.552" classname="com.automation.main.search_field_and_search_results_page.TC18842ValidateTheSourceTypeAsFileInSearchFieldOnTheCourseLevel"/>
  <testcase name="loadPage" time="8.661" classname="com.automation.main.search_field_and_search_results_page.TC18842ValidateTheSourceTypeAsFileInSearchFieldOnTheCourseLevel"/>
</testsuite> <!-- com.automation.main.search_field_and_search_results_page.TC18842ValidateTheSourceTypeAsFileInSearchFieldOnTheCourseLevel -->
