<?xml version="1.0" encoding="UTF-8"?>
<!-- Generated by org.testng.reporters.JUnitReportReporter -->
<testsuite hostname="QA-2-Win8_1-64" name="com.automation.main.course_detailes_content_page.TC17050ValidateUserSeperationWhenWatchingRecording" tests="1" failures="0" timestamp="10 Oct 2016 11:41:12 GMT" time="244.076" errors="0">
  <testcase name="test17050" time="244.076" classname="com.automation.main.course_detailes_content_page.TC17050ValidateUserSeperationWhenWatchingRecording"/>
</testsuite> <!-- com.automation.main.course_detailes_content_page.TC17050ValidateUserSeperationWhenWatchingRecording -->
