<?xml version="1.0" encoding="UTF-8"?>
<!-- Generated by org.testng.reporters.JUnitReportReporter -->
<testsuite hostname="QA-2-Win8_1-64" name="com.automation.main.add_additional_content_file.TC15454AddAviFile" tests="1" failures="0" timestamp="5 Oct 2016 14:40:42 GMT" time="93.523" errors="0">
  <testcase name="test15454" time="93.523" classname="com.automation.main.add_additional_content_file.TC15454AddAviFile"/>
</testsuite> <!-- com.automation.main.add_additional_content_file.TC15454AddAviFile -->
