<?xml version="1.0" encoding="UTF-8"?>
<!-- Generated by org.testng.reporters.JUnitReportReporter -->
<testsuite hostname="QA-2-Win8_1-64" name="com.automation.main.TC18878ValidateTheSourceTypeAsCloseCaptionInSearchFieldOnTheAllCoursesLevel" tests="2" failures="0" timestamp="25 Aug 2016 12:42:45 GMT" time="359.977" errors="0">
  <testcase name="loadPage" time="4.132" classname="com.automation.main.TC18878ValidateTheSourceTypeAsCloseCaptionInSearchFieldOnTheAllCoursesLevel"/>
  <testcase name="loginCourses" time="355.845" classname="com.automation.main.TC18878ValidateTheSourceTypeAsCloseCaptionInSearchFieldOnTheAllCoursesLevel"/>
</testsuite> <!-- com.automation.main.TC18878ValidateTheSourceTypeAsCloseCaptionInSearchFieldOnTheAllCoursesLevel -->
