<?xml version="1.0" encoding="UTF-8"?>
<!-- Generated by org.testng.reporters.JUnitReportReporter -->
<testsuite hostname="QA-2-Win8_1-64" name="com.automation.main.TC22662ValidateInvalidSearchOfRecordingTitleInSearchFieldOnRecordingLevelLoginAsADMIN" tests="1" failures="0" timestamp="15 Sep 2016 09:04:22 GMT" time="131.029" errors="0">
  <testcase name="test22662" time="131.029" classname="com.automation.main.TC22662ValidateInvalidSearchOfRecordingTitleInSearchFieldOnRecordingLevelLoginAsADMIN"/>
</testsuite> <!-- com.automation.main.TC22662ValidateInvalidSearchOfRecordingTitleInSearchFieldOnRecordingLevelLoginAsADMIN -->
