<?xml version="1.0" encoding="UTF-8"?>
<!-- Generated by org.testng.reporters.JUnitReportReporter -->
<testsuite hostname="QA-2-Win8_1-64" name="com.automation.main.TC15593MoveRecordingToACourseWhereRecordingWithSameTitleExists" tests="2" failures="0" timestamp="25 Aug 2016 09:34:26 GMT" time="467.010" errors="0">
  <testcase name="loadPage" time="2.622" classname="com.automation.main.TC15593MoveRecordingToACourseWhereRecordingWithSameTitleExists"/>
  <testcase name="loginCourses" time="464.388" classname="com.automation.main.TC15593MoveRecordingToACourseWhereRecordingWithSameTitleExists"/>
</testsuite> <!-- com.automation.main.TC15593MoveRecordingToACourseWhereRecordingWithSameTitleExists -->
