<?xml version="1.0" encoding="UTF-8"?>
<!-- Generated by org.testng.reporters.JUnitReportReporter -->
<testsuite hostname="QA-Mickael-Lap" name="com.automation.main.supported_search.TC23083ValidateTheFunctionalityOfSpecialCharactersInSearchFieldRecordingLevelLoginAsADMIN" tests="1" failures="0" timestamp="18 Oct 2016 00:42:55 GMT" time="114.878" errors="0">
  <testcase name="test23083" time="114.878" classname="com.automation.main.supported_search.TC23083ValidateTheFunctionalityOfSpecialCharactersInSearchFieldRecordingLevelLoginAsADMIN"/>
</testsuite> <!-- com.automation.main.supported_search.TC23083ValidateTheFunctionalityOfSpecialCharactersInSearchFieldRecordingLevelLoginAsADMIN -->
