<?xml version="1.0" encoding="UTF-8"?>
<!-- Generated by org.testng.reporters.JUnitReportReporter -->
<testsuite hostname="QA-Mickael-Lap" name="com.automation.main.course_detailes_content_page.TC17048ValidateNoResumeBoxWhenRecordingCompletelyWatchedAndCloseBrowser" tests="1" failures="0" timestamp="21 Oct 2016 08:39:01 GMT" time="220.819" errors="0">
  <testcase name="test17048" time="220.819" classname="com.automation.main.course_detailes_content_page.TC17048ValidateNoResumeBoxWhenRecordingCompletelyWatchedAndCloseBrowser"/>
</testsuite> <!-- com.automation.main.course_detailes_content_page.TC17048ValidateNoResumeBoxWhenRecordingCompletelyWatchedAndCloseBrowser -->
