<?xml version="1.0" encoding="UTF-8"?>
<!-- Generated by org.testng.reporters.JUnitReportReporter -->
<testsuite hostname="QA-2-Win8_1-64" name="com.automation.main.supported_search_sources_admin_anonymous.TC22737ValidatePersonlBookmarksAreNotDisplayedOnSearchResultOnTheRecordingLevelLoginAsADMIN" tests="1" failures="0" timestamp="21 Sep 2016 13:49:01 GMT" time="126.645" errors="0">
  <testcase name="test22693" time="126.645" classname="com.automation.main.supported_search_sources_admin_anonymous.TC22737ValidatePersonlBookmarksAreNotDisplayedOnSearchResultOnTheRecordingLevelLoginAsADMIN"/>
</testsuite> <!-- com.automation.main.supported_search_sources_admin_anonymous.TC22737ValidatePersonlBookmarksAreNotDisplayedOnSearchResultOnTheRecordingLevelLoginAsADMIN -->
