<?xml version="1.0" encoding="UTF-8"?>
<!-- Generated by org.testng.reporters.JUnitReportReporter -->
<testsuite hostname="QA-2-Win8_1-64" name="com.automation.main.course_detailes_content_page.TC17048ValidateNoResumeBoxWhenRecordingCompletelyWatchedAndCloseBrowser" tests="1" failures="0" timestamp="10 Oct 2016 09:02:54 GMT" time="399.536" errors="0">
  <testcase name="test17048" time="399.536" classname="com.automation.main.course_detailes_content_page.TC17048ValidateNoResumeBoxWhenRecordingCompletelyWatchedAndCloseBrowser"/>
</testsuite> <!-- com.automation.main.course_detailes_content_page.TC17048ValidateNoResumeBoxWhenRecordingCompletelyWatchedAndCloseBrowser -->
