<?xml version="1.0" encoding="UTF-8"?>
<!-- Generated by org.testng.reporters.JUnitReportReporter -->
<testsuite hostname="DESKTOP-DEB4I2G" name="com.automation.main.TC17938VerifyPastCourseWithTestRecording" tests="1" failures="0" timestamp="22 Aug 2016 14:28:30 GMT" time="220.161" errors="0">
  <testcase name="test17938" time="220.161" classname="com.automation.main.TC17938VerifyPastCourseWithTestRecording"/>
</testsuite> <!-- com.automation.main.TC17938VerifyPastCourseWithTestRecording -->
