<?xml version="1.0" encoding="UTF-8"?>
<!-- Generated by org.testng.reporters.JUnitReportReporter -->
<testsuite hostname="QA-2-Win8_1-64" name="com.automation.main.course_detailes_content_page.TC17041ValidateResumeBoxWhenRecordingIsPaused" tests="1" failures="0" timestamp="10 Oct 2016 14:45:27 GMT" time="327.525" errors="0">
  <testcase name="test17041" time="327.525" classname="com.automation.main.course_detailes_content_page.TC17041ValidateResumeBoxWhenRecordingIsPaused"/>
</testsuite> <!-- com.automation.main.course_detailes_content_page.TC17041ValidateResumeBoxWhenRecordingIsPaused -->
