<?xml version="1.0" encoding="UTF-8"?>
<!-- Generated by org.testng.reporters.JUnitReportReporter -->
<testsuite hostname="QA-Mickael-Lap" name="com.automation.main.search.TC18857ValidateTheSourceTypeAsRecordingChapterInSearchFieldOnTheActivCourseLevel" tests="1" failures="0" timestamp="18 Oct 2016 00:42:54 GMT" time="171.611" errors="0">
  <testcase name="test18857" time="171.611" classname="com.automation.main.search.TC18857ValidateTheSourceTypeAsRecordingChapterInSearchFieldOnTheActivCourseLevel"/>
</testsuite> <!-- com.automation.main.search.TC18857ValidateTheSourceTypeAsRecordingChapterInSearchFieldOnTheActivCourseLevel -->
