<?xml version="1.0" encoding="UTF-8"?>
<!-- Generated by org.testng.reporters.JUnitReportReporter -->
<testsuite hostname="QA-Mickael-Lap" name="com.automation.main.delete_additional_content.TC15823DeleteSeveralContentItems" tests="1" failures="0" timestamp="18 Oct 2016 00:42:54 GMT" time="49.364" errors="0">
  <testcase name="test15823" time="49.364" classname="com.automation.main.delete_additional_content.TC15823DeleteSeveralContentItems"/>
</testsuite> <!-- com.automation.main.delete_additional_content.TC15823DeleteSeveralContentItems -->
