<?xml version="1.0" encoding="UTF-8"?>
<!-- Generated by org.testng.reporters.JUnitReportReporter -->
<testsuite hostname="QA-Mickael-Lap" name="com.automation.main.move_recording.TC15580ExistenceOfUIItemsMove" tests="1" failures="0" timestamp="18 Oct 2016 00:42:54 GMT" time="57.308" errors="0">
  <testcase name="test15580" time="57.308" classname="com.automation.main.move_recording.TC15580ExistenceOfUIItemsMove"/>
</testsuite> <!-- com.automation.main.move_recording.TC15580ExistenceOfUIItemsMove -->
