<?xml version="1.0" encoding="UTF-8"?>
<!-- Generated by org.testng.reporters.JUnitReportReporter -->
<testsuite hostname="QA-2-Win8_1-64" name="com.automation.main.TC18877ValidateTheSourceTypeAsLinkInSearchFieldOnTheAllCoursesLevel" tests="2" failures="0" timestamp="5 Sep 2016 21:48:09 GMT" time="123.418" errors="0">
  <testcase name="loadPage" time="4.324" classname="com.automation.main.TC18877ValidateTheSourceTypeAsLinkInSearchFieldOnTheAllCoursesLevel"/>
  <testcase name="loginCourses" time="119.094" classname="com.automation.main.TC18877ValidateTheSourceTypeAsLinkInSearchFieldOnTheAllCoursesLevel"/>
</testsuite> <!-- com.automation.main.TC18877ValidateTheSourceTypeAsLinkInSearchFieldOnTheAllCoursesLevel -->
