<?xml version="1.0" encoding="UTF-8"?>
<!-- Generated by org.testng.reporters.JUnitReportReporter -->
<testsuite hostname="DESKTOP-DEB4I2G" name="com.automation.main.TC17906TryToCopyFromActiveCourseToPastCourse" tests="2" failures="0" timestamp="23 Aug 2016 10:19:57 GMT" time="28.453" errors="0">
  <testcase name="loginCourses" time="22.123" classname="com.automation.main.TC17906TryToCopyFromActiveCourseToPastCourse"/>
  <testcase name="loadPage" time="6.330" classname="com.automation.main.TC17906TryToCopyFromActiveCourseToPastCourse"/>
</testsuite> <!-- com.automation.main.TC17906TryToCopyFromActiveCourseToPastCourse -->
