<?xml version="1.0" encoding="UTF-8"?>
<!-- Generated by org.testng.reporters.JUnitReportReporter -->
<testsuite hostname="QA-Mickael-Lap" name="com.automation.main.add_additional_content_file.TC15475ExistenceOfUIItems" tests="1" failures="0" timestamp="18 Oct 2016 00:42:54 GMT" time="45.559" errors="0">
  <testcase name="test15475" time="45.559" classname="com.automation.main.add_additional_content_file.TC15475ExistenceOfUIItems"/>
</testsuite> <!-- com.automation.main.add_additional_content_file.TC15475ExistenceOfUIItems -->
