<?xml version="1.0" encoding="UTF-8"?>
<!-- Generated by org.testng.reporters.JUnitReportReporter -->
<testsuite hostname="Kosta-W10-64" name="com.automation.main.TestCase15644CancelTheDelete" tests="2" failures="0" timestamp="16 Feb 2016 12:53:40 GMT" time="23.041" errors="0">
  <testcase name="loginCourses" time="19.239" classname="com.automation.main.TestCase15644CancelTheDelete"/>
  <testcase name="loadPage" time="3.802" classname="com.automation.main.TestCase15644CancelTheDelete"/>
</testsuite> <!-- com.automation.main.TestCase15644CancelTheDelete -->
