<?xml version="1.0" encoding="UTF-8"?>
<!-- Generated by org.testng.reporters.JUnitReportReporter -->
<testsuite hostname="QA-2-Win8_1-64" name="com.automation.main.private_courses.TC19320VerifyThePrivateCoursesFunctionalityMoveTheRecording" tests="1" failures="0" timestamp="25 Oct 2016 08:10:05 GMT" time="676.835" errors="0">
  <testcase name="test19320" time="676.835" classname="com.automation.main.private_courses.TC19320VerifyThePrivateCoursesFunctionalityMoveTheRecording"/>
</testsuite> <!-- com.automation.main.private_courses.TC19320VerifyThePrivateCoursesFunctionalityMoveTheRecording -->
