<?xml version="1.0" encoding="UTF-8"?>
<!-- Generated by org.testng.reporters.JUnitReportReporter -->
<testsuite hostname="QA-2-Win8_1-64" name="com.automation.main.TC18937ValidateTheFunctionalityOfSpecialCharactersInSearchField" tests="2" failures="0" timestamp="29 Aug 2016 06:39:29 GMT" time="170.433" errors="0">
  <testcase name="loginCourses" time="165.455" classname="com.automation.main.TC18937ValidateTheFunctionalityOfSpecialCharactersInSearchField"/>
  <testcase name="loadPage" time="4.978" classname="com.automation.main.TC18937ValidateTheFunctionalityOfSpecialCharactersInSearchField"/>
</testsuite> <!-- com.automation.main.TC18937ValidateTheFunctionalityOfSpecialCharactersInSearchField -->
