<?xml version="1.0" encoding="UTF-8"?>
<!-- Generated by org.testng.reporters.JUnitReportReporter -->
<testsuite hostname="DESKTOP-DEB4I2G" name="com.automation.main.TC17901CreatePastCourseAndVerifyAppearanceAccordinglyToEnrollementStatus" tests="2" failures="0" timestamp="23 Aug 2016 10:19:57 GMT" time="34.503" errors="0">
  <testcase name="preTestCreateNewUser" time="0.019" classname="com.automation.main.TC17901CreatePastCourseAndVerifyAppearanceAccordinglyToEnrollementStatus"/>
  <testcase name="test17901" time="34.484" classname="com.automation.main.TC17901CreatePastCourseAndVerifyAppearanceAccordinglyToEnrollementStatus"/>
</testsuite> <!-- com.automation.main.TC17901CreatePastCourseAndVerifyAppearanceAccordinglyToEnrollementStatus -->
