<?xml version="1.0" encoding="UTF-8"?>
<!-- Generated by org.testng.reporters.JUnitReportReporter -->
<testsuite hostname="QA-2-Win8_1-64" name="com.automation.main.pre_post_test.PreTest" tests="1" failures="0" timestamp="27 Oct 2016 13:57:35 GMT" time="668.562" errors="0">
  <testcase name="preTest" time="668.562" classname="com.automation.main.pre_post_test.PreTest"/>
</testsuite> <!-- com.automation.main.pre_post_test.PreTest -->
