<?xml version="1.0" encoding="UTF-8"?>
<!-- Generated by org.testng.reporters.JUnitReportReporter -->
<testsuite hostname="DESKTOP-DEB4I2G" name="com.automation.main.TC17907TryToMoveFromActiveCourseToPastCourse" tests="2" failures="0" timestamp="29 Aug 2016 11:53:30 GMT" time="34.947" errors="0">
  <testcase name="loadPage" time="5.086" classname="com.automation.main.TC17907TryToMoveFromActiveCourseToPastCourse"/>
  <testcase name="loginCourses" time="29.861" classname="com.automation.main.TC17907TryToMoveFromActiveCourseToPastCourse"/>
</testsuite> <!-- com.automation.main.TC17907TryToMoveFromActiveCourseToPastCourse -->
