<?xml version="1.0" encoding="UTF-8"?>
<!-- Generated by org.testng.reporters.JUnitReportReporter -->
<testsuite hostname="QA-Mickael-Lap" name="com.automation.main.move_recording.TC15582MoveOneRecording" tests="1" failures="0" timestamp="18 Oct 2016 00:42:55 GMT" time="139.699" errors="0">
  <testcase name="test15582" time="139.699" classname="com.automation.main.move_recording.TC15582MoveOneRecording"/>
</testsuite> <!-- com.automation.main.move_recording.TC15582MoveOneRecording -->
