<?xml version="1.0" encoding="UTF-8"?>
<!-- Generated by org.testng.reporters.JUnitReportReporter -->
<testsuite hostname="QA-2-Win8_1-64" name="com.automation.main.move_recording.TC15588MoveARecordingWithAPodcast" tests="1" failures="0" timestamp="6 Oct 2016 08:16:45 GMT" time="392.228" errors="0">
  <testcase name="test15588" time="392.228" classname="com.automation.main.move_recording.TC15588MoveARecordingWithAPodcast"/>
</testsuite> <!-- com.automation.main.move_recording.TC15588MoveARecordingWithAPodcast -->
