<?xml version="1.0" encoding="UTF-8"?>
<!-- Generated by org.testng.reporters.JUnitReportReporter -->
<testsuite hostname="Kosta-W10-64" name="com.automation.main.TC17366VerifySortingOfCoursesInCopyWindowOfProctoringRecordings" tests="1" failures="0" timestamp="11 Apr 2016 13:33:07 GMT" time="15.680" errors="0">
  <testcase name="VerifySortingOfCoursesInCopyWindow" time="15.680" classname="com.automation.main.TC17366VerifySortingOfCoursesInCopyWindowOfProctoringRecordings"/>
</testsuite> <!-- com.automation.main.TC17366VerifySortingOfCoursesInCopyWindowOfProctoringRecordings -->
