<?xml version="1.0" encoding="UTF-8"?>
<!-- Generated by org.testng.reporters.JUnitReportReporter -->
<testsuite hostname="Kosta-W10-64" name="com.automation.main.TestCase15627DeleteARegularRecordingAsInstructor" tests="2" failures="0" timestamp="16 Feb 2016 12:53:40 GMT" time="19.266" errors="0">
  <testcase name="loginCourses" time="15.241" classname="com.automation.main.TestCase15627DeleteARegularRecordingAsInstructor"/>
  <testcase name="loadPage" time="4.025" classname="com.automation.main.TestCase15627DeleteARegularRecordingAsInstructor"/>
</testsuite> <!-- com.automation.main.TestCase15627DeleteARegularRecordingAsInstructor -->
