<?xml version="1.0" encoding="UTF-8"?>
<!-- Generated by org.testng.reporters.JUnitReportReporter -->
<testsuite hostname="QA-2-Win8_1-64" name="com.automation.main.course_detailes_content_page.TC15657ValidateBookmarkIconIsDisplayedWhenAddingBookmarkThrougthThePlayer" tests="1" failures="0" timestamp="6 Oct 2016 14:38:56 GMT" time="390.707" errors="0">
  <testcase name="test15657" time="390.707" classname="com.automation.main.course_detailes_content_page.TC15657ValidateBookmarkIconIsDisplayedWhenAddingBookmarkThrougthThePlayer"/>
</testsuite> <!-- com.automation.main.course_detailes_content_page.TC15657ValidateBookmarkIconIsDisplayedWhenAddingBookmarkThrougthThePlayer -->
