<?xml version="1.0" encoding="UTF-8"?>
<!-- Generated by org.testng.reporters.JUnitReportReporter -->
<testsuite hostname="QA-Mickael-Lap" name="com.automation.main.admin_course_view_recording_tasks.TC24925ValidateMoveRecordingDropdownAndSearchFunctionalities" tests="1" failures="0" timestamp="18 Oct 2016 00:42:54 GMT" time="152.302" errors="0">
  <testcase name="test24925" time="152.302" classname="com.automation.main.admin_course_view_recording_tasks.TC24925ValidateMoveRecordingDropdownAndSearchFunctionalities"/>
</testsuite> <!-- com.automation.main.admin_course_view_recording_tasks.TC24925ValidateMoveRecordingDropdownAndSearchFunctionalities -->
