<?xml version="1.0" encoding="UTF-8"?>
<!-- Generated by org.testng.reporters.JUnitReportReporter -->
<testsuite hostname="QA-2-Win8_1-64" name="com.automation.main.TC24762CopyOneStudentRecording" tests="2" failures="0" timestamp="13 Sep 2016 09:17:53 GMT" time="365.117" errors="0">
  <testcase name="testME" time="0.008" classname="com.automation.main.TC24762CopyOneStudentRecording"/>
  <testcase name="copyOneRecording" time="365.109" classname="com.automation.main.TC24762CopyOneStudentRecording"/>
</testsuite> <!-- com.automation.main.TC24762CopyOneStudentRecording -->
