<?xml version="1.0" encoding="UTF-8"?>
<!-- Generated by org.testng.reporters.JUnitReportReporter -->
<testsuite hostname="Qa-Aut-Win8-1_64" name="com.automation.main.JBDCTryOut" tests="1" failures="0" timestamp="7 Jul 2016 19:55:37 GMT" time="19.338" errors="0">
  <testcase name="loginCourses" time="19.338" classname="com.automation.main.JBDCTryOut"/>
</testsuite> <!-- com.automation.main.JBDCTryOut -->
