<?xml version="1.0" encoding="UTF-8"?>
<!-- Generated by org.testng.reporters.JUnitReportReporter -->
<testsuite hostname="QA-2-Win8_1-64" name="com.automation.main.private_courses.TC19307VerifyThatPrivateCourseIsAvailableForEachInstructor" tests="1" failures="0" timestamp="27 Oct 2016 15:07:39 GMT" time="325.183" errors="0">
  <testcase name="test19307" time="325.183" classname="com.automation.main.private_courses.TC19307VerifyThatPrivateCourseIsAvailableForEachInstructor"/>
</testsuite> <!-- com.automation.main.private_courses.TC19307VerifyThatPrivateCourseIsAvailableForEachInstructor -->
