<?xml version="1.0" encoding="UTF-8"?>
<!-- Generated by org.testng.reporters.JUnitReportReporter -->
<testsuite hostname="QA-2-Win8_1-64" name="com.automation.main.TestCase15899VerifyAMovingCopyingStatusOfADestinationRecording" tests="2" failures="0" timestamp="26 Jan 2016 16:04:26 GMT" time="28.433" errors="0">
  <testcase name="loadPage" time="4.628" classname="com.automation.main.TestCase15899VerifyAMovingCopyingStatusOfADestinationRecording"/>
  <testcase name="loginCourses" time="23.805" classname="com.automation.main.TestCase15899VerifyAMovingCopyingStatusOfADestinationRecording"/>
</testsuite> <!-- com.automation.main.TestCase15899VerifyAMovingCopyingStatusOfADestinationRecording -->
