<?xml version="1.0" encoding="UTF-8"?>
<!-- Generated by org.testng.reporters.JUnitReportReporter -->
<testsuite hostname="QA-2-Win8_1-64" name="com.automation.main.TC19319VerifyThePrivateCoursesFunctionalityCopyTheRecording" tests="1" failures="0" timestamp="31 Aug 2016 08:46:58 GMT" time="445.551" errors="0">
  <testcase name="loginCourses" time="445.551" classname="com.automation.main.TC19319VerifyThePrivateCoursesFunctionalityCopyTheRecording"/>
</testsuite> <!-- com.automation.main.TC19319VerifyThePrivateCoursesFunctionalityCopyTheRecording -->
