<?xml version="1.0" encoding="UTF-8"?>
<!-- Generated by org.testng.reporters.JUnitReportReporter -->
<testsuite hostname="QA-Mickael-Lap" name="com.automation.main.move_recording.TC15593MoveRecordingToACourseWhereRecordingWithSameTitleExists" tests="1" failures="0" timestamp="18 Oct 2016 00:42:54 GMT" time="175.975" errors="0">
  <testcase name="test15593" time="175.975" classname="com.automation.main.move_recording.TC15593MoveRecordingToACourseWhereRecordingWithSameTitleExists"/>
</testsuite> <!-- com.automation.main.move_recording.TC15593MoveRecordingToACourseWhereRecordingWithSameTitleExists -->
