<?xml version="1.0" encoding="UTF-8"?>
<!-- Generated by org.testng.reporters.JUnitReportReporter -->
<testsuite hostname="Kosta-W10-64" name="com.automation.main.TC15475ExistenceOfUIItems" tests="1" failures="0" timestamp="27 Mar 2016 13:01:11 GMT" time="62.562" errors="0">
  <testcase name="test15475" time="62.562" classname="com.automation.main.TC15475ExistenceOfUIItems"/>
</testsuite> <!-- com.automation.main.TC15475ExistenceOfUIItems -->
