<?xml version="1.0" encoding="UTF-8"?>
<!-- Generated by org.testng.reporters.JUnitReportReporter -->
<testsuite hostname="Kosta-W10-64" name="com.automation.main.PostTestDeleteUsers" tests="2" failures="0" timestamp="24 Feb 2016 14:54:54 GMT" time="78.618" errors="0">
  <testcase name="testME" time="0.028" classname="com.automation.main.PostTestDeleteUsers"/>
  <testcase name="loginCourses" time="78.590" classname="com.automation.main.PostTestDeleteUsers"/>
</testsuite> <!-- com.automation.main.PostTestDeleteUsers -->
