<?xml version="1.0" encoding="UTF-8"?>
<!-- Generated by org.testng.reporters.JUnitReportReporter -->
<testsuite hostname="QA-2-Win8_1-64" name="com.automation.main.edit_recording_properties.TC17001ValidateChangeRecordingNameWithDifferentTypeOfInput" tests="1" failures="0" timestamp="2 Nov 2016 15:02:33 GMT" time="93.524" errors="0">
  <testcase name="test17001" time="93.524" classname="com.automation.main.edit_recording_properties.TC17001ValidateChangeRecordingNameWithDifferentTypeOfInput"/>
</testsuite> <!-- com.automation.main.edit_recording_properties.TC17001ValidateChangeRecordingNameWithDifferentTypeOfInput -->
