<?xml version="1.0" encoding="UTF-8"?>
<!-- Generated by org.testng.reporters.JUnitReportReporter -->
<testsuite hostname="QA-Mickael-Lap" name="com.automation.main.course_detailes_content_page.TC15686ValidateTheRecordingNameOfNewRecordingIsDisplayedInBold" tests="1" failures="0" timestamp="21 Oct 2016 08:39:01 GMT" time="106.705" errors="0">
  <testcase name="test15686" time="106.705" classname="com.automation.main.course_detailes_content_page.TC15686ValidateTheRecordingNameOfNewRecordingIsDisplayedInBold"/>
</testsuite> <!-- com.automation.main.course_detailes_content_page.TC15686ValidateTheRecordingNameOfNewRecordingIsDisplayedInBold -->
