<?xml version="1.0" encoding="UTF-8"?>
<!-- Generated by org.testng.reporters.JUnitReportReporter -->
<testsuite hostname="DESKTOP-DEB4I2G" name="com.automation.main.TC17905TryToCopyFromPastCourseToAnotherPastCourseToItself" tests="1" failures="0" timestamp="23 Aug 2016 10:19:57 GMT" time="5.039" errors="0">
  <testcase name="loadPage" time="5.039" classname="com.automation.main.TC17905TryToCopyFromPastCourseToAnotherPastCourseToItself"/>
</testsuite> <!-- com.automation.main.TC17905TryToCopyFromPastCourseToAnotherPastCourseToItself -->
