<?xml version="1.0" encoding="UTF-8"?>
<!-- Generated by org.testng.reporters.JUnitReportReporter -->
<testsuite hostname="DESKTOP-DEB4I2G" name="com.automation.main.Testing" tests="2" failures="0" timestamp="23 Aug 2016 19:48:39 GMT" time="21.560" errors="0">
  <testcase name="loginCourses" time="15.480" classname="com.automation.main.Testing"/>
  <testcase name="loadPage" time="6.080" classname="com.automation.main.Testing"/>
</testsuite> <!-- com.automation.main.Testing -->
