<?xml version="1.0" encoding="UTF-8"?>
<!-- Generated by org.testng.reporters.JUnitReportReporter -->
<testsuite hostname="DESKTOP-DEB4I2G" name="com.automation.main.TC17907TryToMoveFromActiveCourseToPastCourse" tests="2" failures="0" timestamp="25 Aug 2016 13:08:11 GMT" time="26.370" errors="0">
  <testcase name="loginCourses" time="20.760" classname="com.automation.main.TC17907TryToMoveFromActiveCourseToPastCourse"/>
  <testcase name="loadPage" time="5.610" classname="com.automation.main.TC17907TryToMoveFromActiveCourseToPastCourse"/>
</testsuite> <!-- com.automation.main.TC17907TryToMoveFromActiveCourseToPastCourse -->
