<?xml version="1.0" encoding="UTF-8"?>
<!-- Generated by org.testng.reporters.JUnitReportReporter -->
<testsuite hostname="QA-2-Win8_1-64" name="com.automation.main.TC15448AddPptFile" tests="1" failures="0" timestamp="11 Sep 2016 07:38:46 GMT" time="95.402" errors="0">
  <testcase name="test17929" time="95.402" classname="com.automation.main.TC15448AddPptFile"/>
</testsuite> <!-- com.automation.main.TC15448AddPptFile -->
