<?xml version="1.0" encoding="UTF-8"?>
<!-- Generated by org.testng.reporters.JUnitReportReporter -->
<testsuite hostname="QA-2-Win8_1-64" name="com.automation.main.admin_course_view_recording_tasks.TC22049ValidateCopyWindowFunctionality" tests="3" failures="0" timestamp="18 Sep 2016 07:23:38 GMT" time="208.963" errors="0">
  <testcase name="testME" time="0.025" classname="com.automation.main.admin_course_view_recording_tasks.TC22049ValidateCopyWindowFunctionality"/>
  <testcase name="loadPage" time="4.473" classname="com.automation.main.admin_course_view_recording_tasks.TC22049ValidateCopyWindowFunctionality"/>
  <testcase name="loginCourses" time="204.465" classname="com.automation.main.admin_course_view_recording_tasks.TC22049ValidateCopyWindowFunctionality"/>
</testsuite> <!-- com.automation.main.admin_course_view_recording_tasks.TC22049ValidateCopyWindowFunctionality -->
