<?xml version="1.0" encoding="UTF-8"?>
<!-- Generated by org.testng.reporters.JUnitReportReporter -->
<testsuite hostname="QA-2-Win8_1-64" name="com.automation.main.PreTestPastCourses" tests="1" failures="0" timestamp="7 Sep 2016 08:27:33 GMT" time="73.984" errors="0">
  <testcase name="loginCourses" time="73.984" classname="com.automation.main.PreTestPastCourses"/>
</testsuite> <!-- com.automation.main.PreTestPastCourses -->
