<?xml version="1.0" encoding="UTF-8"?>
<!-- Generated by org.testng.reporters.JUnitReportReporter -->
<testsuite hostname="Kosta-W10-64" name="com.automation.main.searchsources.TC22663ValidateSourceTypeAsRecordingTitleInSearchFieldOnRecordingLevelLoginAsGUEST" tests="1" failures="0" timestamp="13 Apr 2016 14:25:19 GMT" time="75.483" errors="0">
  <testcase name="test22662" time="75.483" classname="com.automation.main.searchsources.TC22663ValidateSourceTypeAsRecordingTitleInSearchFieldOnRecordingLevelLoginAsGUEST"/>
</testsuite> <!-- com.automation.main.searchsources.TC22663ValidateSourceTypeAsRecordingTitleInSearchFieldOnRecordingLevelLoginAsGUEST -->
