<?xml version="1.0" encoding="UTF-8"?>
<!-- Generated by org.testng.reporters.JUnitReportReporter -->
<testsuite hostname="QA-2-Win8_1-64" name="com.automation.main.course_detailes_content_page.TC17049ValidateNoResumeBoxRecordingCompletelyWatchedAndNavigateBack" tests="1" failures="0" timestamp="27 Oct 2016 13:08:21 GMT" time="346.620" errors="0">
  <testcase name="test17049" time="346.620" classname="com.automation.main.course_detailes_content_page.TC17049ValidateNoResumeBoxRecordingCompletelyWatchedAndNavigateBack"/>
</testsuite> <!-- com.automation.main.course_detailes_content_page.TC17049ValidateNoResumeBoxRecordingCompletelyWatchedAndNavigateBack -->
