<?xml version="1.0" encoding="UTF-8"?>
<!-- Generated by org.testng.reporters.JUnitReportReporter -->
<testsuite hostname="QA-Mickael-Lap" name="com.automation.main.supported_search.TC22667ValidateInvalidSearchOfRecordingTitleInSearchFieldOnRecordingLevelLoginAsGUEST" tests="1" failures="0" timestamp="18 Oct 2016 00:42:54 GMT" time="72.695" errors="0">
  <testcase name="test22667" time="72.695" classname="com.automation.main.supported_search.TC22667ValidateInvalidSearchOfRecordingTitleInSearchFieldOnRecordingLevelLoginAsGUEST"/>
</testsuite> <!-- com.automation.main.supported_search.TC22667ValidateInvalidSearchOfRecordingTitleInSearchFieldOnRecordingLevelLoginAsGUEST -->
