<?xml version="1.0" encoding="UTF-8"?>
<!-- Generated by org.testng.reporters.JUnitReportReporter -->
<testsuite hostname="DESKTOP-DEB4I2G" name="com.automation.main.TC17925VerifyThePastCourseFunctionalityWithRegularRecordings" tests="1" failures="0" timestamp="22 Aug 2016 14:28:30 GMT" time="384.588" errors="0">
  <testcase name="loginCourses" time="384.588" classname="com.automation.main.TC17925VerifyThePastCourseFunctionalityWithRegularRecordings"/>
</testsuite> <!-- com.automation.main.TC17925VerifyThePastCourseFunctionalityWithRegularRecordings -->
