<?xml version="1.0" encoding="UTF-8"?>
<!-- Generated by org.testng.reporters.JUnitReportReporter -->
<testsuite hostname="QA-2-Win8_1-64" name="com.automation.main.TestCaseTryToCopyRecordingWhileItIsBeingCopied" tests="2" failures="0" timestamp="13 Jan 2016 11:44:46 GMT" time="74.366" errors="0">
  <testcase name="loginCourses" time="71.158" classname="com.automation.main.TestCaseTryToCopyRecordingWhileItIsBeingCopied"/>
  <testcase name="loadPage" time="3.208" classname="com.automation.main.TestCaseTryToCopyRecordingWhileItIsBeingCopied"/>
</testsuite> <!-- com.automation.main.TestCaseTryToCopyRecordingWhileItIsBeingCopied -->
