<?xml version="1.0" encoding="UTF-8"?>
<!-- Generated by org.testng.reporters.JUnitReportReporter -->
<testsuite hostname="QA-2-Win8_1-64" name="com.automation.main.admin_course_view_recording_tasks.TC21988ValidateRecordingTasksUIInRecordingsStudentRecordingsAndTestsTabsAsADMIN" tests="1" failures="0" timestamp="5 Oct 2016 11:14:03 GMT" time="170.455" errors="0">
  <testcase name="loginCourses" time="170.455" classname="com.automation.main.admin_course_view_recording_tasks.TC21988ValidateRecordingTasksUIInRecordingsStudentRecordingsAndTestsTabsAsADMIN"/>
</testsuite> <!-- com.automation.main.admin_course_view_recording_tasks.TC21988ValidateRecordingTasksUIInRecordingsStudentRecordingsAndTestsTabsAsADMIN -->
