<?xml version="1.0" encoding="UTF-8"?>
<!-- Generated by org.testng.reporters.JUnitReportReporter -->
<testsuite hostname="QA-Mickael-Lap" name="com.automation.main.delete_additional_content.TC15824TryToDeleteContentAsAStudent" tests="1" failures="0" timestamp="18 Oct 2016 00:42:54 GMT" time="14.792" errors="0">
  <testcase name="test15824" time="14.792" classname="com.automation.main.delete_additional_content.TC15824TryToDeleteContentAsAStudent"/>
</testsuite> <!-- com.automation.main.delete_additional_content.TC15824TryToDeleteContentAsAStudent -->
