<?xml version="1.0" encoding="UTF-8"?>
<!-- Generated by org.testng.reporters.JUnitReportReporter -->
<testsuite hostname="QA-2-Win8_1-64" name="com.automation.main.add_additional_content_file.TC15448AddPptFile" tests="1" failures="0" timestamp="5 Oct 2016 13:59:44 GMT" time="89.705" errors="0">
  <testcase name="test15448" time="89.705" classname="com.automation.main.add_additional_content_file.TC15448AddPptFile"/>
</testsuite> <!-- com.automation.main.add_additional_content_file.TC15448AddPptFile -->
