<?xml version="1.0" encoding="UTF-8"?>
<!-- Generated by org.testng.reporters.JUnitReportReporter -->
<testsuite hostname="QA-Mickael-Lap" name="com.automation.main.pre_post_test.TestSuitePreSetCopyRecordingsAndPastCourse" tests="1" failures="0" timestamp="29 Sep 2016 14:51:07 GMT" time="719.940" errors="0">
  <testcase name="loginCourses" time="719.940" classname="com.automation.main.pre_post_test.TestSuitePreSetCopyRecordingsAndPastCourse"/>
</testsuite> <!-- com.automation.main.pre_post_test.TestSuitePreSetCopyRecordingsAndPastCourse -->
