<?xml version="1.0" encoding="UTF-8"?>
<!-- Generated by org.testng.reporters.JUnitReportReporter -->
<testsuite hostname="QA-2-Win8_1-64" name="com.automation.main.TestCaseCopySeveralRecordings" tests="2" failures="0" timestamp="18 Jan 2016 10:19:09 GMT" time="114.906" errors="0">
  <testcase name="loadPage" time="3.926" classname="com.automation.main.TestCaseCopySeveralRecordings"/>
  <testcase name="loginCourses" time="110.980" classname="com.automation.main.TestCaseCopySeveralRecordings"/>
</testsuite> <!-- com.automation.main.TestCaseCopySeveralRecordings -->
