<?xml version="1.0" encoding="UTF-8"?>
<!-- Generated by org.testng.reporters.JUnitReportReporter -->
<testsuite hostname="QA-2-Win8_1-64" name="com.automation.main.supported_search_sources_admin_anonymous.TC22662ValidateInvalidSearchOfRecordingTitleInSearchFieldOnRecordingLevelLoginAsADMIN" tests="1" failures="0" timestamp="21 Sep 2016 10:50:53 GMT" time="111.925" errors="0">
  <testcase name="test22662" time="111.925" classname="com.automation.main.supported_search_sources_admin_anonymous.TC22662ValidateInvalidSearchOfRecordingTitleInSearchFieldOnRecordingLevelLoginAsADMIN"/>
</testsuite> <!-- com.automation.main.supported_search_sources_admin_anonymous.TC22662ValidateInvalidSearchOfRecordingTitleInSearchFieldOnRecordingLevelLoginAsADMIN -->
