<?xml version="1.0" encoding="UTF-8"?>
<!-- Generated by org.testng.reporters.JUnitReportReporter -->
<testsuite hostname="QA-Mickael-Lap" name="com.automation.main.search.TC18877ValidateTheSourceTypeAsLinkInSearchFieldOnTheAllCoursesLevel" tests="1" failures="0" timestamp="18 Oct 2016 00:42:54 GMT" time="67.184" errors="0">
  <testcase name="test18877" time="67.184" classname="com.automation.main.search.TC18877ValidateTheSourceTypeAsLinkInSearchFieldOnTheAllCoursesLevel"/>
</testsuite> <!-- com.automation.main.search.TC18877ValidateTheSourceTypeAsLinkInSearchFieldOnTheAllCoursesLevel -->
