<?xml version="1.0" encoding="UTF-8"?>
<!-- Generated by org.testng.reporters.JUnitReportReporter -->
<testsuite hostname="Kosta-W10-64" name="com.automation.main.TestCase15642DeleteSeveralRecordings" tests="2" failures="0" timestamp="16 Feb 2016 12:53:40 GMT" time="21.759" errors="0">
  <testcase name="loadPage" time="5.181" classname="com.automation.main.TestCase15642DeleteSeveralRecordings"/>
  <testcase name="loginCourses" time="16.578" classname="com.automation.main.TestCase15642DeleteSeveralRecordings"/>
</testsuite> <!-- com.automation.main.TestCase15642DeleteSeveralRecordings -->
