<?xml version="1.0" encoding="UTF-8"?>
<!-- Generated by org.testng.reporters.JUnitReportReporter -->
<testsuite hostname="QA-2-Win8_1-64" name="com.automation.main.TestCaseTryToMoveRecordingWhileItIsBeingCopied" tests="2" failures="0" timestamp="26 Jan 2016 13:57:53 GMT" time="63.489" errors="0">
  <testcase name="loadPage" time="2.683" classname="com.automation.main.TestCaseTryToMoveRecordingWhileItIsBeingCopied"/>
  <testcase name="loginCourses" time="60.806" classname="com.automation.main.TestCaseTryToMoveRecordingWhileItIsBeingCopied"/>
</testsuite> <!-- com.automation.main.TestCaseTryToMoveRecordingWhileItIsBeingCopied -->
