<?xml version="1.0" encoding="UTF-8"?>
<!-- Generated by org.testng.reporters.JUnitReportReporter -->
<testsuite hostname="QA-Mickael-Lap" name="com.automation.main.delete_recordings.TC15642DeleteSeveralRecordings" tests="1" failures="0" timestamp="2 Nov 2016 17:46:59 GMT" time="108.200" errors="0">
  <testcase name="test15642" time="108.200" classname="com.automation.main.delete_recordings.TC15642DeleteSeveralRecordings"/>
</testsuite> <!-- com.automation.main.delete_recordings.TC15642DeleteSeveralRecordings -->
