<?xml version="1.0" encoding="UTF-8"?>
<!-- Generated by org.testng.reporters.JUnitReportReporter -->
<testsuite hostname="QA-2-Win8_1-64" name="com.automation.main.supported_search_sources_admin_anonymous.TC22747ValidatePersonlBookmarksAreNotDisplayedOnSearchResultOnCourseLevelLoginAsGUEST" tests="1" failures="0" timestamp="22 Sep 2016 08:41:55 GMT" time="200.832" errors="0">
  <testcase name="test22746" time="200.832" classname="com.automation.main.supported_search_sources_admin_anonymous.TC22747ValidatePersonlBookmarksAreNotDisplayedOnSearchResultOnCourseLevelLoginAsGUEST"/>
</testsuite> <!-- com.automation.main.supported_search_sources_admin_anonymous.TC22747ValidatePersonlBookmarksAreNotDisplayedOnSearchResultOnCourseLevelLoginAsGUEST -->
