<?xml version="1.0" encoding="UTF-8"?>
<!-- Generated by org.testng.reporters.JUnitReportReporter -->
<testsuite hostname="QA-2-Win8_1-64" name="com.automation.main.TestCaseTryToCopyFromActiveCourseToPastCourse" tests="2" failures="0" timestamp="25 Jan 2016 10:46:03 GMT" time="25.805" errors="0">
  <testcase name="loadPage" time="3.452" classname="com.automation.main.TestCaseTryToCopyFromActiveCourseToPastCourse"/>
  <testcase name="loginCourses" time="22.353" classname="com.automation.main.TestCaseTryToCopyFromActiveCourseToPastCourse"/>
</testsuite> <!-- com.automation.main.TestCaseTryToCopyFromActiveCourseToPastCourse -->
