<?xml version="1.0" encoding="UTF-8"?>
<!-- Generated by org.testng.reporters.JUnitReportReporter -->
<testsuite hostname="QA-2-Win8_1-64" name="com.automation.main.TC18833ValidateTheSourceTypeAsLinkInSearchFieldOnTheCourseLevel" tests="2" failures="0" timestamp="8 Sep 2016 09:23:15 GMT" time="289.662" errors="0">
  <testcase name="loadPage" time="4.340" classname="com.automation.main.TC18833ValidateTheSourceTypeAsLinkInSearchFieldOnTheCourseLevel"/>
  <testcase name="loginCourses" time="285.322" classname="com.automation.main.TC18833ValidateTheSourceTypeAsLinkInSearchFieldOnTheCourseLevel"/>
</testsuite> <!-- com.automation.main.TC18833ValidateTheSourceTypeAsLinkInSearchFieldOnTheCourseLevel -->
