<?xml version="1.0" encoding="UTF-8"?>
<!-- Generated by org.testng.reporters.JUnitReportReporter -->
<testsuite hostname="QA-2-Win8_1-64" name="com.automation.main.TC15564CopyRecordingToACourseWhereRecordingWithTheSameNameExists" tests="2" failures="0" timestamp="25 Aug 2016 08:28:00 GMT" time="187.719" errors="0">
  <testcase name="loginCourses" time="184.688" classname="com.automation.main.TC15564CopyRecordingToACourseWhereRecordingWithTheSameNameExists"/>
  <testcase name="loadPage" time="3.031" classname="com.automation.main.TC15564CopyRecordingToACourseWhereRecordingWithTheSameNameExists"/>
</testsuite> <!-- com.automation.main.TC15564CopyRecordingToACourseWhereRecordingWithTheSameNameExists -->
