<?xml version="1.0" encoding="UTF-8"?>
<!-- Generated by org.testng.reporters.JUnitReportReporter -->
<testsuite hostname="DESKTOP-DEB4I2G" name="com.automation.main.TC17901CreatePastCourseAndVerifyAppearanceAccordinglyToEnrollementStatus" tests="2" failures="0" timestamp="25 Aug 2016 13:08:11 GMT" time="53.706" errors="0">
  <testcase name="test17901" time="53.687" classname="com.automation.main.TC17901CreatePastCourseAndVerifyAppearanceAccordinglyToEnrollementStatus"/>
  <testcase name="preTestCreateNewUser" time="0.019" classname="com.automation.main.TC17901CreatePastCourseAndVerifyAppearanceAccordinglyToEnrollementStatus"/>
</testsuite> <!-- com.automation.main.TC17901CreatePastCourseAndVerifyAppearanceAccordinglyToEnrollementStatus -->
