<?xml version="1.0" encoding="UTF-8"?>
<!-- Generated by org.testng.reporters.JUnitReportReporter -->
<testsuite hostname="QA-Mickael-Lap" name="com.automation.main.search.TC18833ValidateTheSourceTypeAsLinkInSearchFieldOnTheCourseLevel" tests="1" failures="0" timestamp="18 Oct 2016 00:42:55 GMT" time="108.318" errors="0">
  <testcase name="test18833" time="108.318" classname="com.automation.main.search.TC18833ValidateTheSourceTypeAsLinkInSearchFieldOnTheCourseLevel"/>
</testsuite> <!-- com.automation.main.search.TC18833ValidateTheSourceTypeAsLinkInSearchFieldOnTheCourseLevel -->
