<?xml version="1.0" encoding="UTF-8"?>
<!-- Generated by org.testng.reporters.JUnitReportReporter -->
<testsuite hostname="Kosta-W10-64" name="com.automation.main.TC15583CancelTheMoving" tests="3" failures="0" timestamp="7 Mar 2016 12:46:11 GMT" time="58.395" errors="0">
  <testcase name="loadPage" time="5.050" classname="com.automation.main.TC15583CancelTheMoving"/>
  <testcase name="testME" time="0.018" classname="com.automation.main.TC15583CancelTheMoving"/>
  <testcase name="loginCourses" time="53.327" classname="com.automation.main.TC15583CancelTheMoving"/>
</testsuite> <!-- com.automation.main.TC15583CancelTheMoving -->
