<?xml version="1.0" encoding="UTF-8"?>
<!-- Generated by org.testng.reporters.JUnitReportReporter -->
<testsuite hostname="QA-2-Win8_1-64" name="com.automation.main.course_detailes_content_page.TC15446ValidateExpandingViewingAndCollapsingTheChapters" tests="1" failures="0" timestamp="9 Oct 2016 10:48:10 GMT" time="42.377" errors="0">
  <testcase name="test15446" time="42.377" classname="com.automation.main.course_detailes_content_page.TC15446ValidateExpandingViewingAndCollapsingTheChapters"/>
</testsuite> <!-- com.automation.main.course_detailes_content_page.TC15446ValidateExpandingViewingAndCollapsingTheChapters -->
