<?xml version="1.0" encoding="UTF-8"?>
<!-- Generated by org.testng.reporters.JUnitReportReporter -->
<testsuite hostname="Kosta-W10-64" name="com.automation.main.searchsources.TC22726ValidateInvalidSearchOfRecordingChapterInSearchFieldOnRecordingLevelLoginAsADMIN" tests="1" failures="0" timestamp="13 Apr 2016 11:16:18 GMT" time="84.205" errors="0">
  <testcase name="test22662" time="84.205" classname="com.automation.main.searchsources.TC22726ValidateInvalidSearchOfRecordingChapterInSearchFieldOnRecordingLevelLoginAsADMIN"/>
</testsuite> <!-- com.automation.main.searchsources.TC22726ValidateInvalidSearchOfRecordingChapterInSearchFieldOnRecordingLevelLoginAsADMIN -->
