<?xml version="1.0" encoding="UTF-8"?>
<!-- Generated by org.testng.reporters.JUnitReportReporter -->
<testsuite hostname="Kosta-W10-64" name="com.automation.main.TC17941VerifyCourseDisplayedInActiveCoursesTabAfterInstructorReEnrolled" tests="1" failures="0" timestamp="6 Mar 2016 17:20:47 GMT" time="267.766" errors="0">
  <testcase name="test17941" time="267.766" classname="com.automation.main.TC17941VerifyCourseDisplayedInActiveCoursesTabAfterInstructorReEnrolled"/>
</testsuite> <!-- com.automation.main.TC17941VerifyCourseDisplayedInActiveCoursesTabAfterInstructorReEnrolled -->
