<?xml version="1.0" encoding="UTF-8"?>
<!-- Generated by org.testng.reporters.JUnitReportReporter -->
<testsuite hostname="QA-2-Win8_1-64" name="com.automation.main.supported_search.TC22747ValidatePersonlBookmarksAreNotDisplayedOnSearchResultOnCourseLevelLoginAsGUEST" tests="1" failures="0" timestamp="18 Oct 2016 13:14:01 GMT" time="170.741" errors="0">
  <testcase name="test22747" time="170.741" classname="com.automation.main.supported_search.TC22747ValidatePersonlBookmarksAreNotDisplayedOnSearchResultOnCourseLevelLoginAsGUEST"/>
</testsuite> <!-- com.automation.main.supported_search.TC22747ValidatePersonlBookmarksAreNotDisplayedOnSearchResultOnCourseLevelLoginAsGUEST -->
