<?xml version="1.0" encoding="UTF-8"?>
<!-- Generated by org.testng.reporters.JUnitReportReporter -->
<testsuite hostname="QA-2-Win8_1-64" name="com.automation.main.add_additional_content_file.TC15459AddZipFile" tests="1" failures="0" timestamp="18 Oct 2016 10:27:40 GMT" time="88.613" errors="0">
  <testcase name="test15459" time="88.613" classname="com.automation.main.add_additional_content_file.TC15459AddZipFile"/>
</testsuite> <!-- com.automation.main.add_additional_content_file.TC15459AddZipFile -->
