<?xml version="1.0" encoding="UTF-8"?>
<!-- Generated by org.testng.reporters.JUnitReportReporter -->
<testsuite hostname="DESKTOP-DEB4I2G" name="com.automation.main.TC17906TryToCopyFromActiveCourseToPastCourse" tests="2" failures="0" timestamp="29 Aug 2016 11:53:30 GMT" time="41.910" errors="0">
  <testcase name="loadPage" time="6.789" classname="com.automation.main.TC17906TryToCopyFromActiveCourseToPastCourse"/>
  <testcase name="loginCourses" time="35.121" classname="com.automation.main.TC17906TryToCopyFromActiveCourseToPastCourse"/>
</testsuite> <!-- com.automation.main.TC17906TryToCopyFromActiveCourseToPastCourse -->
