<?xml version="1.0" encoding="UTF-8"?>
<!-- Generated by org.testng.reporters.JUnitReportReporter -->
<testsuite hostname="QA-2-Win8_1-64" name="com.automation.main.TestCaseTryToMoveRecordingAsAStudent" tests="2" failures="0" timestamp="28 Jan 2016 11:10:28 GMT" time="14.804" errors="0">
  <testcase name="loginCourses" time="11.545" classname="com.automation.main.TestCaseTryToMoveRecordingAsAStudent"/>
  <testcase name="loadPage" time="3.259" classname="com.automation.main.TestCaseTryToMoveRecordingAsAStudent"/>
</testsuite> <!-- com.automation.main.TestCaseTryToMoveRecordingAsAStudent -->
