<?xml version="1.0" encoding="UTF-8"?>
<!-- Generated by org.testng.reporters.JUnitReportReporter -->
<testsuite hostname="QA-Mickael-Lap" name="com.automation.main.supported_search.TC22748ValidatePersonlBookmarksAreNotDisplayedOnSearchResultOnAllCoursesLevelLoginAsGUEST" tests="1" failures="0" timestamp="18 Oct 2016 00:42:55 GMT" time="116.500" errors="0">
  <testcase name="test22748" time="116.500" classname="com.automation.main.supported_search.TC22748ValidatePersonlBookmarksAreNotDisplayedOnSearchResultOnAllCoursesLevelLoginAsGUEST"/>
</testsuite> <!-- com.automation.main.supported_search.TC22748ValidatePersonlBookmarksAreNotDisplayedOnSearchResultOnAllCoursesLevelLoginAsGUEST -->
