<?xml version="1.0" encoding="UTF-8"?>
<!-- Generated by org.testng.reporters.JUnitReportReporter -->
<testsuite hostname="QA-Mickael-Lap" name="com.automation.main.delete_recordings.TC15645TryToDeleteCopyingRecording" tests="1" failures="0" timestamp="18 Oct 2016 00:42:54 GMT" time="35.200" errors="0">
  <testcase name="test15645" time="35.200" classname="com.automation.main.delete_recordings.TC15645TryToDeleteCopyingRecording"/>
</testsuite> <!-- com.automation.main.delete_recordings.TC15645TryToDeleteCopyingRecording -->
