<?xml version="1.0" encoding="UTF-8"?>
<!-- Generated by org.testng.reporters.JUnitReportReporter -->
<testsuite hostname="DESKTOP-DEB4I2G" name="com.automation.main.TestSuitePreSetCopyRecordingsAndPastCourse" tests="2" failures="0" timestamp="22 Aug 2016 13:54:43 GMT" time="730.294" errors="0">
  <testcase name="loadPage" time="5.750" classname="com.automation.main.TestSuitePreSetCopyRecordingsAndPastCourse"/>
  <testcase name="loginCourses" time="724.544" classname="com.automation.main.TestSuitePreSetCopyRecordingsAndPastCourse"/>
</testsuite> <!-- com.automation.main.TestSuitePreSetCopyRecordingsAndPastCourse -->
