<?xml version="1.0" encoding="UTF-8"?>
<!-- Generated by org.testng.reporters.JUnitReportReporter -->
<testsuite hostname="QA-2-Win8_1-64" name="com.automation.main.add_additional_content_file.TC15458AddMpgFile" tests="1" failures="1" timestamp="20 Sep 2016 10:47:43 GMT" time="88.243" errors="0">
  <testcase name="test17929" time="88.243" classname="com.automation.main.add_additional_content_file.TC15458AddMpgFile">
    <failure type="java.nio.file.NoSuchFileException" message="C:\Users\moshikk\git\QualitestAutomation\WebDriverTest\workspace\QualitestAutomation\resources\documents\Moshik_testMpg.mpeg">
      <![CDATA[java.nio.file.NoSuchFileException: C:\Users\moshikk\git\QualitestAutomation\WebDriverTest\workspace\QualitestAutomation\resources\documents\Moshik_testMpg.mpeg
	at sun.nio.fs.WindowsException.translateToIOException(Unknown Source)
	at sun.nio.fs.WindowsException.rethrowAsIOException(Unknown Source)
	at sun.nio.fs.WindowsException.rethrowAsIOException(Unknown Source)
	at sun.nio.fs.WindowsFileSystemProvider.newByteChannel(Unknown Source)
	at java.nio.file.Files.newByteChannel(Unknown Source)
	at java.nio.file.Files.newByteChannel(Unknown Source)
	at java.nio.file.spi.FileSystemProvider.newInputStream(Unknown Source)
	at java.nio.file.Files.newInputStream(Unknown Source)
	at com.automation.main.page_helpers.Page.getMD5Sum(Page.java:581)
	at com.automation.main.page_helpers.RecordingHelperPage.VerifyDownloadedFileIsValid(RecordingHelperPage.java:2855)
	at com.automation.main.add_additional_content_file.TC15458AddMpgFile.test17929(TC15458AddMpgFile.java:214)
	at sun.reflect.NativeMethodAccessorImpl.invoke0(Native Method)
	at sun.reflect.NativeMethodAccessorImpl.invoke(Unknown Source)
	at sun.reflect.DelegatingMethodAccessorImpl.invoke(Unknown Source)
	at java.lang.reflect.Method.invoke(Unknown Source)
	at org.testng.internal.MethodInvocationHelper.invokeMethod(MethodInvocationHelper.java:80)
	at org.testng.internal.Invoker.invokeMethod(Invoker.java:714)
	at org.testng.internal.Invoker.invokeTestMethod(Invoker.java:901)
	at org.testng.internal.Invoker.invokeTestMethods(Invoker.java:1231)
	at org.testng.internal.TestMethodWorker.invokeTestMethods(TestMethodWorker.java:127)
	at org.testng.internal.TestMethodWorker.run(TestMethodWorker.java:111)
	at org.testng.TestRunner.privateRun(TestRunner.java:767)
	at org.testng.TestRunner.run(TestRunner.java:617)
	at org.testng.SuiteRunner.runTest(SuiteRunner.java:334)
	at org.testng.SuiteRunner.runSequentially(SuiteRunner.java:329)
	at org.testng.SuiteRunner.privateRun(SuiteRunner.java:291)
	at org.testng.SuiteRunner.run(SuiteRunner.java:240)
	at org.testng.SuiteRunnerWorker.runSuite(SuiteRunnerWorker.java:52)
	at org.testng.SuiteRunnerWorker.run(SuiteRunnerWorker.java:86)
	at org.testng.TestNG.runSuitesSequentially(TestNG.java:1198)
	at org.testng.TestNG.runSuitesLocally(TestNG.java:1123)
	at org.testng.TestNG.run(TestNG.java:1031)
	at org.testng.remote.RemoteTestNG.run(RemoteTestNG.java:115)
	at org.testng.remote.RemoteTestNG.initAndRun(RemoteTestNG.java:207)
	at org.testng.remote.RemoteTestNG.main(RemoteTestNG.java:178)
]]>
    </failure>
  </testcase> <!-- test17929 -->
</testsuite> <!-- com.automation.main.add_additional_content_file.TC15458AddMpgFile -->
