<?xml version="1.0" encoding="UTF-8"?>
<!-- Generated by org.testng.reporters.JUnitReportReporter -->
<testsuite hostname="Kosta-W10-64" name="com.automation.main.TC15447AddDocFile" tests="1" failures="0" timestamp="4 Apr 2016 08:42:32 GMT" time="105.918" errors="0">
  <testcase name="test17929" time="105.918" classname="com.automation.main.TC15447AddDocFile"/>
</testsuite> <!-- com.automation.main.TC15447AddDocFile -->
