<?xml version="1.0" encoding="UTF-8"?>
<!-- Generated by org.testng.reporters.JUnitReportReporter -->
<testsuite hostname="QA-2-Win8_1-64" name="com.automation.main.supported_search_sources_admin_anonymous.TC22727ValidateInvalidSearchOfRecordingChapterInSearchFieldOnRecordingLevelLoginAsGUEST" tests="1" failures="0" timestamp="19 Sep 2016 08:35:55 GMT" time="136.403" errors="0">
  <testcase name="test22727" time="136.403" classname="com.automation.main.supported_search_sources_admin_anonymous.TC22727ValidateInvalidSearchOfRecordingChapterInSearchFieldOnRecordingLevelLoginAsGUEST"/>
</testsuite> <!-- com.automation.main.supported_search_sources_admin_anonymous.TC22727ValidateInvalidSearchOfRecordingChapterInSearchFieldOnRecordingLevelLoginAsGUEST -->
