<?xml version="1.0" encoding="UTF-8"?>
<!-- Generated by org.testng.reporters.JUnitReportReporter -->
<testsuite hostname="QA-Mickael-Lap" name="com.automation.main.past_courses.TC17925VerifyThePastCourseFunctionalityWithRegularRecordings" tests="1" failures="0" timestamp="18 Oct 2016 00:42:54 GMT" time="329.334" errors="0">
  <testcase name="test17925" time="329.334" classname="com.automation.main.past_courses.TC17925VerifyThePastCourseFunctionalityWithRegularRecordings"/>
</testsuite> <!-- com.automation.main.past_courses.TC17925VerifyThePastCourseFunctionalityWithRegularRecordings -->
