<?xml version="1.0" encoding="UTF-8"?>
<!-- Generated by org.testng.reporters.JUnitReportReporter -->
<testsuite hostname="QA-Mickael-Lap" name="com.automation.main.pre_post_test.TestSuitePreSetCopyRecordings_MoveRecordings" tests="1" failures="0" timestamp="18 Oct 2016 00:42:54 GMT" time="154.558" errors="0">
  <testcase name="loginCourses" time="154.558" classname="com.automation.main.pre_post_test.TestSuitePreSetCopyRecordings_MoveRecordings"/>
</testsuite> <!-- com.automation.main.pre_post_test.TestSuitePreSetCopyRecordings_MoveRecordings -->
