<?xml version="1.0" encoding="UTF-8"?>
<!-- Generated by org.testng.reporters.JUnitReportReporter -->
<testsuite hostname="QA-2-Win8_1-64" name="com.automation.main.add_additional_content_file.TC15456AddMp4File" tests="1" failures="0" timestamp="27 Sep 2016 06:23:11 GMT" time="98.435" errors="0">
  <testcase name="test15456" time="98.435" classname="com.automation.main.add_additional_content_file.TC15456AddMp4File"/>
</testsuite> <!-- com.automation.main.add_additional_content_file.TC15456AddMp4File -->
