<?xml version="1.0" encoding="UTF-8"?>
<!-- Generated by org.testng.reporters.JUnitReportReporter -->
<testsuite hostname="QA-2-Win8_1-64" name="com.automation.main.TC18857ValidateTheSourceTypeAsRecordingChapterInSearchFieldOnTheActivCourseLevel" tests="2" failures="0" timestamp="29 Aug 2016 12:01:10 GMT" time="402.351" errors="0">
  <testcase name="loadPage" time="4.802" classname="com.automation.main.TC18857ValidateTheSourceTypeAsRecordingChapterInSearchFieldOnTheActivCourseLevel"/>
  <testcase name="loginCourses" time="397.549" classname="com.automation.main.TC18857ValidateTheSourceTypeAsRecordingChapterInSearchFieldOnTheActivCourseLevel"/>
</testsuite> <!-- com.automation.main.TC18857ValidateTheSourceTypeAsRecordingChapterInSearchFieldOnTheActivCourseLevel -->
