<?xml version="1.0" encoding="UTF-8"?>
<!-- Generated by org.testng.reporters.JUnitReportReporter -->
<testsuite hostname="QA-Mickael-Lap" name="com.automation.main.add_additional_content_file.TC15470AddFileWithTheSameTitleExistingLink" tests="1" failures="0" timestamp="18 Oct 2016 00:42:55 GMT" time="27.476" errors="0">
  <testcase name="test15470" time="27.476" classname="com.automation.main.add_additional_content_file.TC15470AddFileWithTheSameTitleExistingLink"/>
</testsuite> <!-- com.automation.main.add_additional_content_file.TC15470AddFileWithTheSameTitleExistingLink -->
