<?xml version="1.0" encoding="UTF-8"?>
<!-- Generated by org.testng.reporters.JUnitReportReporter -->
<testsuite hostname="QA-2-Win8_1-64" name="com.automation.main.TC18878ValidateTheSourceTypeAsCloseCaptionInSearchFieldOnTheAllCoursesLevel" tests="2" failures="0" timestamp="12 Sep 2016 06:28:01 GMT" time="457.653" errors="0">
  <testcase name="loadPage" time="4.235" classname="com.automation.main.TC18878ValidateTheSourceTypeAsCloseCaptionInSearchFieldOnTheAllCoursesLevel"/>
  <testcase name="loginCourses" time="453.418" classname="com.automation.main.TC18878ValidateTheSourceTypeAsCloseCaptionInSearchFieldOnTheAllCoursesLevel"/>
</testsuite> <!-- com.automation.main.TC18878ValidateTheSourceTypeAsCloseCaptionInSearchFieldOnTheAllCoursesLevel -->
