<?xml version="1.0" encoding="UTF-8"?>
<!-- Generated by org.testng.reporters.JUnitReportReporter -->
<testsuite hostname="QA-Mickael-Lap" name="com.automation.main.delete_recordings.TC15624ExistenceOfUIItemsDelete" tests="1" failures="0" timestamp="18 Oct 2016 14:23:19 GMT" time="51.655" errors="0">
  <testcase name="test15624" time="51.655" classname="com.automation.main.delete_recordings.TC15624ExistenceOfUIItemsDelete"/>
</testsuite> <!-- com.automation.main.delete_recordings.TC15624ExistenceOfUIItemsDelete -->
