<?xml version="1.0" encoding="UTF-8"?>
<!-- Generated by org.testng.reporters.JUnitReportReporter -->
<testsuite hostname="QA-2-Win8_1-64" name="com.automation.main.TestCaseMoveRecordingToACourseWhereRecordingWithSameTitleExists" tests="2" failures="0" timestamp="26 Jan 2016 12:26:38 GMT" time="107.817" errors="0">
  <testcase name="loadPage" time="3.706" classname="com.automation.main.TestCaseMoveRecordingToACourseWhereRecordingWithSameTitleExists"/>
  <testcase name="loginCourses" time="104.111" classname="com.automation.main.TestCaseMoveRecordingToACourseWhereRecordingWithSameTitleExists"/>
</testsuite> <!-- com.automation.main.TestCaseMoveRecordingToACourseWhereRecordingWithSameTitleExists -->
