<?xml version="1.0" encoding="UTF-8"?>
<!-- Generated by org.testng.reporters.JUnitReportReporter -->
<testsuite hostname="QA-Mickael-Lap" name="com.automation.main.supported_search.TC22746ValidatePersonlBookmarksAreNotDisplayedOnSearchResultOnCourseLevelLoginAsADMIN" tests="1" failures="0" timestamp="18 Oct 2016 10:24:01 GMT" time="95.285" errors="0">
  <testcase name="test22746" time="95.285" classname="com.automation.main.supported_search.TC22746ValidatePersonlBookmarksAreNotDisplayedOnSearchResultOnCourseLevelLoginAsADMIN"/>
</testsuite> <!-- com.automation.main.supported_search.TC22746ValidatePersonlBookmarksAreNotDisplayedOnSearchResultOnCourseLevelLoginAsADMIN -->
