<?xml version="1.0" encoding="UTF-8"?>
<!-- Generated by org.testng.reporters.JUnitReportReporter -->
<testsuite hostname="QA-2-Win8_1-64" name="com.automation.main.supported_search_sources_admin_anonymous.TC23077ValidateTheFunctionalityOfResultsNumberInSearchFieldAsGUEST" tests="1" failures="0" timestamp="25 Sep 2016 14:17:40 GMT" time="133.628" errors="0">
  <testcase name="test23077" time="133.628" classname="com.automation.main.supported_search_sources_admin_anonymous.TC23077ValidateTheFunctionalityOfResultsNumberInSearchFieldAsGUEST"/>
</testsuite> <!-- com.automation.main.supported_search_sources_admin_anonymous.TC23077ValidateTheFunctionalityOfResultsNumberInSearchFieldAsGUEST -->
