<?xml version="1.0" encoding="UTF-8"?>
<!-- Generated by org.testng.reporters.JUnitReportReporter -->
<testsuite hostname="QA-2-Win8_1-64" name="com.automation.main.course_detailes_content_page.TC17047ValidateResumeBoxWhenSignOut" tests="1" failures="0" timestamp="10 Oct 2016 11:26:44 GMT" time="315.134" errors="0">
  <testcase name="test17047" time="315.134" classname="com.automation.main.course_detailes_content_page.TC17047ValidateResumeBoxWhenSignOut"/>
</testsuite> <!-- com.automation.main.course_detailes_content_page.TC17047ValidateResumeBoxWhenSignOut -->
