<?xml version="1.0" encoding="UTF-8"?>
<!-- Generated by org.testng.reporters.JUnitReportReporter -->
<testsuite hostname="QA-2-Win8_1-64" name="com.automation.main.TC15601TryToCopyRecordingAsAStudent" tests="2" failures="0" timestamp="13 Sep 2016 07:16:14 GMT" time="35.029" errors="0">
  <testcase name="loadPage" time="4.755" classname="com.automation.main.TC15601TryToCopyRecordingAsAStudent"/>
  <testcase name="loginCourses" time="30.274" classname="com.automation.main.TC15601TryToCopyRecordingAsAStudent"/>
</testsuite> <!-- com.automation.main.TC15601TryToCopyRecordingAsAStudent -->
