<?xml version="1.0" encoding="UTF-8"?>
<!-- Generated by org.testng.reporters.JUnitReportReporter -->
<testsuite hostname="Kosta-W10-64" name="com.automation.main.TC21600ValidateGuestPermissonsInPlayer" tests="1" failures="0" timestamp="10 Apr 2016 09:01:47 GMT" time="46.596" errors="0">
  <testcase name="test21600" time="46.596" classname="com.automation.main.TC21600ValidateGuestPermissonsInPlayer"/>
</testsuite> <!-- com.automation.main.TC21600ValidateGuestPermissonsInPlayer -->
