<?xml version="1.0" encoding="UTF-8"?>
<!-- Generated by org.testng.reporters.JUnitReportReporter -->
<testsuite hostname="QA-2-Win8_1-64" name="com.automation.main.TC15552CopySeveralRecordings" tests="2" failures="0" timestamp="25 Aug 2016 08:38:23 GMT" time="224.540" errors="0">
  <testcase name="loadPage" time="4.722" classname="com.automation.main.TC15552CopySeveralRecordings"/>
  <testcase name="loginCourses" time="219.818" classname="com.automation.main.TC15552CopySeveralRecordings"/>
</testsuite> <!-- com.automation.main.TC15552CopySeveralRecordings -->
