<?xml version="1.0" encoding="UTF-8"?>
<!-- Generated by org.testng.reporters.JUnitReportReporter -->
<testsuite hostname="QA-2-Win8_1-64" name="com.automation.main.supported_search_sources_admin_anonymous.TC22738ValidatePersonlBookmarksAreNotDisplayedOnSearchResultOnTheRecordingLevelLoginAsGUEST" tests="1" failures="0" timestamp="5 Oct 2016 10:35:24 GMT" time="166.899" errors="0">
  <testcase name="test22738" time="166.899" classname="com.automation.main.supported_search_sources_admin_anonymous.TC22738ValidatePersonlBookmarksAreNotDisplayedOnSearchResultOnTheRecordingLevelLoginAsGUEST"/>
</testsuite> <!-- com.automation.main.supported_search_sources_admin_anonymous.TC22738ValidatePersonlBookmarksAreNotDisplayedOnSearchResultOnTheRecordingLevelLoginAsGUEST -->
