<?xml version="1.0" encoding="UTF-8"?>
<!-- Generated by org.testng.reporters.JUnitReportReporter -->
<testsuite hostname="DESKTOP-DEB4I2G" name="com.automation.main.TC17905TryToCopyFromPastCourseToAnotherPastCourseToItself" tests="1" failures="0" timestamp="25 Aug 2016 13:08:11 GMT" time="6.555" errors="0">
  <testcase name="loadPage" time="6.555" classname="com.automation.main.TC17905TryToCopyFromPastCourseToAnotherPastCourseToItself"/>
</testsuite> <!-- com.automation.main.TC17905TryToCopyFromPastCourseToAnotherPastCourseToItself -->
