<?xml version="1.0" encoding="UTF-8"?>
<!-- Generated by org.testng.reporters.JUnitReportReporter -->
<testsuite hostname="QA-Mickael-Lap" name="com.automation.main.delete_additional_content.TC15815CancelTheDelete" tests="1" failures="0" timestamp="18 Oct 2016 00:42:55 GMT" time="21.514" errors="0">
  <testcase name="test15815" time="21.514" classname="com.automation.main.delete_additional_content.TC15815CancelTheDelete"/>
</testsuite> <!-- com.automation.main.delete_additional_content.TC15815CancelTheDelete -->
