<?xml version="1.0" encoding="UTF-8"?>
<!-- Generated by org.testng.reporters.JUnitReportReporter -->
<testsuite hostname="QA-Mickael-Lap" name="com.automation.main.past_courses.TC24835VerifyStudentsCantSeePastCourseTab" tests="1" failures="0" timestamp="18 Oct 2016 00:42:54 GMT" time="213.851" errors="0">
  <testcase name="test24835" time="213.851" classname="com.automation.main.past_courses.TC24835VerifyStudentsCantSeePastCourseTab"/>
</testsuite> <!-- com.automation.main.past_courses.TC24835VerifyStudentsCantSeePastCourseTab -->
