<?xml version="1.0" encoding="UTF-8"?>
<!-- Generated by org.testng.reporters.JUnitReportReporter -->
<testsuite hostname="QA-Mickael-Lap" name="com.automation.main.copy_recording.TC15534ExixtenceOfUIItemsCopy" tests="1" failures="0" timestamp="18 Oct 2016 00:42:55 GMT" time="54.830" errors="0">
  <testcase name="test15534" time="54.830" classname="com.automation.main.copy_recording.TC15534ExixtenceOfUIItemsCopy"/>
</testsuite> <!-- com.automation.main.copy_recording.TC15534ExixtenceOfUIItemsCopy -->
