<?xml version="1.0" encoding="UTF-8"?>
<!-- Generated by org.testng.reporters.JUnitReportReporter -->
<testsuite hostname="QA-2-Win8_1-64" name="com.automation.main.TestCase15661TryToMoveFailedRecording" tests="2" failures="0" timestamp="27 Jan 2016 10:41:12 GMT" time="37.954" errors="0">
  <testcase name="loginCourses" time="33.482" classname="com.automation.main.TestCase15661TryToMoveFailedRecording"/>
  <testcase name="loadPage" time="4.472" classname="com.automation.main.TestCase15661TryToMoveFailedRecording"/>
</testsuite> <!-- com.automation.main.TestCase15661TryToMoveFailedRecording -->
