<?xml version="1.0" encoding="UTF-8"?>
<!-- Generated by org.testng.reporters.JUnitReportReporter -->
<testsuite hostname="QA-2-Win8_1-64" name="com.automation.main.TestCaseCopyOneRecordingToSeveralCoureses" tests="2" failures="0" timestamp="18 Jan 2016 09:52:01 GMT" time="88.176" errors="0">
  <testcase name="loginCourses" time="85.362" classname="com.automation.main.TestCaseCopyOneRecordingToSeveralCoureses"/>
  <testcase name="loadPage" time="2.814" classname="com.automation.main.TestCaseCopyOneRecordingToSeveralCoureses"/>
</testsuite> <!-- com.automation.main.TestCaseCopyOneRecordingToSeveralCoureses -->
