<?xml version="1.0" encoding="UTF-8"?>
<!-- Generated by org.testng.reporters.JUnitReportReporter -->
<testsuite hostname="QA-2-Win8_1-64" name="com.automation.main.search.TC18892ValidateTheFunctionalityOfSearchFieldInCourseSettingPageAsInstructor" tests="1" failures="0" timestamp="13 Oct 2016 06:20:38 GMT" time="456.696" errors="0">
  <testcase name="test18892" time="456.696" classname="com.automation.main.search.TC18892ValidateTheFunctionalityOfSearchFieldInCourseSettingPageAsInstructor"/>
</testsuite> <!-- com.automation.main.search.TC18892ValidateTheFunctionalityOfSearchFieldInCourseSettingPageAsInstructor -->
