<?xml version="1.0" encoding="UTF-8"?>
<!-- Generated by org.testng.reporters.JUnitReportReporter -->
<testsuite hostname="QA-Mickael-Lap" name="com.automation.main.copy_recording.TC17370VerifySortingOfCoursesInMoveWindowOfAdittinalContent" tests="1" failures="0" timestamp="18 Oct 2016 00:42:54 GMT" time="77.339" errors="0">
  <testcase name="test17370" time="77.339" classname="com.automation.main.copy_recording.TC17370VerifySortingOfCoursesInMoveWindowOfAdittinalContent"/>
</testsuite> <!-- com.automation.main.copy_recording.TC17370VerifySortingOfCoursesInMoveWindowOfAdittinalContent -->
