<?xml version="1.0" encoding="UTF-8"?>
<!-- Generated by org.testng.reporters.JUnitReportReporter -->
<testsuite hostname="Kosta-W10-64" name="com.automation.main.TestCase15639TryToDeleteARegularRecordingAsAStudent" tests="2" failures="0" timestamp="16 Feb 2016 12:53:40 GMT" time="11.642" errors="0">
  <testcase name="loadPage" time="4.594" classname="com.automation.main.TestCase15639TryToDeleteARegularRecordingAsAStudent"/>
  <testcase name="loginCourses" time="7.048" classname="com.automation.main.TestCase15639TryToDeleteARegularRecordingAsAStudent"/>
</testsuite> <!-- com.automation.main.TestCase15639TryToDeleteARegularRecordingAsAStudent -->
