<?xml version="1.0" encoding="UTF-8"?>
<!-- Generated by org.testng.reporters.JUnitReportReporter -->
<testsuite hostname="QA-Mickael-Lap" name="com.automation.main.search.TC18879ValidateTheSourceTypeAsRecordingTextInSearchFieldOnTheAllCourseLevel" tests="1" failures="0" timestamp="18 Oct 2016 00:42:54 GMT" time="292.348" errors="0">
  <testcase name="test18879" time="292.348" classname="com.automation.main.search.TC18879ValidateTheSourceTypeAsRecordingTextInSearchFieldOnTheAllCourseLevel"/>
</testsuite> <!-- com.automation.main.search.TC18879ValidateTheSourceTypeAsRecordingTextInSearchFieldOnTheAllCourseLevel -->
