<?xml version="1.0" encoding="UTF-8"?>
<!-- Generated by org.testng.reporters.JUnitReportReporter -->
<testsuite hostname="Kosta-W10-64" name="com.automation.main.TestCase15634DeleteAStudentRecordingAsInstructor" tests="2" failures="0" timestamp="16 Feb 2016 12:53:40 GMT" time="17.840" errors="0">
  <testcase name="loadPage" time="4.065" classname="com.automation.main.TestCase15634DeleteAStudentRecordingAsInstructor"/>
  <testcase name="loginCourses" time="13.775" classname="com.automation.main.TestCase15634DeleteAStudentRecordingAsInstructor"/>
</testsuite> <!-- com.automation.main.TestCase15634DeleteAStudentRecordingAsInstructor -->
