<?xml version="1.0" encoding="UTF-8"?>
<!-- Generated by org.testng.reporters.JUnitReportReporter -->
<testsuite hostname="QA-2-Win8_1-64" name="com.automation.main.search.TC18840ValidateTheSourceTypeAsRecordingTitleInSearchFieldOnTheCourseLevel" tests="1" failures="0" timestamp="26 Oct 2016 06:57:43 GMT" time="640.820" errors="0">
  <testcase name="test18840" time="640.820" classname="com.automation.main.search.TC18840ValidateTheSourceTypeAsRecordingTitleInSearchFieldOnTheCourseLevel"/>
</testsuite> <!-- com.automation.main.search.TC18840ValidateTheSourceTypeAsRecordingTitleInSearchFieldOnTheCourseLevel -->
