<?xml version="1.0" encoding="UTF-8"?>
<!-- Generated by org.testng.reporters.JUnitReportReporter -->
<testsuite hostname="QA-Mickael-Lap" name="com.automation.main.admin_course_view_recording_tasks.TC24926ValidateCopyRecordingDropdownAndSearchFunctionalities" tests="1" failures="0" timestamp="18 Oct 2016 00:42:54 GMT" time="155.229" errors="0">
  <testcase name="test24926" time="155.229" classname="com.automation.main.admin_course_view_recording_tasks.TC24926ValidateCopyRecordingDropdownAndSearchFunctionalities"/>
</testsuite> <!-- com.automation.main.admin_course_view_recording_tasks.TC24926ValidateCopyRecordingDropdownAndSearchFunctionalities -->
