<?xml version="1.0" encoding="UTF-8"?>
<!-- Generated by org.testng.reporters.JUnitReportReporter -->
<testsuite hostname="QA-2-Win8_1-64" name="com.automation.main.supported_search_sources_admin_anonymous.TC22748ValidatePersonlBookmarksAreNotDisplayedOnSearchResultOnAllCoursesLevelLoginAsGUEST" tests="1" failures="0" timestamp="27 Sep 2016 10:21:43 GMT" time="195.964" errors="0">
  <testcase name="test22746" time="195.964" classname="com.automation.main.supported_search_sources_admin_anonymous.TC22748ValidatePersonlBookmarksAreNotDisplayedOnSearchResultOnAllCoursesLevelLoginAsGUEST"/>
</testsuite> <!-- com.automation.main.supported_search_sources_admin_anonymous.TC22748ValidatePersonlBookmarksAreNotDisplayedOnSearchResultOnAllCoursesLevelLoginAsGUEST -->
