<?xml version="1.0" encoding="UTF-8"?>
<!-- Generated by org.testng.reporters.JUnitReportReporter -->
<testsuite hostname="QA-2-Win8_1-64" name="com.automation.main.delete_recordings.TC15649TryToDeleteMovingRecording" tests="1" failures="0" timestamp="6 Oct 2016 08:40:08 GMT" time="97.809" errors="0">
  <testcase name="test15649" time="97.809" classname="com.automation.main.delete_recordings.TC15649TryToDeleteMovingRecording"/>
</testsuite> <!-- com.automation.main.delete_recordings.TC15649TryToDeleteMovingRecording -->
