<?xml version="1.0" encoding="UTF-8"?>
<!-- Generated by org.testng.reporters.JUnitReportReporter -->
<testsuite hostname="QA-2-Win8_1-64" name="com.automation.main.move_recording.TC15593MoveRecordingToACourseWhereRecordingWithSameTitleExists" tests="1" failures="0" timestamp="18 Oct 2016 11:18:04 GMT" time="334.077" errors="0">
  <testcase name="test15593" time="334.077" classname="com.automation.main.move_recording.TC15593MoveRecordingToACourseWhereRecordingWithSameTitleExists"/>
</testsuite> <!-- com.automation.main.move_recording.TC15593MoveRecordingToACourseWhereRecordingWithSameTitleExists -->
