<?xml version="1.0" encoding="UTF-8"?>
<!-- Generated by org.testng.reporters.JUnitReportReporter -->
<testsuite hostname="QA-2-Win8_1-64" name="com.automation.main.TC18933ValidateTheRecordingIsNotDisplayedInCourseThatStudentDoesNotInRoll" tests="2" failures="0" timestamp="29 Aug 2016 11:33:53 GMT" time="179.885" errors="0">
  <testcase name="loginCourses" time="174.830" classname="com.automation.main.TC18933ValidateTheRecordingIsNotDisplayedInCourseThatStudentDoesNotInRoll"/>
  <testcase name="loadPage" time="5.055" classname="com.automation.main.TC18933ValidateTheRecordingIsNotDisplayedInCourseThatStudentDoesNotInRoll"/>
</testsuite> <!-- com.automation.main.TC18933ValidateTheRecordingIsNotDisplayedInCourseThatStudentDoesNotInRoll -->
