<?xml version="1.0" encoding="UTF-8"?>
<!-- Generated by org.testng.reporters.JUnitReportReporter -->
<testsuite hostname="DESKTOP-DEB4I2G" name="com.automation.main.TC17901CreatePastCourseAndVerifyAppearanceAccordinglyToEnrollementStatus" tests="2" failures="0" timestamp="29 Aug 2016 11:53:30 GMT" time="68.001" errors="0">
  <testcase name="preTestCreateNewUser" time="0.020" classname="com.automation.main.TC17901CreatePastCourseAndVerifyAppearanceAccordinglyToEnrollementStatus"/>
  <testcase name="test17901" time="67.981" classname="com.automation.main.TC17901CreatePastCourseAndVerifyAppearanceAccordinglyToEnrollementStatus"/>
</testsuite> <!-- com.automation.main.TC17901CreatePastCourseAndVerifyAppearanceAccordinglyToEnrollementStatus -->
