<?xml version="1.0" encoding="UTF-8"?>
<!-- Generated by org.testng.reporters.JUnitReportReporter -->
<testsuite hostname="DESKTOP-DEB4I2G" name="com.automation.main.TC17933VerifypastCourseWithStudentRecording" tests="1" failures="0" timestamp="23 Aug 2016 10:19:57 GMT" time="333.923" errors="0">
  <testcase name="test17929" time="333.923" classname="com.automation.main.TC17933VerifypastCourseWithStudentRecording"/>
</testsuite> <!-- com.automation.main.TC17933VerifypastCourseWithStudentRecording -->
