<?xml version="1.0" encoding="UTF-8"?>
<!-- Generated by org.testng.reporters.JUnitReportReporter -->
<testsuite hostname="QA-Mickael-Lap" name="com.automation.main.move_recording.TC15602TryToMoveRecordingAsAStudent" tests="1" failures="0" timestamp="18 Oct 2016 00:42:54 GMT" time="19.315" errors="0">
  <testcase name="test15602" time="19.315" classname="com.automation.main.move_recording.TC15602TryToMoveRecordingAsAStudent"/>
</testsuite> <!-- com.automation.main.move_recording.TC15602TryToMoveRecordingAsAStudent -->
