<?xml version="1.0" encoding="UTF-8"?>
<!-- Generated by org.testng.reporters.JUnitReportReporter -->
<testsuite hostname="DESKTOP-DEB4I2G" name="com.automation.main.TC24766VerifyCopyFromPastCourseToActiveCourse" tests="1" failures="0" timestamp="29 Aug 2016 11:53:30 GMT" time="419.200" errors="0">
  <testcase name="test24766" time="419.200" classname="com.automation.main.TC24766VerifyCopyFromPastCourseToActiveCourse"/>
</testsuite> <!-- com.automation.main.TC24766VerifyCopyFromPastCourseToActiveCourse -->
