<?xml version="1.0" encoding="UTF-8"?>
<!-- Generated by org.testng.reporters.JUnitReportReporter -->
<testsuite hostname="QA-2-Win8_1-64" name="com.automation.main.TC18859ValidateTheSourceTypeAsRecordingChapterInSearchFieldOnThePastCourseLevel" tests="2" failures="0" timestamp="24 Aug 2016 07:50:50 GMT" time="306.804" errors="0">
  <testcase name="loadPage" time="4.488" classname="com.automation.main.TC18859ValidateTheSourceTypeAsRecordingChapterInSearchFieldOnThePastCourseLevel"/>
  <testcase name="loginCourses" time="302.316" classname="com.automation.main.TC18859ValidateTheSourceTypeAsRecordingChapterInSearchFieldOnThePastCourseLevel"/>
</testsuite> <!-- com.automation.main.TC18859ValidateTheSourceTypeAsRecordingChapterInSearchFieldOnThePastCourseLevel -->
