<?xml version="1.0" encoding="UTF-8"?>
<!-- Generated by org.testng.reporters.JUnitReportReporter -->
<testsuite hostname="DESKTOP-DEB4I2G" name="com.automation.main.TC17906TryToCopyFromActiveCourseToPastCourse" tests="2" failures="0" timestamp="22 Aug 2016 14:28:30 GMT" time="28.828" errors="0">
  <testcase name="loginCourses" time="22.039" classname="com.automation.main.TC17906TryToCopyFromActiveCourseToPastCourse"/>
  <testcase name="loadPage" time="6.789" classname="com.automation.main.TC17906TryToCopyFromActiveCourseToPastCourse"/>
</testsuite> <!-- com.automation.main.TC17906TryToCopyFromActiveCourseToPastCourse -->
