<?xml version="1.0" encoding="UTF-8"?>
<!-- Generated by org.testng.reporters.JUnitReportReporter -->
<testsuite hostname="QA-2-Win8_1-64" name="com.automation.main.TC15535CopyOneRecording" tests="2" failures="0" timestamp="5 Sep 2016 07:59:22 GMT" time="422.197" errors="0">
  <testcase name="testME" time="0.013" classname="com.automation.main.TC15535CopyOneRecording"/>
  <testcase name="copyOneRecording" time="422.184" classname="com.automation.main.TC15535CopyOneRecording"/>
</testsuite> <!-- com.automation.main.TC15535CopyOneRecording -->
