<?xml version="1.0" encoding="UTF-8"?>
<!-- Generated by org.testng.reporters.JUnitReportReporter -->
<testsuite hostname="QA-2-Win8_1-64" name="com.automation.main.TestCaseCopyRecordingToACourseWhereRecordingWithTheSameNameExists" tests="2" failures="0" timestamp="17 Jan 2016 11:18:52 GMT" time="104.769" errors="0">
  <testcase name="loginCourses" time="101.767" classname="com.automation.main.TestCaseCopyRecordingToACourseWhereRecordingWithTheSameNameExists"/>
  <testcase name="loadPage" time="3.002" classname="com.automation.main.TestCaseCopyRecordingToACourseWhereRecordingWithTheSameNameExists"/>
</testsuite> <!-- com.automation.main.TestCaseCopyRecordingToACourseWhereRecordingWithTheSameNameExists -->
