<?xml version="1.0" encoding="UTF-8"?>
<!-- Generated by org.testng.reporters.JUnitReportReporter -->
<testsuite hostname="QA-2-Win8_1-64" name="com.automation.main.TestCaseSearchCourseInMoveWindow" tests="2" failures="0" timestamp="28 Jan 2016 12:16:19 GMT" time="52.867" errors="0">
  <testcase name="loginCourses" time="49.376" classname="com.automation.main.TestCaseSearchCourseInMoveWindow"/>
  <testcase name="loadPage" time="3.491" classname="com.automation.main.TestCaseSearchCourseInMoveWindow"/>
</testsuite> <!-- com.automation.main.TestCaseSearchCourseInMoveWindow -->
