<?xml version="1.0" encoding="UTF-8"?>
<!-- Generated by org.testng.reporters.JUnitReportReporter -->
<testsuite hostname="QA-Alex-PC" name="com.automation.main.VerifySortingOfCoursesInMoveWindowOfStudentRecordings" tests="2" failures="0" timestamp="14 Jan 2016 11:01:00 GMT" time="34.011" errors="0">
  <testcase name="VerifySortingOfCoursesInCopyWindow" time="33.980" classname="com.automation.main.VerifySortingOfCoursesInMoveWindowOfStudentRecordings"/>
  <testcase name="testME" time="0.031" classname="com.automation.main.VerifySortingOfCoursesInMoveWindowOfStudentRecordings"/>
</testsuite> <!-- com.automation.main.VerifySortingOfCoursesInMoveWindowOfStudentRecordings -->
