<?xml version="1.0" encoding="UTF-8"?>
<!-- Generated by org.testng.reporters.JUnitReportReporter -->
<testsuite hostname="QA-2-Win8_1-64" name="com.automation.main.TestCaseTryToCopyFailedRecording" tests="2" failures="0" timestamp="14 Jan 2016 10:31:22 GMT" time="21.761" errors="0">
  <testcase name="loadPage" time="2.886" classname="com.automation.main.TestCaseTryToCopyFailedRecording"/>
  <testcase name="loginCourses" time="18.875" classname="com.automation.main.TestCaseTryToCopyFailedRecording"/>
</testsuite> <!-- com.automation.main.TestCaseTryToCopyFailedRecording -->
