<?xml version="1.0" encoding="UTF-8"?>
<!-- Generated by org.testng.reporters.JUnitReportReporter -->
<testsuite hostname="QA-2-Win8_1-64" name="com.automation.main.TestCase15588MoveARecordingWithAPodcast" tests="2" failures="0" timestamp="27 Jan 2016 11:27:38 GMT" time="125.776" errors="0">
  <testcase name="loadPage" time="2.273" classname="com.automation.main.TestCase15588MoveARecordingWithAPodcast"/>
  <testcase name="loginCourses" time="123.503" classname="com.automation.main.TestCase15588MoveARecordingWithAPodcast"/>
</testsuite> <!-- com.automation.main.TestCase15588MoveARecordingWithAPodcast -->
