<?xml version="1.0" encoding="UTF-8"?>
<!-- Generated by org.testng.reporters.JUnitReportReporter -->
<testsuite hostname="QA-2-Win8_1-64" name="com.automation.main.TestCaseMoveSeveralRecordings" tests="2" failures="0" timestamp="26 Jan 2016 10:16:25 GMT" time="90.244" errors="0">
  <testcase name="loadPage" time="3.184" classname="com.automation.main.TestCaseMoveSeveralRecordings"/>
  <testcase name="loginCourses" time="87.060" classname="com.automation.main.TestCaseMoveSeveralRecordings"/>
</testsuite> <!-- com.automation.main.TestCaseMoveSeveralRecordings -->
