<?xml version="1.0" encoding="UTF-8"?>
<!-- Generated by org.testng.reporters.JUnitReportReporter -->
<testsuite hostname="QA-2-Win8_1-64" name="com.automation.main.TestCase15898VerifyTheCopyingMovingStatusOfADestinationRecording" tests="2" failures="0" timestamp="26 Jan 2016 15:55:20 GMT" time="25.111" errors="0">
  <testcase name="loginCourses" time="22.800" classname="com.automation.main.TestCase15898VerifyTheCopyingMovingStatusOfADestinationRecording"/>
  <testcase name="loadPage" time="2.311" classname="com.automation.main.TestCase15898VerifyTheCopyingMovingStatusOfADestinationRecording"/>
</testsuite> <!-- com.automation.main.TestCase15898VerifyTheCopyingMovingStatusOfADestinationRecording -->
