<?xml version="1.0" encoding="UTF-8"?>
<!-- Generated by org.testng.reporters.JUnitReportReporter -->
<testsuite hostname="QA-2-Win8_1-64" name="com.automation.main.TestCaseVerifyTheCopyingMovingStatusOfADestinationRecording" tests="2" failures="0" timestamp="14 Jan 2016 13:30:42 GMT" time="35.819" errors="0">
  <testcase name="loadPage" time="2.550" classname="com.automation.main.TestCaseVerifyTheCopyingMovingStatusOfADestinationRecording"/>
  <testcase name="loginCourses" time="33.269" classname="com.automation.main.TestCaseVerifyTheCopyingMovingStatusOfADestinationRecording"/>
</testsuite> <!-- com.automation.main.TestCaseVerifyTheCopyingMovingStatusOfADestinationRecording -->
