<?xml version="1.0" encoding="UTF-8"?>
<!-- Generated by org.testng.reporters.JUnitReportReporter -->
<testsuite hostname="QA-2-Win8_1-64" name="com.automation.main.TestCaseTryToMoveFromActiveCourseToPastCourse" tests="2" failures="0" timestamp="25 Jan 2016 14:50:49 GMT" time="25.662" errors="0">
  <testcase name="loginCourses" time="21.963" classname="com.automation.main.TestCaseTryToMoveFromActiveCourseToPastCourse"/>
  <testcase name="loadPage" time="3.699" classname="com.automation.main.TestCaseTryToMoveFromActiveCourseToPastCourse"/>
</testsuite> <!-- com.automation.main.TestCaseTryToMoveFromActiveCourseToPastCourse -->
