<?xml version="1.0" encoding="UTF-8"?>
<!-- Generated by org.testng.reporters.JUnitReportReporter -->
<testsuite hostname="QA-2-Win8_1-64" name="com.automation.main.TestCaseSearchCoursesInCopyWindow" tests="2" failures="0" timestamp="13 Jan 2016 09:18:11 GMT" time="59.322" errors="0">
  <testcase name="loginCourses" time="53.812" classname="com.automation.main.TestCaseSearchCoursesInCopyWindow"/>
  <testcase name="loadPage" time="5.510" classname="com.automation.main.TestCaseSearchCoursesInCopyWindow"/>
</testsuite> <!-- com.automation.main.TestCaseSearchCoursesInCopyWindow -->
