<?xml version="1.0" encoding="UTF-8"?>
<!-- Generated by org.testng.reporters.JUnitReportReporter -->
<testsuite hostname="QA-Alex-PC" name="com.automation.main.VerifySortingOfCoursesInMoveWindowOfProctoringRecordings" tests="1" failures="0" timestamp="17 Jan 2016 12:38:26 GMT" time="17.832" errors="0">
  <testcase name="VerifySortingOfCoursesInCopyWindow" time="17.832" classname="com.automation.main.VerifySortingOfCoursesInMoveWindowOfProctoringRecordings"/>
</testsuite> <!-- com.automation.main.VerifySortingOfCoursesInMoveWindowOfProctoringRecordings -->
