<?xml version="1.0" encoding="UTF-8"?>
<!-- Generated by org.testng.reporters.JUnitReportReporter -->
<testsuite hostname="QA-2-Win8_1-64" name="com.automation.main.TestCaseTryToCopyRecordingWhileItIsBeingMoved" tests="2" failures="0" timestamp="14 Jan 2016 08:42:37 GMT" time="46.025" errors="0">
  <testcase name="loginCourses" time="42.643" classname="com.automation.main.TestCaseTryToCopyRecordingWhileItIsBeingMoved"/>
  <testcase name="loadPage" time="3.382" classname="com.automation.main.TestCaseTryToCopyRecordingWhileItIsBeingMoved"/>
</testsuite> <!-- com.automation.main.TestCaseTryToCopyRecordingWhileItIsBeingMoved -->
