<?xml version="1.0" encoding="UTF-8"?>
<!-- Generated by org.testng.reporters.JUnitReportReporter -->
<testsuite hostname="QA-2-Win8_1-64" name="com.automation.main.TestCaseTryToMoveWithoutSelectingACourse" tests="2" failures="0" timestamp="26 Jan 2016 10:26:37 GMT" time="29.531" errors="0">
  <testcase name="loginCourses" time="25.434" classname="com.automation.main.TestCaseTryToMoveWithoutSelectingACourse"/>
  <testcase name="loadPage" time="4.097" classname="com.automation.main.TestCaseTryToMoveWithoutSelectingACourse"/>
</testsuite> <!-- com.automation.main.TestCaseTryToMoveWithoutSelectingACourse -->
