<?xml version="1.0" encoding="UTF-8"?>
<!-- Generated by org.testng.reporters.JUnitReportReporter -->
<testsuite hostname="Qa-Aut-Win8-1_64" name="com.automation.main.TCExistenceOfUIItemsDelete" tests="1" failures="1" timestamp="22 Feb 2016 13:06:31 GMT" time="31.184" errors="0">
  <testcase name="testUiExistence" time="31.184" classname="com.automation.main.TCExistenceOfUIItemsDelete">
    <failure type="org.openqa.selenium.WebDriverException" message="Target URL AWSServerAutomation1.tegrity.com is not well-formed.
Command duration or timeout: 45 milliseconds
Build info: version: &#039;2.51.0&#039;, revision: &#039;1af067dbcaedd7d2ab9af5151fc471d363d97193&#039;, time: &#039;2016-02-05 11:20:57&#039;
System info: host: &#039;Qa-Aut-Win8-1_64&#039;, ip: &#039;192.168.0.247&#039;, os.name: &#039;Windows 8.1&#039;, os.arch: &#039;amd64&#039;, os.version: &#039;6.3&#039;, java.version: &#039;1.8.0_65&#039;
Driver info: org.openqa.selenium.firefox.FirefoxDriver
Capabilities [{applicationCacheEnabled=true, rotatable=false, handlesAlerts=true, databaseEnabled=true, version=43.0.4, platform=WINDOWS, nativeEvents=false, acceptSslCerts=true, webStorageEnabled=true, locationContextEnabled=true, browserName=firefox, takesScreenshot=true, javascriptEnabled=true, cssSelectorsEnabled=true}]
Session ID: e4ee7fa1-eac6-4114-90e1-59c3f3dd3728">
      <![CDATA[org.openqa.selenium.WebDriverException: Target URL AWSServerAutomation1.tegrity.com is not well-formed.
Command duration or timeout: 45 milliseconds
Build info: version: '2.51.0', revision: '1af067dbcaedd7d2ab9af5151fc471d363d97193', time: '2016-02-05 11:20:57'
System info: host: 'Qa-Aut-Win8-1_64', ip: '192.168.0.247', os.name: 'Windows 8.1', os.arch: 'amd64', os.version: '6.3', java.version: '1.8.0_65'
Driver info: org.openqa.selenium.firefox.FirefoxDriver
Capabilities [{applicationCacheEnabled=true, rotatable=false, handlesAlerts=true, databaseEnabled=true, version=43.0.4, platform=WINDOWS, nativeEvents=false, acceptSslCerts=true, webStorageEnabled=true, locationContextEnabled=true, browserName=firefox, takesScreenshot=true, javascriptEnabled=true, cssSelectorsEnabled=true}]
Session ID: e4ee7fa1-eac6-4114-90e1-59c3f3dd3728
	at sun.reflect.NativeConstructorAccessorImpl.newInstance0(Native Method)
	at sun.reflect.NativeConstructorAccessorImpl.newInstance(Unknown Source)
	at sun.reflect.DelegatingConstructorAccessorImpl.newInstance(Unknown Source)
	at java.lang.reflect.Constructor.newInstance(Unknown Source)
	at org.openqa.selenium.remote.ErrorHandler.createThrowable(ErrorHandler.java:206)
	at org.openqa.selenium.remote.ErrorHandler.throwIfResponseFailed(ErrorHandler.java:158)
	at org.openqa.selenium.remote.RemoteWebDriver.execute(RemoteWebDriver.java:678)
	at org.openqa.selenium.remote.RemoteWebDriver.get(RemoteWebDriver.java:316)
	at com.automation.main.Page.loadPage(Page.java:180)
	at com.automation.main.TCExistenceOfUIItemsDelete.testUiExistence(TCExistenceOfUIItemsDelete.java:93)
	at sun.reflect.NativeMethodAccessorImpl.invoke0(Native Method)
	at sun.reflect.NativeMethodAccessorImpl.invoke(Unknown Source)
	at sun.reflect.DelegatingMethodAccessorImpl.invoke(Unknown Source)
	at java.lang.reflect.Method.invoke(Unknown Source)
	at org.testng.internal.MethodInvocationHelper.invokeMethod(MethodInvocationHelper.java:80)
	at org.testng.internal.Invoker.invokeMethod(Invoker.java:714)
	at org.testng.internal.Invoker.invokeTestMethod(Invoker.java:901)
	at org.testng.internal.Invoker.invokeTestMethods(Invoker.java:1231)
	at org.testng.internal.TestMethodWorker.invokeTestMethods(TestMethodWorker.java:127)
	at org.testng.internal.TestMethodWorker.run(TestMethodWorker.java:111)
	at org.testng.TestRunner.privateRun(TestRunner.java:767)
	at org.testng.TestRunner.run(TestRunner.java:617)
	at org.testng.SuiteRunner.runTest(SuiteRunner.java:334)
	at org.testng.SuiteRunner.runSequentially(SuiteRunner.java:329)
	at org.testng.SuiteRunner.privateRun(SuiteRunner.java:291)
	at org.testng.SuiteRunner.run(SuiteRunner.java:240)
	at org.testng.SuiteRunnerWorker.runSuite(SuiteRunnerWorker.java:52)
	at org.testng.SuiteRunnerWorker.run(SuiteRunnerWorker.java:86)
	at org.testng.TestNG.runSuitesSequentially(TestNG.java:1198)
	at org.testng.TestNG.runSuitesLocally(TestNG.java:1123)
	at org.testng.TestNG.run(TestNG.java:1031)
	at org.testng.remote.RemoteTestNG.run(RemoteTestNG.java:115)
	at org.testng.remote.RemoteTestNG.initAndRun(RemoteTestNG.java:207)
	at org.testng.remote.RemoteTestNG.main(RemoteTestNG.java:178)
Caused by: org.openqa.selenium.WebDriverException: Target URL AWSServerAutomation1.tegrity.com is not well-formed.
Build info: version: '2.51.0', revision: '1af067dbcaedd7d2ab9af5151fc471d363d97193', time: '2016-02-05 11:20:57'
System info: host: 'Qa-Aut-Win8-1_64', ip: '192.168.0.247', os.name: 'Windows 8.1', os.arch: 'amd64', os.version: '6.3', java.version: '1.8.0_65'
Driver info: driver.version: unknown
	at <anonymous class>.FirefoxDriver.prototype.get(file:///C:/Users/Qa/AppData/Local/Temp/anonymous7829254497053056667webdriver-profile/extensions/fxdriver@googlecode.com/components/driver-component.js:10589)
	at <anonymous class>.DelayedCommand.prototype.executeInternal_/h(file:///C:/Users/Qa/AppData/Local/Temp/anonymous7829254497053056667webdriver-profile/extensions/fxdriver@googlecode.com/components/command-processor.js:12602)
	at <anonymous class>.DelayedCommand.prototype.executeInternal_(file:///C:/Users/Qa/AppData/Local/Temp/anonymous7829254497053056667webdriver-profile/extensions/fxdriver@googlecode.com/components/command-processor.js:12607)
	at <anonymous class>.DelayedCommand.prototype.execute/<(file:///C:/Users/Qa/AppData/Local/Temp/anonymous7829254497053056667webdriver-profile/extensions/fxdriver@googlecode.com/components/command-processor.js:12549)
]]>
    </failure>
  </testcase> <!-- testUiExistence -->
</testsuite> <!-- com.automation.main.TCExistenceOfUIItemsDelete -->
