<?xml version="1.0" encoding="UTF-8"?>
<!-- Generated by org.testng.reporters.JUnitReportReporter -->
<testsuite hostname="QA-2-Win8_1-64" name="com.automation.main.TestCaseCopyRecordingWithVodcast" tests="2" failures="0" timestamp="17 Jan 2016 14:56:14 GMT" time="16.708" errors="0">
  <testcase name="loginCourses" time="11.349" classname="com.automation.main.TestCaseCopyRecordingWithVodcast"/>
  <testcase name="loadPage" time="5.359" classname="com.automation.main.TestCaseCopyRecordingWithVodcast"/>
</testsuite> <!-- com.automation.main.TestCaseCopyRecordingWithVodcast -->
