<?xml version="1.0" encoding="UTF-8"?>
<!-- Generated by org.testng.reporters.JUnitReportReporter -->
<testsuite hostname="QA-2-Win8_1-64" name="com.automation.main.TestCase15660TryToCopyFailedRecording" tests="2" failures="0" timestamp="27 Jan 2016 08:57:58 GMT" time="36.264" errors="0">
  <testcase name="loginCourses" time="32.974" classname="com.automation.main.TestCase15660TryToCopyFailedRecording"/>
  <testcase name="loadPage" time="3.290" classname="com.automation.main.TestCase15660TryToCopyFailedRecording"/>
</testsuite> <!-- com.automation.main.TestCase15660TryToCopyFailedRecording -->
