<?xml version="1.0" encoding="UTF-8"?>
<!-- Generated by org.testng.reporters.JUnitReportReporter -->
<testsuite hostname="QA-2-Win8_1-64" name="com.automation.main.TestCaseTryToCopyFromPastCourseToAnotherPastCourseToItself" tests="2" failures="0" timestamp="25 Jan 2016 09:43:39 GMT" time="25.427" errors="0">
  <testcase name="loadPage" time="3.752" classname="com.automation.main.TestCaseTryToCopyFromPastCourseToAnotherPastCourseToItself"/>
  <testcase name="loginCourses" time="21.675" classname="com.automation.main.TestCaseTryToCopyFromPastCourseToAnotherPastCourseToItself"/>
</testsuite> <!-- com.automation.main.TestCaseTryToCopyFromPastCourseToAnotherPastCourseToItself -->
