<?xml version="1.0" encoding="UTF-8"?>
<!-- Generated by org.testng.reporters.JUnitReportReporter -->
<testsuite hostname="QA-2-Win8_1-64" name="com.automation.main.TestCaseTryToMoveRecordingWhileItIsBeingMoved" tests="2" failures="0" timestamp="26 Jan 2016 15:46:30 GMT" time="39.287" errors="0">
  <testcase name="loginCourses" time="35.711" classname="com.automation.main.TestCaseTryToMoveRecordingWhileItIsBeingMoved"/>
  <testcase name="loadPage" time="3.576" classname="com.automation.main.TestCaseTryToMoveRecordingWhileItIsBeingMoved"/>
</testsuite> <!-- com.automation.main.TestCaseTryToMoveRecordingWhileItIsBeingMoved -->
