<?xml version="1.0" encoding="UTF-8"?>
<!-- Generated by org.testng.reporters.JUnitReportReporter -->
<testsuite hostname="Kosta-W10-64" name="com.automation.main.PreTestCreateDynamicCourse" tests="3" failures="0" timestamp="21 Feb 2016 12:16:01 GMT" time="60.041" errors="0">
  <testcase name="testME" time="0.019" classname="com.automation.main.PreTestCreateDynamicCourse"/>
  <testcase name="loadPage" time="3.804" classname="com.automation.main.PreTestCreateDynamicCourse"/>
  <testcase name="loginCourses" time="56.218" classname="com.automation.main.PreTestCreateDynamicCourse"/>
</testsuite> <!-- com.automation.main.PreTestCreateDynamicCourse -->
